<?xml version="1.0" encoding="utf-8"?>
<CoverageSession xmlns:xsd="http://www.w3.org/2001/XMLSchema" xmlns:xsi="http://www.w3.org/2001/XMLSchema-instance" Version="4.7.922.0">
  <Summary numSequencePoints="562" visitedSequencePoints="439" numBranchPoints="293" visitedBranchPoints="201" sequenceCoverage="78.11" branchCoverage="68.60" maxCyclomaticComplexity="12" minCyclomaticComplexity="1" maxCrapScore="20" minCrapScore="1" visitedClasses="23" numClasses="36" visitedMethods="105" numMethods="145" />
  <Modules>
    <Module skippedDueTo="Filter" hash="9A-E6-DA-BB-7D-11-9E-EA-1E-52-33-F2-BE-98-32-8A-A8-E1-55-C1">
      <ModulePath>C:\Windows\Microsoft.Net\assembly\GAC_64\mscorlib\v4.0_4.0.0.0__b77a5c561934e089\mscorlib.dll</ModulePath>
      <ModuleTime>2020-05-11T05:37:33.4779253Z</ModuleTime>
      <ModuleName>mscorlib</ModuleName>
      <Classes />
    </Module>
    <Module skippedDueTo="Filter" hash="C8-F3-38-D6-B9-2E-84-01-FA-BE-3C-09-B1-75-54-32-D4-03-5A-5D">
      <ModulePath>C:\$Programming\C# Projects\OpenCollections\packages\xunit.runner.console.2.4.1\tools\net471\xunit.console.exe</ModulePath>
      <ModuleTime>2018-10-29T08:17:04Z</ModuleTime>
      <ModuleName>xunit.console</ModuleName>
      <Classes />
    </Module>
    <Module skippedDueTo="Filter" hash="DB-B1-0F-EF-1F-20-D0-12-88-88-F1-4E-94-B2-71-70-0B-9B-57-12">
      <ModulePath>C:\$Programming\C# Projects\OpenCollections\packages\xunit.runner.console.2.4.1\tools\net471\xunit.abstractions.dll</ModulePath>
      <ModuleTime>2018-10-29T08:17:04Z</ModuleTime>
      <ModuleName>xunit.abstractions</ModuleName>
      <Classes />
    </Module>
    <Module skippedDueTo="Filter" hash="03-8C-28-FF-B1-AD-98-09-DB-C2-77-9C-30-0B-76-C3-52-AE-19-2E">
      <ModulePath>C:\Windows\Microsoft.Net\assembly\GAC_MSIL\System.Core\v4.0_4.0.0.0__b77a5c561934e089\System.Core.dll</ModulePath>
      <ModuleTime>2020-05-11T05:37:33.4310463Z</ModuleTime>
      <ModuleName>System.Core</ModuleName>
      <Classes />
    </Module>
    <Module skippedDueTo="Filter" hash="70-22-21-D3-33-43-68-3A-F4-65-F5-09-91-41-78-3E-89-E1-21-66">
      <ModulePath>C:\$Programming\C# Projects\OpenCollections\packages\xunit.runner.console.2.4.1\tools\net471\xunit.runner.utility.net452.dll</ModulePath>
      <ModuleTime>2018-10-29T08:17:04Z</ModuleTime>
      <ModuleName>xunit.runner.utility.net452</ModuleName>
      <Classes />
    </Module>
    <Module skippedDueTo="Filter" hash="BC-8F-72-01-C7-65-2C-A9-C2-07-20-60-02-A7-E6-1D-8F-BC-49-D8">
      <ModulePath>C:\Windows\Microsoft.Net\assembly\GAC_MSIL\System\v4.0_4.0.0.0__b77a5c561934e089\System.dll</ModulePath>
      <ModuleTime>2019-12-07T09:10:36.0705812Z</ModuleTime>
      <ModuleName>System</ModuleName>
      <Classes />
    </Module>
    <Module skippedDueTo="Filter" hash="76-4F-F2-57-05-34-3B-14-F0-74-D8-74-52-87-6D-06-AD-25-14-77">
      <ModulePath>C:\Windows\Microsoft.Net\assembly\GAC_MSIL\System.Xml.Linq\v4.0_4.0.0.0__b77a5c561934e089\System.Xml.Linq.dll</ModulePath>
      <ModuleTime>2019-12-07T09:10:35.962301Z</ModuleTime>
      <ModuleName>System.Xml.Linq</ModuleName>
      <Classes />
    </Module>
    <Module skippedDueTo="Filter" hash="DA-72-DA-8C-56-D2-30-3A-A5-9C-B3-A9-A9-6F-D8-2F-60-43-B5-A9">
      <ModulePath>C:\Windows\Microsoft.Net\assembly\GAC_MSIL\System.Xml\v4.0_4.0.0.0__b77a5c561934e089\System.Xml.dll</ModulePath>
      <ModuleTime>2019-12-07T09:10:37.7737543Z</ModuleTime>
      <ModuleName>System.Xml</ModuleName>
      <Classes />
    </Module>
    <Module skippedDueTo="Filter" hash="43-03-4A-58-14-F0-5C-D1-77-C9-18-CE-10-C9-D4-50-F3-CD-79-39">
      <ModulePath>C:\Windows\Microsoft.Net\assembly\GAC_MSIL\System.Configuration\v4.0_4.0.0.0__b03f5f7f11d50a3a\System.Configuration.dll</ModulePath>
      <ModuleTime>2019-12-07T09:10:35.9925361Z</ModuleTime>
      <ModuleName>System.Configuration</ModuleName>
      <Classes />
    </Module>
    <Module skippedDueTo="Filter" hash="DE-2A-13-57-A5-14-73-B5-4E-6E-CB-DB-4B-E7-F0-E2-A9-56-43-F3">
      <ModulePath>C:\$Programming\C# Projects\OpenCollections\packages\xunit.runner.console.2.4.1\tools\net471\xunit.runner.reporters.net452.dll</ModulePath>
      <ModuleTime>2018-10-29T08:17:04Z</ModuleTime>
      <ModuleName>xunit.runner.reporters.net452</ModuleName>
      <Classes />
    </Module>
    <Module skippedDueTo="Filter" hash="D8-5A-64-50-BA-E0-BC-F9-C8-0F-49-8A-49-BF-60-C5-56-67-43-86">
      <ModulePath>C:\Windows\Microsoft.Net\assembly\GAC_MSIL\System.Net.Http\v4.0_4.0.0.0__b03f5f7f11d50a3a\System.Net.Http.dll</ModulePath>
      <ModuleTime>2019-12-07T09:10:37.7585321Z</ModuleTime>
      <ModuleName>System.Net.Http</ModuleName>
      <Classes />
    </Module>
    <Module skippedDueTo="Filter" hash="FD-12-A9-70-D5-24-6F-78-9D-5D-D4-52-2E-10-4F-15-8E-89-84-95">
      <ModulePath>C:\Windows\Microsoft.Net\assembly\GAC_64\System.Web\v4.0_4.0.0.0__b03f5f7f11d50a3a\System.Web.dll</ModulePath>
      <ModuleTime>2019-12-07T09:10:37.7893482Z</ModuleTime>
      <ModuleName>System.Web</ModuleName>
      <Classes />
    </Module>
    <Module skippedDueTo="Filter" hash="70-22-21-D3-33-43-68-3A-F4-65-F5-09-91-41-78-3E-89-E1-21-66">
      <ModulePath>C:\Users\user\AppData\Local\Temp\68fca604-409a-4122-9bb6-d54003428a44\68fca604-409a-4122-9bb6-d54003428a44\assembly\dl3\dd09bae8\00804bc6_5f6fd401\xunit.runner.utility.net452.dll</ModulePath>
      <ModuleTime>2021-02-18T16:57:38.044107Z</ModuleTime>
      <ModuleName>xunit.runner.utility.net452</ModuleName>
      <Classes />
    </Module>
    <Module skippedDueTo="Filter" hash="03-8C-28-FF-B1-AD-98-09-DB-C2-77-9C-30-0B-76-C3-52-AE-19-2E">
      <ModulePath>C:\Windows\Microsoft.Net\assembly\GAC_MSIL\System.Core\v4.0_4.0.0.0__b77a5c561934e089\System.Core.dll</ModulePath>
      <ModuleTime>2020-05-11T05:37:33.4310463Z</ModuleTime>
      <ModuleName>System.Core</ModuleName>
      <Classes />
    </Module>
    <Module skippedDueTo="Filter" hash="BC-8F-72-01-C7-65-2C-A9-C2-07-20-60-02-A7-E6-1D-8F-BC-49-D8">
      <ModulePath>C:\Windows\Microsoft.Net\assembly\GAC_MSIL\System\v4.0_4.0.0.0__b77a5c561934e089\System.dll</ModulePath>
      <ModuleTime>2019-12-07T09:10:36.0705812Z</ModuleTime>
      <ModuleName>System</ModuleName>
      <Classes />
    </Module>
    <Module skippedDueTo="Filter" hash="">
      <ModulePath>RefEmit_InMemoryManifestModule</ModulePath>
      <ModuleTime>0001-01-01T00:00:00</ModuleTime>
      <ModuleName>Anonymously Hosted DynamicMethods Assembly</ModuleName>
      <Classes />
    </Module>
    <Module skippedDueTo="Filter" hash="9F-97-6A-2B-B0-D8-64-FC-A8-3F-C1-94-C2-72-06-B7-16-EF-90-3E">
      <ModulePath>C:\$Programming\C# Projects\OpenCollections\OpenCollections.Test\bin\Debug\OpenCollections.Test.dll</ModulePath>
      <ModuleTime>2021-02-18T16:41:34.9778001Z</ModuleTime>
      <ModuleName>OpenCollections.Test</ModuleName>
      <Classes />
    </Module>
    <Module skippedDueTo="Filter" hash="70-22-21-D3-33-43-68-3A-F4-65-F5-09-91-41-78-3E-89-E1-21-66">
      <ModulePath>C:\$Programming\C# Projects\OpenCollections\packages\xunit.runner.console.2.4.1\tools\net471\xunit.runner.utility.net452.dll</ModulePath>
      <ModuleTime>2018-10-29T08:17:04Z</ModuleTime>
      <ModuleName>xunit.runner.utility.net452</ModuleName>
      <Classes />
    </Module>
    <Module skippedDueTo="Filter" hash="C8-F9-F4-C9-4C-CD-C7-CE-2C-FD-53-BB-6A-9B-BE-4F-D2-FF-07-AF">
      <ModulePath>C:\$Programming\C# Projects\OpenCollections\OpenCollections.Test\bin\Debug\xunit.abstractions.dll</ModulePath>
      <ModuleTime>2018-08-25T23:54:14Z</ModuleTime>
      <ModuleName>xunit.abstractions</ModuleName>
      <Classes />
    </Module>
    <Module skippedDueTo="Filter" hash="1D-38-FA-64-8C-19-3B-5A-2F-20-D8-11-BB-40-9E-11-85-D9-1B-CD">
      <ModulePath>C:\$Programming\C# Projects\OpenCollections\OpenCollections.Test\bin\Debug\xunit.execution.desktop.dll</ModulePath>
      <ModuleTime>2018-10-29T08:17:00Z</ModuleTime>
      <ModuleName>xunit.execution.desktop</ModuleName>
      <Classes />
    </Module>
    <Module skippedDueTo="Filter" hash="A9-B8-38-52-F8-47-F1-F7-B1-42-BD-5D-0D-13-50-FA-8A-F5-08-DC">
      <ModulePath>C:\Windows\Microsoft.Net\assembly\GAC_MSIL\System.Reflection\v4.0_4.0.0.0__b03f5f7f11d50a3a\System.Reflection.dll</ModulePath>
      <ModuleTime>2019-12-07T09:10:36.0237545Z</ModuleTime>
      <ModuleName>System.Reflection</ModuleName>
      <Classes />
    </Module>
    <Module skippedDueTo="Filter" hash="69-5D-5D-9B-F7-23-8F-39-AB-08-BC-FE-2D-BB-F7-A6-09-5F-62-AF">
      <ModulePath>C:\Windows\Microsoft.Net\assembly\GAC_MSIL\System.Runtime\v4.0_4.0.0.0__b03f5f7f11d50a3a\System.Runtime.dll</ModulePath>
      <ModuleTime>2019-12-07T09:10:34.4923358Z</ModuleTime>
      <ModuleName>System.Runtime</ModuleName>
      <Classes />
    </Module>
    <Module skippedDueTo="Filter" hash="BC-8F-72-01-C7-65-2C-A9-C2-07-20-60-02-A7-E6-1D-8F-BC-49-D8">
      <ModulePath>C:\Windows\Microsoft.Net\assembly\GAC_MSIL\System\v4.0_4.0.0.0__b77a5c561934e089\System.dll</ModulePath>
      <ModuleTime>2019-12-07T09:10:36.0705812Z</ModuleTime>
      <ModuleName>System</ModuleName>
      <Classes />
    </Module>
    <Module skippedDueTo="Filter" hash="9F-97-6A-2B-B0-D8-64-FC-A8-3F-C1-94-C2-72-06-B7-16-EF-90-3E">
      <ModulePath>C:\$Programming\C# Projects\OpenCollections\OpenCollections.Test\bin\Debug\OpenCollections.Test.dll</ModulePath>
      <ModuleTime>2021-02-18T16:41:34.9778001Z</ModuleTime>
      <ModuleName>OpenCollections.Test</ModuleName>
      <Classes />
    </Module>
    <Module skippedDueTo="Filter" hash="79-E9-77-F0-08-D2-82-51-77-30-65-08-45-E3-D4-2B-70-CA-4C-65">
      <ModulePath>C:\$Programming\C# Projects\OpenCollections\OpenCollections.Test\bin\Debug\xunit.runner.utility.net452.dll</ModulePath>
      <ModuleTime>2018-10-29T08:17:10Z</ModuleTime>
      <ModuleName>xunit.runner.utility.net452</ModuleName>
      <Classes />
    </Module>
    <Module skippedDueTo="Filter" hash="C8-F3-38-D6-B9-2E-84-01-FA-BE-3C-09-B1-75-54-32-D4-03-5A-5D">
      <ModulePath>C:\$Programming\C# Projects\OpenCollections\packages\xunit.runner.console.2.4.1\tools\net471\xunit.console.exe</ModulePath>
      <ModuleTime>2018-10-29T08:17:04Z</ModuleTime>
      <ModuleName>xunit.console</ModuleName>
      <Classes />
    </Module>
    <Module skippedDueTo="Filter" hash="EC-C0-2D-AD-FC-F0-70-BA-BC-F3-D2-B5-83-9B-3E-CD-9E-91-10-AA">
      <ModulePath>C:\$Programming\C# Projects\OpenCollections\OpenCollections.Test\bin\Debug\xunit.core.dll</ModulePath>
      <ModuleTime>2018-10-29T08:16:58Z</ModuleTime>
      <ModuleName>xunit.core</ModuleName>
      <Classes />
    </Module>
    <Module skippedDueTo="Filter" hash="03-8C-28-FF-B1-AD-98-09-DB-C2-77-9C-30-0B-76-C3-52-AE-19-2E">
      <ModulePath>C:\Windows\Microsoft.Net\assembly\GAC_MSIL\System.Core\v4.0_4.0.0.0__b77a5c561934e089\System.Core.dll</ModulePath>
      <ModuleTime>2020-05-11T05:37:33.4310463Z</ModuleTime>
      <ModuleName>System.Core</ModuleName>
      <Classes />
    </Module>
    <Module skippedDueTo="Filter" hash="72-01-26-F0-DD-DC-BB-57-6E-36-5A-54-E1-F4-B8-CA-68-01-1D-73">
      <ModulePath>C:\Windows\Microsoft.Net\assembly\GAC_MSIL\System.Collections\v4.0_4.0.0.0__b03f5f7f11d50a3a\System.Collections.dll</ModulePath>
      <ModuleTime>2019-12-07T09:10:34.5705678Z</ModuleTime>
      <ModuleName>System.Collections</ModuleName>
      <Classes />
    </Module>
    <Module skippedDueTo="Filter" hash="52-71-A6-6B-DF-88-C9-A4-68-E9-19-B1-05-28-34-DD-EC-DF-A7-B5">
      <ModulePath>C:\Windows\Microsoft.Net\assembly\GAC_MSIL\System.Threading.Tasks\v4.0_4.0.0.0__b03f5f7f11d50a3a\System.Threading.Tasks.dll</ModulePath>
      <ModuleTime>2019-12-07T09:10:34.5705678Z</ModuleTime>
      <ModuleName>System.Threading.Tasks</ModuleName>
      <Classes />
    </Module>
    <Module skippedDueTo="Filter" hash="1D-38-FA-64-8C-19-3B-5A-2F-20-D8-11-BB-40-9E-11-85-D9-1B-CD">
      <ModulePath>C:\$Programming\C# Projects\OpenCollections\OpenCollections.Test\bin\Debug\xunit.execution.desktop.dll</ModulePath>
      <ModuleTime>2018-10-29T08:17:00Z</ModuleTime>
      <ModuleName>xunit.execution.desktop</ModuleName>
      <Classes />
    </Module>
    <Module skippedDueTo="Filter" hash="EC-C0-2D-AD-FC-F0-70-BA-BC-F3-D2-B5-83-9B-3E-CD-9E-91-10-AA">
      <ModulePath>C:\$Programming\C# Projects\OpenCollections\OpenCollections.Test\bin\Debug\xunit.core.dll</ModulePath>
      <ModuleTime>2018-10-29T08:16:58Z</ModuleTime>
      <ModuleName>xunit.core</ModuleName>
      <Classes />
    </Module>
    <Module skippedDueTo="Filter" hash="69-5D-5D-9B-F7-23-8F-39-AB-08-BC-FE-2D-BB-F7-A6-09-5F-62-AF">
      <ModulePath>C:\Windows\Microsoft.Net\assembly\GAC_MSIL\System.Runtime\v4.0_4.0.0.0__b03f5f7f11d50a3a\System.Runtime.dll</ModulePath>
      <ModuleTime>2019-12-07T09:10:34.4923358Z</ModuleTime>
      <ModuleName>System.Runtime</ModuleName>
      <Classes />
    </Module>
    <Module skippedDueTo="Filter" hash="52-71-A6-6B-DF-88-C9-A4-68-E9-19-B1-05-28-34-DD-EC-DF-A7-B5">
      <ModulePath>C:\Windows\Microsoft.Net\assembly\GAC_MSIL\System.Threading.Tasks\v4.0_4.0.0.0__b03f5f7f11d50a3a\System.Threading.Tasks.dll</ModulePath>
      <ModuleTime>2019-12-07T09:10:34.5705678Z</ModuleTime>
      <ModuleName>System.Threading.Tasks</ModuleName>
      <Classes />
    </Module>
    <Module hash="31-A4-DA-58-7E-0B-A4-7C-6A-7D-4E-51-14-A8-EE-B6-45-2D-F7-96">
      <Summary numSequencePoints="562" visitedSequencePoints="439" numBranchPoints="293" visitedBranchPoints="201" sequenceCoverage="78.11" branchCoverage="68.60" maxCyclomaticComplexity="12" minCyclomaticComplexity="1" maxCrapScore="20" minCrapScore="1" visitedClasses="23" numClasses="36" visitedMethods="105" numMethods="145" />
      <ModulePath>C:\$Programming\C# Projects\OpenCollections\OpenCollections.Test\bin\Debug\OpenCollections.dll</ModulePath>
      <ModuleTime>2021-02-18T16:41:30.6686193Z</ModuleTime>
      <ModuleName>OpenCollections</ModuleName>
      <Files>
        <File uid="1" fullPath="C:\$Programming\C# Projects\OpenCollections\Consumers\ConcurrentWriter.cs" />
        <File uid="15" fullPath="C:\$Programming\C# Projects\OpenCollections\Consumers\MultiConcurrentConsumer.cs" />
        <File uid="20" fullPath="C:\$Programming\C# Projects\OpenCollections\Consumers\ConcurrentConsumer.cs" />
        <File uid="24" fullPath="C:\$Programming\C# Projects\OpenCollections\Enumerables\EnumerableMultiReader.cs" />
        <File uid="26" fullPath="C:\$Programming\C# Projects\OpenCollections\Enumerables\EnumerableStreamReader.cs" />
        <File uid="28" fullPath="C:\$Programming\C# Projects\OpenCollections\Helpers\Extensions.cs" />
        <File uid="29" fullPath="C:\$Programming\C# Projects\OpenCollections\Factory.cs" />
        <File uid="31" fullPath="C:\$Programming\C# Projects\OpenCollections\Producers\ConcurrentProducer.cs" />
        <File uid="36" fullPath="C:\$Programming\C# Projects\OpenCollections\Helpers\Consumer.cs" />
      </Files>
      <Classes>
        <Class>
          <Summary numSequencePoints="0" visitedSequencePoints="0" numBranchPoints="0" visitedBranchPoints="0" sequenceCoverage="0" branchCoverage="0" maxCyclomaticComplexity="0" minCyclomaticComplexity="0" maxCrapScore="0" minCrapScore="0" visitedClasses="0" numClasses="0" visitedMethods="0" numMethods="0" />
          <FullName>&lt;Module&gt;</FullName>
          <Methods />
        </Class>
        <Class>
          <Summary numSequencePoints="90" visitedSequencePoints="78" numBranchPoints="53" visitedBranchPoints="38" sequenceCoverage="86.67" branchCoverage="71.70" maxCyclomaticComplexity="12" minCyclomaticComplexity="1" maxCrapScore="12" minCrapScore="1" visitedClasses="1" numClasses="1" visitedMethods="13" numMethods="19" />
          <FullName>OpenCollections.ConcurrentWriter`1</FullName>
          <Methods>
            <Method visited="true" cyclomaticComplexity="1" nPathComplexity="0" sequenceCoverage="100" branchCoverage="100" crapScore="1" isConstructor="false" isStatic="false" isGetter="true" isSetter="false">
              <Summary numSequencePoints="1" visitedSequencePoints="1" numBranchPoints="1" visitedBranchPoints="1" sequenceCoverage="100" branchCoverage="100" maxCyclomaticComplexity="1" minCyclomaticComplexity="1" maxCrapScore="1" minCrapScore="1" visitedClasses="0" numClasses="0" visitedMethods="1" numMethods="1" />
              <MetadataToken>100663297</MetadataToken>
              <Name>System.String OpenCollections.ConcurrentWriter`1::get_Path()</Name>
              <FileRef uid="1" />
              <SequencePoints>
                <SequencePoint vc="9" uspid="1" ordinal="0" offset="0" sl="14" sc="30" el="14" ec="34" bec="0" bev="0" fileid="1" />
              </SequencePoints>
              <BranchPoints />
              <MethodPoint xsi:type="SequencePoint" vc="9" uspid="1" ordinal="0" offset="0" sl="14" sc="30" el="14" ec="34" bec="0" bev="0" fileid="1" />
            </Method>
            <Method visited="true" cyclomaticComplexity="1" nPathComplexity="0" sequenceCoverage="100" branchCoverage="100" crapScore="1" isConstructor="false" isStatic="false" isGetter="true" isSetter="false">
              <Summary numSequencePoints="1" visitedSequencePoints="1" numBranchPoints="1" visitedBranchPoints="1" sequenceCoverage="100" branchCoverage="100" maxCyclomaticComplexity="1" minCyclomaticComplexity="1" maxCrapScore="1" minCrapScore="1" visitedClasses="0" numClasses="0" visitedMethods="1" numMethods="1" />
              <MetadataToken>100663305</MetadataToken>
              <Name>System.Collections.Concurrent.IProducerConsumerCollection`1&lt;T&gt; OpenCollections.ConcurrentWriter`1::get_Collection()</Name>
              <FileRef uid="1" />
              <SequencePoints>
                <SequencePoint vc="2025" uspid="2" ordinal="0" offset="0" sl="31" sc="60" el="31" ec="64" bec="0" bev="0" fileid="1" />
              </SequencePoints>
              <BranchPoints />
              <MethodPoint xsi:type="SequencePoint" vc="2025" uspid="2" ordinal="0" offset="0" sl="31" sc="60" el="31" ec="64" bec="0" bev="0" fileid="1" />
            </Method>
            <Method visited="true" cyclomaticComplexity="1" nPathComplexity="0" sequenceCoverage="100" branchCoverage="100" crapScore="1" isConstructor="false" isStatic="false" isGetter="false" isSetter="true">
              <Summary numSequencePoints="1" visitedSequencePoints="1" numBranchPoints="1" visitedBranchPoints="1" sequenceCoverage="100" branchCoverage="100" maxCyclomaticComplexity="1" minCyclomaticComplexity="1" maxCrapScore="1" minCrapScore="1" visitedClasses="0" numClasses="0" visitedMethods="1" numMethods="1" />
              <MetadataToken>100663306</MetadataToken>
              <Name>System.Void OpenCollections.ConcurrentWriter`1::set_Collection(System.Collections.Concurrent.IProducerConsumerCollection`1&lt;T&gt;)</Name>
              <FileRef uid="1" />
              <SequencePoints>
                <SequencePoint vc="4" uspid="3" ordinal="0" offset="0" sl="31" sc="65" el="31" ec="69" bec="0" bev="0" fileid="1" />
              </SequencePoints>
              <BranchPoints />
              <MethodPoint xsi:type="SequencePoint" vc="4" uspid="3" ordinal="0" offset="0" sl="31" sc="65" el="31" ec="69" bec="0" bev="0" fileid="1" />
            </Method>
            <Method visited="true" cyclomaticComplexity="1" nPathComplexity="0" sequenceCoverage="100" branchCoverage="100" crapScore="1" isConstructor="true" isStatic="false" isGetter="false" isSetter="false">
              <Summary numSequencePoints="5" visitedSequencePoints="5" numBranchPoints="1" visitedBranchPoints="1" sequenceCoverage="100" branchCoverage="100" maxCyclomaticComplexity="1" minCyclomaticComplexity="1" maxCrapScore="1" minCrapScore="1" visitedClasses="0" numClasses="0" visitedMethods="1" numMethods="1" />
              <MetadataToken>100663298</MetadataToken>
              <Name>System.Void OpenCollections.ConcurrentWriter`1::.ctor(System.String)</Name>
              <FileRef uid="1" />
              <SequencePoints>
                <SequencePoint vc="5" uspid="4" ordinal="0" offset="0" sl="31" sc="74" el="31" ec="98" bec="0" bev="0" fileid="1" />
                <SequencePoint vc="5" uspid="5" ordinal="1" offset="11" sl="16" sc="9" el="16" ec="45" bec="0" bev="0" fileid="1" />
                <SequencePoint vc="5" uspid="6" ordinal="2" offset="18" sl="17" sc="9" el="17" ec="10" bec="0" bev="0" fileid="1" />
                <SequencePoint vc="5" uspid="7" ordinal="3" offset="19" sl="18" sc="13" el="18" ec="25" bec="0" bev="0" fileid="1" />
                <SequencePoint vc="5" uspid="8" ordinal="4" offset="26" sl="19" sc="9" el="19" ec="10" bec="0" bev="0" fileid="1" />
              </SequencePoints>
              <BranchPoints />
              <MethodPoint xsi:type="SequencePoint" vc="5" uspid="4" ordinal="0" offset="0" sl="31" sc="74" el="31" ec="98" bec="0" bev="0" fileid="1" />
            </Method>
            <Method visited="false" cyclomaticComplexity="2" nPathComplexity="0" sequenceCoverage="0" branchCoverage="0" crapScore="6" isConstructor="false" isStatic="false" isGetter="false" isSetter="false">
              <Summary numSequencePoints="0" visitedSequencePoints="0" numBranchPoints="0" visitedBranchPoints="0" sequenceCoverage="0" branchCoverage="0" maxCyclomaticComplexity="2" minCyclomaticComplexity="2" maxCrapScore="6" minCrapScore="6" visitedClasses="0" numClasses="0" visitedMethods="0" numMethods="0" />
              <MetadataToken>100663299</MetadataToken>
              <Name>System.Void OpenCollections.ConcurrentWriter`1::add_Finished(System.Action)</Name>
              <SequencePoints />
              <BranchPoints />
              <MethodPoint vc="0" uspid="9" ordinal="0" offset="0" />
            </Method>
            <Method visited="false" cyclomaticComplexity="2" nPathComplexity="0" sequenceCoverage="0" branchCoverage="0" crapScore="6" isConstructor="false" isStatic="false" isGetter="false" isSetter="false">
              <Summary numSequencePoints="0" visitedSequencePoints="0" numBranchPoints="0" visitedBranchPoints="0" sequenceCoverage="0" branchCoverage="0" maxCyclomaticComplexity="2" minCyclomaticComplexity="2" maxCrapScore="6" minCrapScore="6" visitedClasses="0" numClasses="0" visitedMethods="0" numMethods="0" />
              <MetadataToken>100663300</MetadataToken>
              <Name>System.Void OpenCollections.ConcurrentWriter`1::remove_Finished(System.Action)</Name>
              <SequencePoints />
              <BranchPoints />
              <MethodPoint vc="0" uspid="10" ordinal="0" offset="0" />
            </Method>
            <Method visited="false" cyclomaticComplexity="2" nPathComplexity="0" sequenceCoverage="0" branchCoverage="0" crapScore="6" isConstructor="false" isStatic="false" isGetter="false" isSetter="false">
              <Summary numSequencePoints="0" visitedSequencePoints="0" numBranchPoints="0" visitedBranchPoints="0" sequenceCoverage="0" branchCoverage="0" maxCyclomaticComplexity="2" minCyclomaticComplexity="2" maxCrapScore="6" minCrapScore="6" visitedClasses="0" numClasses="0" visitedMethods="0" numMethods="0" />
              <MetadataToken>100663301</MetadataToken>
              <Name>System.Void OpenCollections.ConcurrentWriter`1::add_CollectionChanged(System.Action)</Name>
              <SequencePoints />
              <BranchPoints />
              <MethodPoint vc="0" uspid="11" ordinal="0" offset="0" />
            </Method>
            <Method visited="false" cyclomaticComplexity="2" nPathComplexity="0" sequenceCoverage="0" branchCoverage="0" crapScore="6" isConstructor="false" isStatic="false" isGetter="false" isSetter="false">
              <Summary numSequencePoints="0" visitedSequencePoints="0" numBranchPoints="0" visitedBranchPoints="0" sequenceCoverage="0" branchCoverage="0" maxCyclomaticComplexity="2" minCyclomaticComplexity="2" maxCrapScore="6" minCrapScore="6" visitedClasses="0" numClasses="0" visitedMethods="0" numMethods="0" />
              <MetadataToken>100663302</MetadataToken>
              <Name>System.Void OpenCollections.ConcurrentWriter`1::remove_CollectionChanged(System.Action)</Name>
              <SequencePoints />
              <BranchPoints />
              <MethodPoint vc="0" uspid="12" ordinal="0" offset="0" />
            </Method>
            <Method visited="false" cyclomaticComplexity="2" nPathComplexity="0" sequenceCoverage="0" branchCoverage="0" crapScore="6" isConstructor="false" isStatic="false" isGetter="false" isSetter="false">
              <Summary numSequencePoints="0" visitedSequencePoints="0" numBranchPoints="0" visitedBranchPoints="0" sequenceCoverage="0" branchCoverage="0" maxCyclomaticComplexity="2" minCyclomaticComplexity="2" maxCrapScore="6" minCrapScore="6" visitedClasses="0" numClasses="0" visitedMethods="0" numMethods="0" />
              <MetadataToken>100663303</MetadataToken>
              <Name>System.Void OpenCollections.ConcurrentWriter`1::add_Started(System.Action)</Name>
              <SequencePoints />
              <BranchPoints />
              <MethodPoint vc="0" uspid="13" ordinal="0" offset="0" />
            </Method>
            <Method visited="false" cyclomaticComplexity="2" nPathComplexity="0" sequenceCoverage="0" branchCoverage="0" crapScore="6" isConstructor="false" isStatic="false" isGetter="false" isSetter="false">
              <Summary numSequencePoints="0" visitedSequencePoints="0" numBranchPoints="0" visitedBranchPoints="0" sequenceCoverage="0" branchCoverage="0" maxCyclomaticComplexity="2" minCyclomaticComplexity="2" maxCrapScore="6" minCrapScore="6" visitedClasses="0" numClasses="0" visitedMethods="0" numMethods="0" />
              <MetadataToken>100663304</MetadataToken>
              <Name>System.Void OpenCollections.ConcurrentWriter`1::remove_Started(System.Action)</Name>
              <SequencePoints />
              <BranchPoints />
              <MethodPoint vc="0" uspid="14" ordinal="0" offset="0" />
            </Method>
            <Method visited="false" cyclomaticComplexity="1" nPathComplexity="0" sequenceCoverage="0" branchCoverage="0" crapScore="2" isConstructor="false" isStatic="false" isGetter="false" isSetter="false">
              <Summary numSequencePoints="1" visitedSequencePoints="0" numBranchPoints="1" visitedBranchPoints="0" sequenceCoverage="0" branchCoverage="0" maxCyclomaticComplexity="1" minCyclomaticComplexity="1" maxCrapScore="2" minCrapScore="2" visitedClasses="0" numClasses="0" visitedMethods="0" numMethods="1" />
              <MetadataToken>100663307</MetadataToken>
              <Name>System.Void OpenCollections.ConcurrentWriter`1::Invoke()</Name>
              <FileRef uid="1" />
              <SequencePoints>
                <SequencePoint vc="0" uspid="15" ordinal="0" offset="0" sl="32" sc="33" el="32" ec="45" bec="0" bev="0" fileid="1" />
              </SequencePoints>
              <BranchPoints />
              <MethodPoint xsi:type="SequencePoint" vc="0" uspid="15" ordinal="0" offset="0" sl="32" sc="33" el="32" ec="45" bec="0" bev="0" fileid="1" />
            </Method>
            <Method visited="false" cyclomaticComplexity="1" nPathComplexity="0" sequenceCoverage="0" branchCoverage="0" crapScore="2" isConstructor="false" isStatic="false" isGetter="false" isSetter="false">
              <Summary numSequencePoints="0" visitedSequencePoints="0" numBranchPoints="0" visitedBranchPoints="0" sequenceCoverage="0" branchCoverage="0" maxCyclomaticComplexity="1" minCyclomaticComplexity="1" maxCrapScore="2" minCrapScore="2" visitedClasses="0" numClasses="0" visitedMethods="0" numMethods="0" />
              <MetadataToken>100663308</MetadataToken>
              <Name>System.Threading.Tasks.Task OpenCollections.ConcurrentWriter`1::InvokeAsync()</Name>
              <SequencePoints />
              <BranchPoints />
              <MethodPoint vc="0" uspid="16" ordinal="0" offset="0" />
            </Method>
            <Method visited="false" cyclomaticComplexity="1" nPathComplexity="0" sequenceCoverage="0" branchCoverage="0" crapScore="2" isConstructor="false" isStatic="false" isGetter="false" isSetter="false">
              <Summary numSequencePoints="0" visitedSequencePoints="0" numBranchPoints="0" visitedBranchPoints="0" sequenceCoverage="0" branchCoverage="0" maxCyclomaticComplexity="1" minCyclomaticComplexity="1" maxCrapScore="2" minCrapScore="2" visitedClasses="0" numClasses="0" visitedMethods="0" numMethods="0" />
              <MetadataToken>100663309</MetadataToken>
              <Name>System.Threading.Tasks.Task OpenCollections.ConcurrentWriter`1::WriteLinesAsync()</Name>
              <SequencePoints />
              <BranchPoints />
              <MethodPoint vc="0" uspid="17" ordinal="0" offset="0" />
            </Method>
            <Method visited="false" cyclomaticComplexity="1" nPathComplexity="0" sequenceCoverage="0" branchCoverage="0" crapScore="2" isConstructor="false" isStatic="false" isGetter="false" isSetter="false">
              <Summary numSequencePoints="0" visitedSequencePoints="0" numBranchPoints="0" visitedBranchPoints="0" sequenceCoverage="0" branchCoverage="0" maxCyclomaticComplexity="1" minCyclomaticComplexity="1" maxCrapScore="2" minCrapScore="2" visitedClasses="0" numClasses="0" visitedMethods="0" numMethods="0" />
              <MetadataToken>100663310</MetadataToken>
              <Name>System.Threading.Tasks.Task OpenCollections.ConcurrentWriter`1::WriteLinesAsync(System.Boolean)</Name>
              <SequencePoints />
              <BranchPoints />
              <MethodPoint vc="0" uspid="18" ordinal="0" offset="0" />
            </Method>
            <Method visited="false" cyclomaticComplexity="1" nPathComplexity="0" sequenceCoverage="0" branchCoverage="0" crapScore="2" isConstructor="false" isStatic="false" isGetter="false" isSetter="false">
              <Summary numSequencePoints="0" visitedSequencePoints="0" numBranchPoints="0" visitedBranchPoints="0" sequenceCoverage="0" branchCoverage="0" maxCyclomaticComplexity="1" minCyclomaticComplexity="1" maxCrapScore="2" minCrapScore="2" visitedClasses="0" numClasses="0" visitedMethods="0" numMethods="0" />
              <MetadataToken>100663311</MetadataToken>
              <Name>System.Threading.Tasks.Task OpenCollections.ConcurrentWriter`1::WriteLinesAsync(System.Threading.CancellationToken)</Name>
              <SequencePoints />
              <BranchPoints />
              <MethodPoint vc="0" uspid="19" ordinal="0" offset="0" />
            </Method>
            <Method visited="false" cyclomaticComplexity="1" nPathComplexity="0" sequenceCoverage="0" branchCoverage="0" crapScore="2" isConstructor="false" isStatic="false" isGetter="false" isSetter="false">
              <Summary numSequencePoints="0" visitedSequencePoints="0" numBranchPoints="0" visitedBranchPoints="0" sequenceCoverage="0" branchCoverage="0" maxCyclomaticComplexity="1" minCyclomaticComplexity="1" maxCrapScore="2" minCrapScore="2" visitedClasses="0" numClasses="0" visitedMethods="0" numMethods="0" />
              <MetadataToken>100663312</MetadataToken>
              <Name>System.Threading.Tasks.Task OpenCollections.ConcurrentWriter`1::WriteLinesAsync(System.Boolean,System.Threading.CancellationToken)</Name>
              <SequencePoints />
              <BranchPoints />
              <MethodPoint vc="0" uspid="20" ordinal="0" offset="0" />
            </Method>
            <Method visited="false" cyclomaticComplexity="1" nPathComplexity="0" sequenceCoverage="0" branchCoverage="0" crapScore="2" isConstructor="false" isStatic="false" isGetter="false" isSetter="false">
              <Summary numSequencePoints="0" visitedSequencePoints="0" numBranchPoints="0" visitedBranchPoints="0" sequenceCoverage="0" branchCoverage="0" maxCyclomaticComplexity="1" minCyclomaticComplexity="1" maxCrapScore="2" minCrapScore="2" visitedClasses="0" numClasses="0" visitedMethods="0" numMethods="0" />
              <MetadataToken>100663313</MetadataToken>
              <Name>System.Threading.Tasks.Task OpenCollections.ConcurrentWriter`1::WriteAsync()</Name>
              <SequencePoints />
              <BranchPoints />
              <MethodPoint vc="0" uspid="21" ordinal="0" offset="0" />
            </Method>
            <Method visited="false" cyclomaticComplexity="1" nPathComplexity="0" sequenceCoverage="0" branchCoverage="0" crapScore="2" isConstructor="false" isStatic="false" isGetter="false" isSetter="false">
              <Summary numSequencePoints="0" visitedSequencePoints="0" numBranchPoints="0" visitedBranchPoints="0" sequenceCoverage="0" branchCoverage="0" maxCyclomaticComplexity="1" minCyclomaticComplexity="1" maxCrapScore="2" minCrapScore="2" visitedClasses="0" numClasses="0" visitedMethods="0" numMethods="0" />
              <MetadataToken>100663314</MetadataToken>
              <Name>System.Threading.Tasks.Task OpenCollections.ConcurrentWriter`1::WriteAsync(System.Boolean)</Name>
              <SequencePoints />
              <BranchPoints />
              <MethodPoint vc="0" uspid="22" ordinal="0" offset="0" />
            </Method>
            <Method visited="false" cyclomaticComplexity="1" nPathComplexity="0" sequenceCoverage="0" branchCoverage="0" crapScore="2" isConstructor="false" isStatic="false" isGetter="false" isSetter="false">
              <Summary numSequencePoints="0" visitedSequencePoints="0" numBranchPoints="0" visitedBranchPoints="0" sequenceCoverage="0" branchCoverage="0" maxCyclomaticComplexity="1" minCyclomaticComplexity="1" maxCrapScore="2" minCrapScore="2" visitedClasses="0" numClasses="0" visitedMethods="0" numMethods="0" />
              <MetadataToken>100663315</MetadataToken>
              <Name>System.Threading.Tasks.Task OpenCollections.ConcurrentWriter`1::WriteAsync(System.Threading.CancellationToken)</Name>
              <SequencePoints />
              <BranchPoints />
              <MethodPoint vc="0" uspid="23" ordinal="0" offset="0" />
            </Method>
            <Method visited="false" cyclomaticComplexity="1" nPathComplexity="0" sequenceCoverage="0" branchCoverage="0" crapScore="2" isConstructor="false" isStatic="false" isGetter="false" isSetter="false">
              <Summary numSequencePoints="0" visitedSequencePoints="0" numBranchPoints="0" visitedBranchPoints="0" sequenceCoverage="0" branchCoverage="0" maxCyclomaticComplexity="1" minCyclomaticComplexity="1" maxCrapScore="2" minCrapScore="2" visitedClasses="0" numClasses="0" visitedMethods="0" numMethods="0" />
              <MetadataToken>100663316</MetadataToken>
              <Name>System.Threading.Tasks.Task OpenCollections.ConcurrentWriter`1::WriteAsync(System.Boolean,System.Threading.CancellationToken)</Name>
              <SequencePoints />
              <BranchPoints />
              <MethodPoint vc="0" uspid="24" ordinal="0" offset="0" />
            </Method>
            <Method visited="false" cyclomaticComplexity="1" nPathComplexity="0" sequenceCoverage="0" branchCoverage="0" crapScore="2" isConstructor="false" isStatic="false" isGetter="false" isSetter="false">
              <Summary numSequencePoints="3" visitedSequencePoints="0" numBranchPoints="1" visitedBranchPoints="0" sequenceCoverage="0" branchCoverage="0" maxCyclomaticComplexity="1" minCyclomaticComplexity="1" maxCrapScore="2" minCrapScore="2" visitedClasses="0" numClasses="0" visitedMethods="0" numMethods="1" />
              <MetadataToken>100663317</MetadataToken>
              <Name>System.Void OpenCollections.ConcurrentWriter`1::WriteLines()</Name>
              <FileRef uid="1" />
              <SequencePoints>
                <SequencePoint vc="0" uspid="25" ordinal="0" offset="0" sl="93" sc="9" el="93" ec="10" bec="0" bev="0" fileid="1" />
                <SequencePoint vc="0" uspid="26" ordinal="1" offset="1" sl="94" sc="13" el="94" ec="36" bec="0" bev="0" fileid="1" />
                <SequencePoint vc="0" uspid="27" ordinal="2" offset="10" sl="95" sc="9" el="95" ec="10" bec="0" bev="0" fileid="1" />
              </SequencePoints>
              <BranchPoints />
              <MethodPoint xsi:type="SequencePoint" vc="0" uspid="25" ordinal="0" offset="0" sl="93" sc="9" el="93" ec="10" bec="0" bev="0" fileid="1" />
            </Method>
            <Method visited="true" cyclomaticComplexity="1" nPathComplexity="0" sequenceCoverage="100" branchCoverage="100" crapScore="1" isConstructor="false" isStatic="false" isGetter="false" isSetter="false">
              <Summary numSequencePoints="3" visitedSequencePoints="3" numBranchPoints="1" visitedBranchPoints="1" sequenceCoverage="100" branchCoverage="100" maxCyclomaticComplexity="1" minCyclomaticComplexity="1" maxCrapScore="1" minCrapScore="1" visitedClasses="0" numClasses="0" visitedMethods="1" numMethods="1" />
              <MetadataToken>100663318</MetadataToken>
              <Name>System.Void OpenCollections.ConcurrentWriter`1::WriteLines(System.Boolean)</Name>
              <FileRef uid="1" />
              <SequencePoints>
                <SequencePoint vc="3" uspid="28" ordinal="0" offset="0" sl="98" sc="9" el="98" ec="10" bec="0" bev="0" fileid="1" />
                <SequencePoint vc="3" uspid="29" ordinal="1" offset="1" sl="99" sc="13" el="99" ec="42" bec="0" bev="0" fileid="1" />
                <SequencePoint vc="2" uspid="30" ordinal="2" offset="10" sl="100" sc="9" el="100" ec="10" bec="0" bev="0" fileid="1" />
              </SequencePoints>
              <BranchPoints />
              <MethodPoint xsi:type="SequencePoint" vc="3" uspid="28" ordinal="0" offset="0" sl="98" sc="9" el="98" ec="10" bec="0" bev="0" fileid="1" />
            </Method>
            <Method visited="true" cyclomaticComplexity="1" nPathComplexity="0" sequenceCoverage="100" branchCoverage="100" crapScore="1" isConstructor="false" isStatic="false" isGetter="false" isSetter="false">
              <Summary numSequencePoints="3" visitedSequencePoints="3" numBranchPoints="1" visitedBranchPoints="1" sequenceCoverage="100" branchCoverage="100" maxCyclomaticComplexity="1" minCyclomaticComplexity="1" maxCrapScore="1" minCrapScore="1" visitedClasses="0" numClasses="0" visitedMethods="1" numMethods="1" />
              <MetadataToken>100663319</MetadataToken>
              <Name>System.Void OpenCollections.ConcurrentWriter`1::Write()</Name>
              <FileRef uid="1" />
              <SequencePoints>
                <SequencePoint vc="1" uspid="31" ordinal="0" offset="0" sl="103" sc="9" el="103" ec="10" bec="0" bev="0" fileid="1" />
                <SequencePoint vc="1" uspid="32" ordinal="1" offset="1" sl="104" sc="13" el="104" ec="53" bec="0" bev="0" fileid="1" />
                <SequencePoint vc="1" uspid="33" ordinal="2" offset="10" sl="105" sc="9" el="105" ec="10" bec="0" bev="0" fileid="1" />
              </SequencePoints>
              <BranchPoints />
              <MethodPoint xsi:type="SequencePoint" vc="1" uspid="31" ordinal="0" offset="0" sl="103" sc="9" el="103" ec="10" bec="0" bev="0" fileid="1" />
            </Method>
            <Method visited="false" cyclomaticComplexity="1" nPathComplexity="0" sequenceCoverage="0" branchCoverage="0" crapScore="2" isConstructor="false" isStatic="false" isGetter="false" isSetter="false">
              <Summary numSequencePoints="3" visitedSequencePoints="0" numBranchPoints="1" visitedBranchPoints="0" sequenceCoverage="0" branchCoverage="0" maxCyclomaticComplexity="1" minCyclomaticComplexity="1" maxCrapScore="2" minCrapScore="2" visitedClasses="0" numClasses="0" visitedMethods="0" numMethods="1" />
              <MetadataToken>100663320</MetadataToken>
              <Name>System.Void OpenCollections.ConcurrentWriter`1::Write(System.Boolean)</Name>
              <FileRef uid="1" />
              <SequencePoints>
                <SequencePoint vc="0" uspid="34" ordinal="0" offset="0" sl="108" sc="9" el="108" ec="10" bec="0" bev="0" fileid="1" />
                <SequencePoint vc="0" uspid="35" ordinal="1" offset="1" sl="109" sc="13" el="109" ec="61" bec="0" bev="0" fileid="1" />
                <SequencePoint vc="0" uspid="36" ordinal="2" offset="10" sl="110" sc="9" el="110" ec="10" bec="0" bev="0" fileid="1" />
              </SequencePoints>
              <BranchPoints />
              <MethodPoint xsi:type="SequencePoint" vc="0" uspid="34" ordinal="0" offset="0" sl="108" sc="9" el="108" ec="10" bec="0" bev="0" fileid="1" />
            </Method>
            <Method visited="true" cyclomaticComplexity="12" nPathComplexity="1024" sequenceCoverage="100" branchCoverage="71.43" crapScore="12" isConstructor="false" isStatic="false" isGetter="false" isSetter="false">
              <Summary numSequencePoints="32" visitedSequencePoints="32" numBranchPoints="21" visitedBranchPoints="15" sequenceCoverage="100" branchCoverage="71.43" maxCyclomaticComplexity="12" minCyclomaticComplexity="12" maxCrapScore="12" minCrapScore="12" visitedClasses="0" numClasses="0" visitedMethods="1" numMethods="1" />
              <MetadataToken>100663321</MetadataToken>
              <Name>System.Void OpenCollections.ConcurrentWriter`1::ConsumeLinesAndWrite(System.Boolean,System.Boolean)</Name>
              <FileRef uid="1" />
              <SequencePoints>
                <SequencePoint vc="4" uspid="37" ordinal="0" offset="0" sl="113" sc="9" el="113" ec="10" bec="0" bev="0" fileid="1" />
                <SequencePoint vc="4" uspid="38" ordinal="1" offset="1" sl="114" sc="13" el="114" ec="33" bec="2" bev="2" fileid="1" />
                <SequencePoint vc="3" uspid="39" ordinal="2" offset="9" sl="115" sc="13" el="115" ec="14" bec="0" bev="0" fileid="1" />
                <SequencePoint vc="3" uspid="40" ordinal="3" offset="10" sl="116" sc="17" el="116" ec="33" bec="0" bev="0" fileid="1" />
                <SequencePoint vc="3" uspid="41" ordinal="4" offset="17" sl="117" sc="13" el="117" ec="14" bec="0" bev="0" fileid="1" />
                <SequencePoint vc="4" uspid="42" ordinal="5" offset="18" sl="119" sc="13" el="119" ec="51" bec="0" bev="0" fileid="1" />
                <SequencePoint vc="3" uspid="43" ordinal="6" offset="39" sl="120" sc="13" el="120" ec="14" bec="0" bev="0" fileid="1" />
                <SequencePoint vc="3" uspid="44" ordinal="7" offset="40" sl="121" sc="17" el="121" ec="35" bec="2" bev="1" fileid="1" />
                <SequencePoint vc="3" uspid="45" ordinal="8" offset="58" sl="124" sc="17" el="124" ec="32" bec="2" bev="2" fileid="1" />
                <SequencePoint vc="2" uspid="46" ordinal="9" offset="63" sl="125" sc="17" el="125" ec="18" bec="0" bev="0" fileid="1" />
                <SequencePoint vc="1000" uspid="47" ordinal="10" offset="66" sl="127" sc="21" el="127" ec="22" bec="0" bev="0" fileid="1" />
                <SequencePoint vc="1000" uspid="48" ordinal="11" offset="67" sl="130" sc="25" el="130" ec="58" bec="2" bev="1" fileid="1" />
                <SequencePoint vc="1000" uspid="49" ordinal="12" offset="86" sl="131" sc="25" el="131" ec="26" bec="0" bev="0" fileid="1" />
                <SequencePoint vc="1000" uspid="50" ordinal="13" offset="87" sl="132" sc="29" el="132" ec="57" bec="2" bev="1" fileid="1" />
                <SequencePoint vc="1000" uspid="51" ordinal="14" offset="105" sl="134" sc="29" el="134" ec="52" bec="0" bev="0" fileid="1" />
                <SequencePoint vc="1000" uspid="52" ordinal="15" offset="124" sl="135" sc="25" el="135" ec="26" bec="0" bev="0" fileid="1" />
                <SequencePoint vc="1000" uspid="53" ordinal="16" offset="125" sl="136" sc="21" el="136" ec="22" bec="0" bev="0" fileid="1" />
                <SequencePoint vc="1002" uspid="54" ordinal="17" offset="126" sl="126" sc="21" el="126" ec="51" bec="2" bev="2" fileid="1" />
                <SequencePoint vc="2" uspid="55" ordinal="18" offset="146" sl="137" sc="17" el="137" ec="18" bec="0" bev="0" fileid="1" />
                <SequencePoint vc="1" uspid="56" ordinal="19" offset="149" sl="139" sc="17" el="139" ec="18" bec="0" bev="0" fileid="1" />
                <SequencePoint vc="10" uspid="57" ordinal="20" offset="152" sl="141" sc="21" el="141" ec="22" bec="0" bev="0" fileid="1" />
                <SequencePoint vc="10" uspid="58" ordinal="21" offset="153" sl="144" sc="25" el="144" ec="58" bec="2" bev="1" fileid="1" />
                <SequencePoint vc="10" uspid="59" ordinal="22" offset="172" sl="145" sc="25" el="145" ec="26" bec="0" bev="0" fileid="1" />
                <SequencePoint vc="10" uspid="60" ordinal="23" offset="173" sl="146" sc="29" el="146" ec="57" bec="2" bev="1" fileid="1" />
                <SequencePoint vc="10" uspid="61" ordinal="24" offset="191" sl="148" sc="29" el="148" ec="48" bec="0" bev="0" fileid="1" />
                <SequencePoint vc="10" uspid="62" ordinal="25" offset="210" sl="149" sc="25" el="149" ec="26" bec="0" bev="0" fileid="1" />
                <SequencePoint vc="10" uspid="63" ordinal="26" offset="211" sl="150" sc="21" el="150" ec="22" bec="0" bev="0" fileid="1" />
                <SequencePoint vc="11" uspid="64" ordinal="27" offset="212" sl="140" sc="21" el="140" ec="51" bec="2" bev="2" fileid="1" />
                <SequencePoint vc="1" uspid="65" ordinal="28" offset="232" sl="151" sc="17" el="151" ec="18" bec="0" bev="0" fileid="1" />
                <SequencePoint vc="3" uspid="66" ordinal="29" offset="233" sl="152" sc="13" el="152" ec="14" bec="0" bev="0" fileid="1" />
                <SequencePoint vc="3" uspid="67" ordinal="30" offset="247" sl="154" sc="13" el="154" ec="32" bec="2" bev="1" fileid="1" />
                <SequencePoint vc="3" uspid="68" ordinal="31" offset="265" sl="155" sc="9" el="155" ec="10" bec="0" bev="0" fileid="1" />
              </SequencePoints>
              <BranchPoints>
                <BranchPoint vc="3" uspid="69" ordinal="0" offset="7" sl="114" path="0" offsetend="9" fileid="1" />
                <BranchPoint vc="1" uspid="70" ordinal="1" offset="7" sl="114" path="1" offsetend="18" fileid="1" />
                <BranchPoint vc="3" uspid="71" ordinal="2" offset="47" sl="121" path="0" offsetend="49" fileid="1" />
                <BranchPoint vc="0" uspid="72" ordinal="3" offset="47" sl="121" path="1" offsetend="52" fileid="1" />
                <BranchPoint vc="2" uspid="73" ordinal="4" offset="61" sl="124" path="0" offsetend="63" fileid="1" />
                <BranchPoint vc="1" uspid="74" ordinal="5" offset="61" sl="124" path="1" offsetend="149" fileid="1" />
                <BranchPoint vc="1000" uspid="75" ordinal="6" offset="84" sl="130" path="0" offsetend="86" fileid="1" />
                <BranchPoint vc="0" uspid="76" ordinal="7" offset="84" sl="130" path="1" offsetend="125" fileid="1" />
                <BranchPoint vc="1000" uspid="77" ordinal="8" offset="94" sl="132" path="0" offsetend="96" fileid="1" />
                <BranchPoint vc="0" uspid="78" ordinal="9" offset="94" sl="132" path="1" offsetend="99" fileid="1" />
                <BranchPoint vc="2" uspid="79" ordinal="10" offset="144" sl="126" path="0" offsetend="146" fileid="1" />
                <BranchPoint vc="1000" uspid="80" ordinal="11" offset="144" sl="126" path="1" offsetend="66" fileid="1" />
                <BranchPoint vc="10" uspid="81" ordinal="12" offset="170" sl="144" path="0" offsetend="172" fileid="1" />
                <BranchPoint vc="0" uspid="82" ordinal="13" offset="170" sl="144" path="1" offsetend="211" fileid="1" />
                <BranchPoint vc="10" uspid="83" ordinal="14" offset="180" sl="146" path="0" offsetend="182" fileid="1" />
                <BranchPoint vc="0" uspid="84" ordinal="15" offset="180" sl="146" path="1" offsetend="185" fileid="1" />
                <BranchPoint vc="1" uspid="85" ordinal="16" offset="230" sl="140" path="0" offsetend="232" fileid="1" />
                <BranchPoint vc="10" uspid="86" ordinal="17" offset="230" sl="140" path="1" offsetend="152" fileid="1" />
                <BranchPoint vc="3" uspid="87" ordinal="18" offset="254" sl="154" path="0" offsetend="256" fileid="1" />
                <BranchPoint vc="0" uspid="88" ordinal="19" offset="254" sl="154" path="1" offsetend="259" fileid="1" />
              </BranchPoints>
              <MethodPoint xsi:type="SequencePoint" vc="4" uspid="37" ordinal="0" offset="0" sl="113" sc="9" el="113" ec="10" bec="0" bev="0" fileid="1" />
            </Method>
            <Method visited="true" cyclomaticComplexity="2" nPathComplexity="2" sequenceCoverage="100" branchCoverage="100" crapScore="2" isConstructor="false" isStatic="false" isGetter="false" isSetter="false">
              <Summary numSequencePoints="6" visitedSequencePoints="6" numBranchPoints="3" visitedBranchPoints="3" sequenceCoverage="100" branchCoverage="100" maxCyclomaticComplexity="2" minCyclomaticComplexity="2" maxCrapScore="2" minCrapScore="2" visitedClasses="0" numClasses="0" visitedMethods="1" numMethods="1" />
              <MetadataToken>100663322</MetadataToken>
              <Name>System.Void OpenCollections.ConcurrentWriter`1::CreateNewFile()</Name>
              <FileRef uid="1" />
              <SequencePoints>
                <SequencePoint vc="3" uspid="89" ordinal="0" offset="0" sl="158" sc="9" el="158" ec="10" bec="0" bev="0" fileid="1" />
                <SequencePoint vc="3" uspid="90" ordinal="1" offset="1" sl="159" sc="13" el="159" ec="35" bec="2" bev="2" fileid="1" />
                <SequencePoint vc="2" uspid="91" ordinal="2" offset="16" sl="160" sc="13" el="160" ec="14" bec="0" bev="0" fileid="1" />
                <SequencePoint vc="2" uspid="92" ordinal="3" offset="17" sl="161" sc="17" el="161" ec="35" bec="0" bev="0" fileid="1" />
                <SequencePoint vc="2" uspid="93" ordinal="4" offset="29" sl="162" sc="13" el="162" ec="14" bec="0" bev="0" fileid="1" />
                <SequencePoint vc="3" uspid="94" ordinal="5" offset="30" sl="163" sc="9" el="163" ec="10" bec="0" bev="0" fileid="1" />
              </SequencePoints>
              <BranchPoints>
                <BranchPoint vc="2" uspid="95" ordinal="0" offset="14" sl="159" path="0" offsetend="16" fileid="1" />
                <BranchPoint vc="1" uspid="96" ordinal="1" offset="14" sl="159" path="1" offsetend="30" fileid="1" />
              </BranchPoints>
              <MethodPoint xsi:type="SequencePoint" vc="3" uspid="89" ordinal="0" offset="0" sl="158" sc="9" el="158" ec="10" bec="0" bev="0" fileid="1" />
            </Method>
            <Method visited="true" cyclomaticComplexity="2" nPathComplexity="2" sequenceCoverage="100" branchCoverage="100" crapScore="2" isConstructor="false" isStatic="false" isGetter="false" isSetter="false">
              <Summary numSequencePoints="11" visitedSequencePoints="11" numBranchPoints="3" visitedBranchPoints="3" sequenceCoverage="100" branchCoverage="100" maxCyclomaticComplexity="2" minCyclomaticComplexity="2" maxCrapScore="2" minCrapScore="2" visitedClasses="0" numClasses="0" visitedMethods="1" numMethods="1" />
              <MetadataToken>100663323</MetadataToken>
              <Name>System.Threading.CancellationToken OpenCollections.ConcurrentWriter`1::SetManagedToken(System.Threading.CancellationToken)</Name>
              <FileRef uid="1" />
              <SequencePoints>
                <SequencePoint vc="2" uspid="97" ordinal="0" offset="0" sl="166" sc="9" el="166" ec="10" bec="0" bev="0" fileid="1" />
                <SequencePoint vc="2" uspid="98" ordinal="1" offset="1" sl="167" sc="13" el="167" ec="34" bec="2" bev="2" fileid="1" />
                <SequencePoint vc="1" uspid="99" ordinal="2" offset="20" sl="168" sc="13" el="168" ec="14" bec="0" bev="0" fileid="1" />
                <SequencePoint vc="1" uspid="100" ordinal="3" offset="21" sl="169" sc="17" el="169" ec="38" bec="0" bev="0" fileid="1" />
                <SequencePoint vc="1" uspid="101" ordinal="4" offset="28" sl="170" sc="13" el="170" ec="14" bec="0" bev="0" fileid="1" />
                <SequencePoint vc="1" uspid="102" ordinal="5" offset="31" sl="172" sc="13" el="172" ec="14" bec="0" bev="0" fileid="1" />
                <SequencePoint vc="1" uspid="103" ordinal="6" offset="32" sl="173" sc="17" el="173" ec="61" bec="0" bev="0" fileid="1" />
                <SequencePoint vc="1" uspid="104" ordinal="7" offset="43" sl="174" sc="17" el="174" ec="43" bec="0" bev="0" fileid="1" />
                <SequencePoint vc="1" uspid="105" ordinal="8" offset="56" sl="175" sc="13" el="175" ec="14" bec="0" bev="0" fileid="1" />
                <SequencePoint vc="2" uspid="106" ordinal="9" offset="57" sl="176" sc="13" el="176" ec="26" bec="0" bev="0" fileid="1" />
                <SequencePoint vc="2" uspid="107" ordinal="10" offset="61" sl="177" sc="9" el="177" ec="10" bec="0" bev="0" fileid="1" />
              </SequencePoints>
              <BranchPoints>
                <BranchPoint vc="1" uspid="108" ordinal="0" offset="18" sl="167" path="0" offsetend="20" fileid="1" />
                <BranchPoint vc="1" uspid="109" ordinal="1" offset="18" sl="167" path="1" offsetend="31" fileid="1" />
              </BranchPoints>
              <MethodPoint xsi:type="SequencePoint" vc="2" uspid="97" ordinal="0" offset="0" sl="166" sc="9" el="166" ec="10" bec="0" bev="0" fileid="1" />
            </Method>
            <Method visited="true" cyclomaticComplexity="3" nPathComplexity="4" sequenceCoverage="66.67" branchCoverage="40" crapScore="3.33" isConstructor="false" isStatic="false" isGetter="false" isSetter="false">
              <Summary numSequencePoints="6" visitedSequencePoints="4" numBranchPoints="5" visitedBranchPoints="2" sequenceCoverage="66.67" branchCoverage="40" maxCyclomaticComplexity="3" minCyclomaticComplexity="3" maxCrapScore="3.33" minCrapScore="3.33" visitedClasses="0" numClasses="0" visitedMethods="1" numMethods="1" />
              <MetadataToken>100663324</MetadataToken>
              <Name>System.Void OpenCollections.ConcurrentWriter`1::Cancel()</Name>
              <FileRef uid="1" />
              <SequencePoints>
                <SequencePoint vc="1" uspid="110" ordinal="0" offset="0" sl="180" sc="9" el="180" ec="10" bec="0" bev="0" fileid="1" />
                <SequencePoint vc="1" uspid="111" ordinal="1" offset="1" sl="181" sc="13" el="181" ec="41" bec="2" bev="1" fileid="1" />
                <SequencePoint vc="1" uspid="112" ordinal="2" offset="25" sl="182" sc="13" el="182" ec="14" bec="0" bev="0" fileid="1" />
                <SequencePoint vc="1" uspid="113" ordinal="3" offset="26" sl="183" sc="17" el="183" ec="87" bec="0" bev="0" fileid="1" />
                <SequencePoint vc="0" uspid="114" ordinal="4" offset="37" sl="185" sc="13" el="185" ec="35" bec="2" bev="0" fileid="1" />
                <SequencePoint vc="0" uspid="115" ordinal="5" offset="55" sl="186" sc="9" el="186" ec="10" bec="0" bev="0" fileid="1" />
              </SequencePoints>
              <BranchPoints>
                <BranchPoint vc="1" uspid="116" ordinal="0" offset="23" sl="181" path="0" offsetend="25" fileid="1" />
                <BranchPoint vc="0" uspid="117" ordinal="1" offset="23" sl="181" path="1" offsetend="37" fileid="1" />
                <BranchPoint vc="0" uspid="118" ordinal="2" offset="44" sl="185" path="0" offsetend="46" fileid="1" />
                <BranchPoint vc="0" uspid="119" ordinal="3" offset="44" sl="185" path="1" offsetend="49" fileid="1" />
              </BranchPoints>
              <MethodPoint xsi:type="SequencePoint" vc="1" uspid="110" ordinal="0" offset="0" sl="180" sc="9" el="180" ec="10" bec="0" bev="0" fileid="1" />
            </Method>
            <Method visited="true" cyclomaticComplexity="4" nPathComplexity="8" sequenceCoverage="100" branchCoverage="100" crapScore="4" isConstructor="false" isStatic="false" isGetter="false" isSetter="false">
              <Summary numSequencePoints="5" visitedSequencePoints="5" numBranchPoints="7" visitedBranchPoints="7" sequenceCoverage="100" branchCoverage="100" maxCyclomaticComplexity="4" minCyclomaticComplexity="4" maxCrapScore="4" minCrapScore="4" visitedClasses="0" numClasses="0" visitedMethods="1" numMethods="1" />
              <MetadataToken>100663325</MetadataToken>
              <Name>System.Void OpenCollections.ConcurrentWriter`1::Dispose()</Name>
              <FileRef uid="1" />
              <SequencePoints>
                <SequencePoint vc="5" uspid="120" ordinal="0" offset="0" sl="189" sc="9" el="189" ec="10" bec="0" bev="0" fileid="1" />
                <SequencePoint vc="5" uspid="121" ordinal="1" offset="1" sl="190" sc="13" el="190" ec="35" bec="2" bev="2" fileid="1" />
                <SequencePoint vc="5" uspid="122" ordinal="2" offset="19" sl="191" sc="13" el="191" ec="46" bec="2" bev="2" fileid="1" />
                <SequencePoint vc="5" uspid="123" ordinal="3" offset="37" sl="192" sc="13" el="192" ec="51" bec="2" bev="2" fileid="1" />
                <SequencePoint vc="5" uspid="124" ordinal="4" offset="55" sl="193" sc="9" el="193" ec="10" bec="0" bev="0" fileid="1" />
              </SequencePoints>
              <BranchPoints>
                <BranchPoint vc="4" uspid="125" ordinal="0" offset="8" sl="190" path="0" offsetend="10" fileid="1" />
                <BranchPoint vc="1" uspid="126" ordinal="1" offset="8" sl="190" path="1" offsetend="13" fileid="1" />
                <BranchPoint vc="2" uspid="127" ordinal="2" offset="26" sl="191" path="0" offsetend="28" fileid="1" />
                <BranchPoint vc="3" uspid="128" ordinal="3" offset="26" sl="191" path="1" offsetend="31" fileid="1" />
                <BranchPoint vc="4" uspid="129" ordinal="4" offset="44" sl="192" path="0" offsetend="46" fileid="1" />
                <BranchPoint vc="1" uspid="130" ordinal="5" offset="44" sl="192" path="1" offsetend="49" fileid="1" />
              </BranchPoints>
              <MethodPoint xsi:type="SequencePoint" vc="5" uspid="120" ordinal="0" offset="0" sl="189" sc="9" el="189" ec="10" bec="0" bev="0" fileid="1" />
            </Method>
            <Method visited="true" cyclomaticComplexity="1" nPathComplexity="0" sequenceCoverage="100" branchCoverage="100" crapScore="1" isConstructor="false" isStatic="false" isGetter="false" isSetter="false">
              <Summary numSequencePoints="5" visitedSequencePoints="5" numBranchPoints="1" visitedBranchPoints="1" sequenceCoverage="100" branchCoverage="100" maxCyclomaticComplexity="1" minCyclomaticComplexity="1" maxCrapScore="1" minCrapScore="1" visitedClasses="0" numClasses="0" visitedMethods="1" numMethods="1" />
              <MetadataToken>100663326</MetadataToken>
              <Name>System.Void OpenCollections.ConcurrentWriter`1::Finalize()</Name>
              <FileRef uid="1" />
              <SequencePoints>
                <SequencePoint vc="5" uspid="131" ordinal="0" offset="0" sl="196" sc="9" el="196" ec="10" bec="0" bev="0" fileid="1" />
                <SequencePoint vc="5" uspid="132" ordinal="1" offset="1" sl="196" sc="9" el="196" ec="10" bec="0" bev="0" fileid="1" />
                <SequencePoint vc="5" uspid="133" ordinal="2" offset="2" sl="197" sc="13" el="197" ec="23" bec="0" bev="0" fileid="1" />
                <SequencePoint vc="5" uspid="134" ordinal="3" offset="11" sl="198" sc="9" el="198" ec="10" bec="0" bev="0" fileid="1" />
                <SequencePoint vc="5" uspid="135" ordinal="4" offset="19" sl="198" sc="9" el="198" ec="10" bec="0" bev="0" fileid="1" />
              </SequencePoints>
              <BranchPoints />
              <MethodPoint xsi:type="SequencePoint" vc="5" uspid="131" ordinal="0" offset="0" sl="196" sc="9" el="196" ec="10" bec="0" bev="0" fileid="1" />
            </Method>
            <Method visited="false" cyclomaticComplexity="1" nPathComplexity="0" sequenceCoverage="0" branchCoverage="0" crapScore="2" isConstructor="false" isStatic="false" isGetter="false" isSetter="false">
              <Summary numSequencePoints="1" visitedSequencePoints="0" numBranchPoints="1" visitedBranchPoints="0" sequenceCoverage="0" branchCoverage="0" maxCyclomaticComplexity="1" minCyclomaticComplexity="1" maxCrapScore="2" minCrapScore="2" visitedClasses="0" numClasses="0" visitedMethods="0" numMethods="1" />
              <MetadataToken>100663327</MetadataToken>
              <Name>System.Void OpenCollections.ConcurrentWriter`1::&lt;WriteLinesAsync&gt;b__22_0()</Name>
              <FileRef uid="1" />
              <SequencePoints>
                <SequencePoint vc="0" uspid="136" ordinal="0" offset="0" sl="40" sc="34" el="40" ec="46" bec="0" bev="0" fileid="1" />
              </SequencePoints>
              <BranchPoints />
              <MethodPoint xsi:type="SequencePoint" vc="0" uspid="136" ordinal="0" offset="0" sl="40" sc="34" el="40" ec="46" bec="0" bev="0" fileid="1" />
            </Method>
            <Method visited="false" cyclomaticComplexity="1" nPathComplexity="0" sequenceCoverage="0" branchCoverage="0" crapScore="2" isConstructor="false" isStatic="false" isGetter="false" isSetter="false">
              <Summary numSequencePoints="1" visitedSequencePoints="0" numBranchPoints="1" visitedBranchPoints="0" sequenceCoverage="0" branchCoverage="0" maxCyclomaticComplexity="1" minCyclomaticComplexity="1" maxCrapScore="2" minCrapScore="2" visitedClasses="0" numClasses="0" visitedMethods="0" numMethods="1" />
              <MetadataToken>100663328</MetadataToken>
              <Name>System.Void OpenCollections.ConcurrentWriter`1::&lt;WriteLinesAsync&gt;b__24_0()</Name>
              <FileRef uid="1" />
              <SequencePoints>
                <SequencePoint vc="0" uspid="137" ordinal="0" offset="0" sl="54" sc="34" el="54" ec="46" bec="0" bev="0" fileid="1" />
              </SequencePoints>
              <BranchPoints />
              <MethodPoint xsi:type="SequencePoint" vc="0" uspid="137" ordinal="0" offset="0" sl="54" sc="34" el="54" ec="46" bec="0" bev="0" fileid="1" />
            </Method>
            <Method visited="false" cyclomaticComplexity="1" nPathComplexity="0" sequenceCoverage="0" branchCoverage="0" crapScore="2" isConstructor="false" isStatic="false" isGetter="false" isSetter="false">
              <Summary numSequencePoints="1" visitedSequencePoints="0" numBranchPoints="1" visitedBranchPoints="0" sequenceCoverage="0" branchCoverage="0" maxCyclomaticComplexity="1" minCyclomaticComplexity="1" maxCrapScore="2" minCrapScore="2" visitedClasses="0" numClasses="0" visitedMethods="0" numMethods="1" />
              <MetadataToken>100663329</MetadataToken>
              <Name>System.Void OpenCollections.ConcurrentWriter`1::&lt;WriteAsync&gt;b__26_0()</Name>
              <FileRef uid="1" />
              <SequencePoints>
                <SequencePoint vc="0" uspid="138" ordinal="0" offset="0" sl="68" sc="34" el="68" ec="41" bec="0" bev="0" fileid="1" />
              </SequencePoints>
              <BranchPoints />
              <MethodPoint xsi:type="SequencePoint" vc="0" uspid="138" ordinal="0" offset="0" sl="68" sc="34" el="68" ec="41" bec="0" bev="0" fileid="1" />
            </Method>
            <Method visited="true" cyclomaticComplexity="1" nPathComplexity="0" sequenceCoverage="100" branchCoverage="100" crapScore="1" isConstructor="false" isStatic="false" isGetter="false" isSetter="false">
              <Summary numSequencePoints="1" visitedSequencePoints="1" numBranchPoints="1" visitedBranchPoints="1" sequenceCoverage="100" branchCoverage="100" maxCyclomaticComplexity="1" minCyclomaticComplexity="1" maxCrapScore="1" minCrapScore="1" visitedClasses="0" numClasses="0" visitedMethods="1" numMethods="1" />
              <MetadataToken>100663330</MetadataToken>
              <Name>System.Void OpenCollections.ConcurrentWriter`1::&lt;WriteAsync&gt;b__28_0()</Name>
              <FileRef uid="1" />
              <SequencePoints>
                <SequencePoint vc="1" uspid="139" ordinal="0" offset="0" sl="82" sc="34" el="82" ec="41" bec="0" bev="0" fileid="1" />
              </SequencePoints>
              <BranchPoints />
              <MethodPoint xsi:type="SequencePoint" vc="1" uspid="139" ordinal="0" offset="0" sl="82" sc="34" el="82" ec="41" bec="0" bev="0" fileid="1" />
            </Method>
          </Methods>
        </Class>
        <Class>
          <Summary numSequencePoints="1" visitedSequencePoints="0" numBranchPoints="3" visitedBranchPoints="0" sequenceCoverage="0" branchCoverage="0" maxCyclomaticComplexity="3" minCyclomaticComplexity="1" maxCrapScore="12" minCrapScore="2" visitedClasses="0" numClasses="1" visitedMethods="0" numMethods="1" />
          <FullName>OpenCollections.ConcurrentWriter`1/&lt;InvokeAsync&gt;d__21</FullName>
          <Methods>
            <Method visited="false" cyclomaticComplexity="1" nPathComplexity="0" sequenceCoverage="0" branchCoverage="0" crapScore="2" isConstructor="true" isStatic="false" isGetter="false" isSetter="false">
              <Summary numSequencePoints="0" visitedSequencePoints="0" numBranchPoints="0" visitedBranchPoints="0" sequenceCoverage="0" branchCoverage="0" maxCyclomaticComplexity="1" minCyclomaticComplexity="1" maxCrapScore="2" minCrapScore="2" visitedClasses="0" numClasses="0" visitedMethods="0" numMethods="0" />
              <MetadataToken>100663497</MetadataToken>
              <Name>System.Void OpenCollections.ConcurrentWriter`1/&lt;InvokeAsync&gt;d__21::.ctor()</Name>
              <SequencePoints />
              <BranchPoints />
              <MethodPoint vc="0" uspid="140" ordinal="0" offset="0" />
            </Method>
            <Method visited="false" cyclomaticComplexity="3" nPathComplexity="2" sequenceCoverage="0" branchCoverage="0" crapScore="12" isConstructor="false" isStatic="false" isGetter="false" isSetter="false">
              <Summary numSequencePoints="1" visitedSequencePoints="0" numBranchPoints="3" visitedBranchPoints="0" sequenceCoverage="0" branchCoverage="0" maxCyclomaticComplexity="3" minCyclomaticComplexity="3" maxCrapScore="12" minCrapScore="12" visitedClasses="0" numClasses="0" visitedMethods="0" numMethods="1" />
              <MetadataToken>100663498</MetadataToken>
              <Name>System.Void OpenCollections.ConcurrentWriter`1/&lt;InvokeAsync&gt;d__21::MoveNext()</Name>
              <FileRef uid="1" />
              <SequencePoints>
                <SequencePoint vc="0" uspid="141" ordinal="0" offset="14" sl="34" sc="44" el="34" ec="89" bec="2" bev="0" fileid="1" />
              </SequencePoints>
              <BranchPoints>
                <BranchPoint vc="0" uspid="142" ordinal="0" offset="47" sl="34" path="0" offsetend="49" fileid="1" />
                <BranchPoint vc="0" uspid="143" ordinal="1" offset="47" sl="34" path="1" offsetend="113" fileid="1" />
              </BranchPoints>
              <MethodPoint vc="0" uspid="144" ordinal="0" offset="0" />
            </Method>
            <Method visited="false" cyclomaticComplexity="1" nPathComplexity="0" sequenceCoverage="0" branchCoverage="0" crapScore="2" isConstructor="false" isStatic="false" isGetter="false" isSetter="false">
              <Summary numSequencePoints="0" visitedSequencePoints="0" numBranchPoints="0" visitedBranchPoints="0" sequenceCoverage="0" branchCoverage="0" maxCyclomaticComplexity="1" minCyclomaticComplexity="1" maxCrapScore="2" minCrapScore="2" visitedClasses="0" numClasses="0" visitedMethods="0" numMethods="0" />
              <MetadataToken>100663499</MetadataToken>
              <Name>System.Void OpenCollections.ConcurrentWriter`1/&lt;InvokeAsync&gt;d__21::SetStateMachine(System.Runtime.CompilerServices.IAsyncStateMachine)</Name>
              <SequencePoints />
              <BranchPoints />
              <MethodPoint vc="0" uspid="145" ordinal="0" offset="0" />
            </Method>
          </Methods>
        </Class>
        <Class>
          <Summary numSequencePoints="3" visitedSequencePoints="0" numBranchPoints="3" visitedBranchPoints="0" sequenceCoverage="0" branchCoverage="0" maxCyclomaticComplexity="3" minCyclomaticComplexity="1" maxCrapScore="12" minCrapScore="2" visitedClasses="0" numClasses="1" visitedMethods="0" numMethods="1" />
          <FullName>OpenCollections.ConcurrentWriter`1/&lt;WriteLinesAsync&gt;d__22</FullName>
          <Methods>
            <Method visited="false" cyclomaticComplexity="1" nPathComplexity="0" sequenceCoverage="0" branchCoverage="0" crapScore="2" isConstructor="true" isStatic="false" isGetter="false" isSetter="false">
              <Summary numSequencePoints="0" visitedSequencePoints="0" numBranchPoints="0" visitedBranchPoints="0" sequenceCoverage="0" branchCoverage="0" maxCyclomaticComplexity="1" minCyclomaticComplexity="1" maxCrapScore="2" minCrapScore="2" visitedClasses="0" numClasses="0" visitedMethods="0" numMethods="0" />
              <MetadataToken>100663500</MetadataToken>
              <Name>System.Void OpenCollections.ConcurrentWriter`1/&lt;WriteLinesAsync&gt;d__22::.ctor()</Name>
              <SequencePoints />
              <BranchPoints />
              <MethodPoint vc="0" uspid="146" ordinal="0" offset="0" />
            </Method>
            <Method visited="false" cyclomaticComplexity="3" nPathComplexity="2" sequenceCoverage="0" branchCoverage="0" crapScore="12" isConstructor="false" isStatic="false" isGetter="false" isSetter="false">
              <Summary numSequencePoints="3" visitedSequencePoints="0" numBranchPoints="3" visitedBranchPoints="0" sequenceCoverage="0" branchCoverage="0" maxCyclomaticComplexity="3" minCyclomaticComplexity="3" maxCrapScore="12" minCrapScore="12" visitedClasses="0" numClasses="0" visitedMethods="0" numMethods="1" />
              <MetadataToken>100663501</MetadataToken>
              <Name>System.Void OpenCollections.ConcurrentWriter`1/&lt;WriteLinesAsync&gt;d__22::MoveNext()</Name>
              <FileRef uid="1" />
              <SequencePoints>
                <SequencePoint vc="0" uspid="147" ordinal="0" offset="14" sl="37" sc="9" el="37" ec="10" bec="0" bev="0" fileid="1" />
                <SequencePoint vc="0" uspid="148" ordinal="1" offset="15" sl="38" sc="13" el="38" ec="31" bec="0" bev="0" fileid="1" />
                <SequencePoint vc="0" uspid="149" ordinal="2" offset="36" sl="40" sc="13" el="40" ec="89" bec="2" bev="0" fileid="1" />
              </SequencePoints>
              <BranchPoints>
                <BranchPoint vc="0" uspid="151" ordinal="0" offset="96" sl="40" path="0" offsetend="98" fileid="1" />
                <BranchPoint vc="0" uspid="152" ordinal="1" offset="96" sl="40" path="1" offsetend="163" fileid="1" />
              </BranchPoints>
              <MethodPoint vc="0" uspid="153" ordinal="0" offset="0" />
            </Method>
            <Method visited="false" cyclomaticComplexity="1" nPathComplexity="0" sequenceCoverage="0" branchCoverage="0" crapScore="2" isConstructor="false" isStatic="false" isGetter="false" isSetter="false">
              <Summary numSequencePoints="0" visitedSequencePoints="0" numBranchPoints="0" visitedBranchPoints="0" sequenceCoverage="0" branchCoverage="0" maxCyclomaticComplexity="1" minCyclomaticComplexity="1" maxCrapScore="2" minCrapScore="2" visitedClasses="0" numClasses="0" visitedMethods="0" numMethods="0" />
              <MetadataToken>100663502</MetadataToken>
              <Name>System.Void OpenCollections.ConcurrentWriter`1/&lt;WriteLinesAsync&gt;d__22::SetStateMachine(System.Runtime.CompilerServices.IAsyncStateMachine)</Name>
              <SequencePoints />
              <BranchPoints />
              <MethodPoint vc="0" uspid="154" ordinal="0" offset="0" />
            </Method>
          </Methods>
        </Class>
        <Class>
          <Summary numSequencePoints="1" visitedSequencePoints="1" numBranchPoints="1" visitedBranchPoints="1" sequenceCoverage="100" branchCoverage="100" maxCyclomaticComplexity="1" minCyclomaticComplexity="1" maxCrapScore="2" minCrapScore="1" visitedClasses="1" numClasses="1" visitedMethods="1" numMethods="1" />
          <FullName>OpenCollections.ConcurrentWriter`1/&lt;&gt;c__DisplayClass23_0</FullName>
          <Methods>
            <Method visited="false" cyclomaticComplexity="1" nPathComplexity="0" sequenceCoverage="0" branchCoverage="0" crapScore="2" isConstructor="true" isStatic="false" isGetter="false" isSetter="false">
              <Summary numSequencePoints="0" visitedSequencePoints="0" numBranchPoints="0" visitedBranchPoints="0" sequenceCoverage="0" branchCoverage="0" maxCyclomaticComplexity="1" minCyclomaticComplexity="1" maxCrapScore="2" minCrapScore="2" visitedClasses="0" numClasses="0" visitedMethods="0" numMethods="0" />
              <MetadataToken>100663503</MetadataToken>
              <Name>System.Void OpenCollections.ConcurrentWriter`1/&lt;&gt;c__DisplayClass23_0::.ctor()</Name>
              <SequencePoints />
              <BranchPoints />
              <MethodPoint vc="0" uspid="155" ordinal="0" offset="0" />
            </Method>
            <Method visited="true" cyclomaticComplexity="1" nPathComplexity="0" sequenceCoverage="100" branchCoverage="100" crapScore="1" isConstructor="false" isStatic="false" isGetter="false" isSetter="false">
              <Summary numSequencePoints="1" visitedSequencePoints="1" numBranchPoints="1" visitedBranchPoints="1" sequenceCoverage="100" branchCoverage="100" maxCyclomaticComplexity="1" minCyclomaticComplexity="1" maxCrapScore="1" minCrapScore="1" visitedClasses="0" numClasses="0" visitedMethods="1" numMethods="1" />
              <MetadataToken>100663504</MetadataToken>
              <Name>System.Void OpenCollections.ConcurrentWriter`1/&lt;&gt;c__DisplayClass23_0::&lt;WriteLinesAsync&gt;b__0()</Name>
              <FileRef uid="1" />
              <SequencePoints>
                <SequencePoint vc="1" uspid="156" ordinal="0" offset="0" sl="47" sc="34" el="47" ec="52" bec="0" bev="0" fileid="1" />
              </SequencePoints>
              <BranchPoints />
              <MethodPoint xsi:type="SequencePoint" vc="1" uspid="156" ordinal="0" offset="0" sl="47" sc="34" el="47" ec="52" bec="0" bev="0" fileid="1" />
            </Method>
          </Methods>
        </Class>
        <Class>
          <Summary numSequencePoints="4" visitedSequencePoints="4" numBranchPoints="3" visitedBranchPoints="2" sequenceCoverage="100" branchCoverage="66.67" maxCyclomaticComplexity="3" minCyclomaticComplexity="1" maxCrapScore="3" minCrapScore="2" visitedClasses="1" numClasses="1" visitedMethods="1" numMethods="1" />
          <FullName>OpenCollections.ConcurrentWriter`1/&lt;WriteLinesAsync&gt;d__23</FullName>
          <Methods>
            <Method visited="false" cyclomaticComplexity="1" nPathComplexity="0" sequenceCoverage="0" branchCoverage="0" crapScore="2" isConstructor="true" isStatic="false" isGetter="false" isSetter="false">
              <Summary numSequencePoints="0" visitedSequencePoints="0" numBranchPoints="0" visitedBranchPoints="0" sequenceCoverage="0" branchCoverage="0" maxCyclomaticComplexity="1" minCyclomaticComplexity="1" maxCrapScore="2" minCrapScore="2" visitedClasses="0" numClasses="0" visitedMethods="0" numMethods="0" />
              <MetadataToken>100663505</MetadataToken>
              <Name>System.Void OpenCollections.ConcurrentWriter`1/&lt;WriteLinesAsync&gt;d__23::.ctor()</Name>
              <SequencePoints />
              <BranchPoints />
              <MethodPoint vc="0" uspid="157" ordinal="0" offset="0" />
            </Method>
            <Method visited="true" cyclomaticComplexity="3" nPathComplexity="2" sequenceCoverage="100" branchCoverage="66.67" crapScore="3" isConstructor="false" isStatic="false" isGetter="false" isSetter="false">
              <Summary numSequencePoints="4" visitedSequencePoints="4" numBranchPoints="3" visitedBranchPoints="2" sequenceCoverage="100" branchCoverage="66.67" maxCyclomaticComplexity="3" minCyclomaticComplexity="3" maxCrapScore="3" minCrapScore="3" visitedClasses="0" numClasses="0" visitedMethods="1" numMethods="1" />
              <MetadataToken>100663506</MetadataToken>
              <Name>System.Void OpenCollections.ConcurrentWriter`1/&lt;WriteLinesAsync&gt;d__23::MoveNext()</Name>
              <FileRef uid="1" />
              <SequencePoints>
                <SequencePoint vc="1" uspid="158" ordinal="0" offset="62" sl="44" sc="9" el="44" ec="10" bec="0" bev="0" fileid="1" />
                <SequencePoint vc="1" uspid="159" ordinal="1" offset="63" sl="45" sc="13" el="45" ec="31" bec="0" bev="0" fileid="1" />
                <SequencePoint vc="1" uspid="160" ordinal="2" offset="84" sl="47" sc="13" el="47" ec="95" bec="2" bev="1" fileid="1" />
                <SequencePoint vc="1" uspid="161" ordinal="3" offset="254" sl="48" sc="9" el="48" ec="10" bec="0" bev="0" fileid="1" />
              </SequencePoints>
              <BranchPoints>
                <BranchPoint vc="1" uspid="162" ordinal="0" offset="144" sl="47" path="0" offsetend="146" fileid="1" />
                <BranchPoint vc="0" uspid="163" ordinal="1" offset="144" sl="47" path="1" offsetend="211" fileid="1" />
              </BranchPoints>
              <MethodPoint vc="2" uspid="164" ordinal="0" offset="0" />
            </Method>
            <Method visited="false" cyclomaticComplexity="1" nPathComplexity="0" sequenceCoverage="0" branchCoverage="0" crapScore="2" isConstructor="false" isStatic="false" isGetter="false" isSetter="false">
              <Summary numSequencePoints="0" visitedSequencePoints="0" numBranchPoints="0" visitedBranchPoints="0" sequenceCoverage="0" branchCoverage="0" maxCyclomaticComplexity="1" minCyclomaticComplexity="1" maxCrapScore="2" minCrapScore="2" visitedClasses="0" numClasses="0" visitedMethods="0" numMethods="0" />
              <MetadataToken>100663507</MetadataToken>
              <Name>System.Void OpenCollections.ConcurrentWriter`1/&lt;WriteLinesAsync&gt;d__23::SetStateMachine(System.Runtime.CompilerServices.IAsyncStateMachine)</Name>
              <SequencePoints />
              <BranchPoints />
              <MethodPoint vc="0" uspid="165" ordinal="0" offset="0" />
            </Method>
          </Methods>
        </Class>
        <Class>
          <Summary numSequencePoints="3" visitedSequencePoints="0" numBranchPoints="3" visitedBranchPoints="0" sequenceCoverage="0" branchCoverage="0" maxCyclomaticComplexity="3" minCyclomaticComplexity="1" maxCrapScore="12" minCrapScore="2" visitedClasses="0" numClasses="1" visitedMethods="0" numMethods="1" />
          <FullName>OpenCollections.ConcurrentWriter`1/&lt;WriteLinesAsync&gt;d__24</FullName>
          <Methods>
            <Method visited="false" cyclomaticComplexity="1" nPathComplexity="0" sequenceCoverage="0" branchCoverage="0" crapScore="2" isConstructor="true" isStatic="false" isGetter="false" isSetter="false">
              <Summary numSequencePoints="0" visitedSequencePoints="0" numBranchPoints="0" visitedBranchPoints="0" sequenceCoverage="0" branchCoverage="0" maxCyclomaticComplexity="1" minCyclomaticComplexity="1" maxCrapScore="2" minCrapScore="2" visitedClasses="0" numClasses="0" visitedMethods="0" numMethods="0" />
              <MetadataToken>100663508</MetadataToken>
              <Name>System.Void OpenCollections.ConcurrentWriter`1/&lt;WriteLinesAsync&gt;d__24::.ctor()</Name>
              <SequencePoints />
              <BranchPoints />
              <MethodPoint vc="0" uspid="166" ordinal="0" offset="0" />
            </Method>
            <Method visited="false" cyclomaticComplexity="3" nPathComplexity="2" sequenceCoverage="0" branchCoverage="0" crapScore="12" isConstructor="false" isStatic="false" isGetter="false" isSetter="false">
              <Summary numSequencePoints="3" visitedSequencePoints="0" numBranchPoints="3" visitedBranchPoints="0" sequenceCoverage="0" branchCoverage="0" maxCyclomaticComplexity="3" minCyclomaticComplexity="3" maxCrapScore="12" minCrapScore="12" visitedClasses="0" numClasses="0" visitedMethods="0" numMethods="1" />
              <MetadataToken>100663509</MetadataToken>
[...]
              <MetadataToken>100663579</MetadataToken>
              <Name>System.Void OpenCollections.ConcurrentProducer`1/&lt;ProduceAsync&gt;d__35::.ctor()</Name>
              <SequencePoints />
              <BranchPoints />
              <MethodPoint vc="0" uspid="790" ordinal="0" offset="0" />
            </Method>
            <Method visited="true" cyclomaticComplexity="3" nPathComplexity="2" sequenceCoverage="100" branchCoverage="66.67" crapScore="3" isConstructor="false" isStatic="false" isGetter="false" isSetter="false">
              <Summary numSequencePoints="4" visitedSequencePoints="4" numBranchPoints="3" visitedBranchPoints="2" sequenceCoverage="100" branchCoverage="66.67" maxCyclomaticComplexity="3" minCyclomaticComplexity="3" maxCrapScore="3" minCrapScore="3" visitedClasses="0" numClasses="0" visitedMethods="1" numMethods="1" />
              <MetadataToken>100663580</MetadataToken>
              <Name>System.Void OpenCollections.ConcurrentProducer`1/&lt;ProduceAsync&gt;d__35::MoveNext()</Name>
              <FileRef uid="31" />
              <SequencePoints>
                <SequencePoint vc="1" uspid="791" ordinal="0" offset="62" sl="73" sc="9" el="73" ec="10" bec="0" bev="0" fileid="31" />
                <SequencePoint vc="1" uspid="792" ordinal="1" offset="63" sl="74" sc="13" el="74" ec="44" bec="0" bev="0" fileid="31" />
                <SequencePoint vc="1" uspid="793" ordinal="2" offset="96" sl="76" sc="13" el="76" ec="84" bec="2" bev="1" fileid="31" />
                <SequencePoint vc="1" uspid="794" ordinal="3" offset="260" sl="77" sc="9" el="77" ec="10" bec="0" bev="0" fileid="31" />
              </SequencePoints>
              <BranchPoints>
                <BranchPoint vc="1" uspid="795" ordinal="0" offset="151" sl="76" path="0" offsetend="153" fileid="31" />
                <BranchPoint vc="0" uspid="796" ordinal="1" offset="151" sl="76" path="1" offsetend="217" fileid="31" />
              </BranchPoints>
              <MethodPoint vc="2" uspid="797" ordinal="0" offset="0" />
            </Method>
            <Method visited="false" cyclomaticComplexity="1" nPathComplexity="0" sequenceCoverage="0" branchCoverage="0" crapScore="2" isConstructor="false" isStatic="false" isGetter="false" isSetter="false">
              <Summary numSequencePoints="0" visitedSequencePoints="0" numBranchPoints="0" visitedBranchPoints="0" sequenceCoverage="0" branchCoverage="0" maxCyclomaticComplexity="1" minCyclomaticComplexity="1" maxCrapScore="2" minCrapScore="2" visitedClasses="0" numClasses="0" visitedMethods="0" numMethods="0" />
              <MetadataToken>100663581</MetadataToken>
              <Name>System.Void OpenCollections.ConcurrentProducer`1/&lt;ProduceAsync&gt;d__35::SetStateMachine(System.Runtime.CompilerServices.IAsyncStateMachine)</Name>
              <SequencePoints />
              <BranchPoints />
              <MethodPoint vc="0" uspid="798" ordinal="0" offset="0" />
            </Method>
          </Methods>
        </Class>
        <Class>
          <Summary numSequencePoints="1" visitedSequencePoints="0" numBranchPoints="3" visitedBranchPoints="0" sequenceCoverage="0" branchCoverage="0" maxCyclomaticComplexity="3" minCyclomaticComplexity="1" maxCrapScore="12" minCrapScore="2" visitedClasses="0" numClasses="1" visitedMethods="0" numMethods="1" />
          <FullName>OpenCollections.ConcurrentProducer`1/&lt;InvokeAsync&gt;d__42</FullName>
          <Methods>
            <Method visited="false" cyclomaticComplexity="1" nPathComplexity="0" sequenceCoverage="0" branchCoverage="0" crapScore="2" isConstructor="true" isStatic="false" isGetter="false" isSetter="false">
              <Summary numSequencePoints="0" visitedSequencePoints="0" numBranchPoints="0" visitedBranchPoints="0" sequenceCoverage="0" branchCoverage="0" maxCyclomaticComplexity="1" minCyclomaticComplexity="1" maxCrapScore="2" minCrapScore="2" visitedClasses="0" numClasses="0" visitedMethods="0" numMethods="0" />
              <MetadataToken>100663582</MetadataToken>
              <Name>System.Void OpenCollections.ConcurrentProducer`1/&lt;InvokeAsync&gt;d__42::.ctor()</Name>
              <SequencePoints />
              <BranchPoints />
              <MethodPoint vc="0" uspid="799" ordinal="0" offset="0" />
            </Method>
            <Method visited="false" cyclomaticComplexity="3" nPathComplexity="2" sequenceCoverage="0" branchCoverage="0" crapScore="12" isConstructor="false" isStatic="false" isGetter="false" isSetter="false">
              <Summary numSequencePoints="1" visitedSequencePoints="0" numBranchPoints="3" visitedBranchPoints="0" sequenceCoverage="0" branchCoverage="0" maxCyclomaticComplexity="3" minCyclomaticComplexity="3" maxCrapScore="12" minCrapScore="12" visitedClasses="0" numClasses="0" visitedMethods="0" numMethods="1" />
              <MetadataToken>100663583</MetadataToken>
              <Name>System.Void OpenCollections.ConcurrentProducer`1/&lt;InvokeAsync&gt;d__42::MoveNext()</Name>
              <FileRef uid="31" />
              <SequencePoints>
                <SequencePoint vc="0" uspid="800" ordinal="0" offset="14" sl="158" sc="44" el="158" ec="86" bec="2" bev="0" fileid="31" />
              </SequencePoints>
              <BranchPoints>
                <BranchPoint vc="0" uspid="801" ordinal="0" offset="47" sl="158" path="0" offsetend="49" fileid="31" />
                <BranchPoint vc="0" uspid="802" ordinal="1" offset="47" sl="158" path="1" offsetend="113" fileid="31" />
              </BranchPoints>
              <MethodPoint vc="0" uspid="803" ordinal="0" offset="0" />
            </Method>
            <Method visited="false" cyclomaticComplexity="1" nPathComplexity="0" sequenceCoverage="0" branchCoverage="0" crapScore="2" isConstructor="false" isStatic="false" isGetter="false" isSetter="false">
              <Summary numSequencePoints="0" visitedSequencePoints="0" numBranchPoints="0" visitedBranchPoints="0" sequenceCoverage="0" branchCoverage="0" maxCyclomaticComplexity="1" minCyclomaticComplexity="1" maxCrapScore="2" minCrapScore="2" visitedClasses="0" numClasses="0" visitedMethods="0" numMethods="0" />
              <MetadataToken>100663584</MetadataToken>
              <Name>System.Void OpenCollections.ConcurrentProducer`1/&lt;InvokeAsync&gt;d__42::SetStateMachine(System.Runtime.CompilerServices.IAsyncStateMachine)</Name>
              <SequencePoints />
              <BranchPoints />
              <MethodPoint vc="0" uspid="804" ordinal="0" offset="0" />
            </Method>
          </Methods>
        </Class>
        <Class>
          <Summary numSequencePoints="37" visitedSequencePoints="37" numBranchPoints="20" visitedBranchPoints="20" sequenceCoverage="100" branchCoverage="100" maxCyclomaticComplexity="4" minCyclomaticComplexity="2" maxCrapScore="4" minCrapScore="2" visitedClasses="1" numClasses="1" visitedMethods="4" numMethods="4" />
          <FullName>OpenCollections.Helpers.Consumer</FullName>
          <Methods>
            <Method visited="true" cyclomaticComplexity="2" nPathComplexity="2" sequenceCoverage="100" branchCoverage="100" crapScore="2" isConstructor="false" isStatic="true" isGetter="false" isSetter="false">
              <Summary numSequencePoints="7" visitedSequencePoints="7" numBranchPoints="3" visitedBranchPoints="3" sequenceCoverage="100" branchCoverage="100" maxCyclomaticComplexity="2" minCyclomaticComplexity="2" maxCrapScore="2" minCrapScore="2" visitedClasses="0" numClasses="0" visitedMethods="1" numMethods="1" />
              <MetadataToken>100663493</MetadataToken>
              <Name>System.Boolean OpenCollections.Helpers.Consumer::TryAddBufferItem(System.Collections.Generic.IList`1&lt;T&gt;,System.Collections.Concurrent.IProducerConsumerCollection`1&lt;T&gt;)</Name>
              <FileRef uid="36" />
              <SequencePoints>
                <SequencePoint vc="695" uspid="805" ordinal="0" offset="0" sl="29" sc="9" el="29" ec="10" bec="0" bev="0" fileid="36" />
                <SequencePoint vc="695" uspid="806" ordinal="1" offset="1" sl="31" sc="13" el="31" ec="57" bec="2" bev="2" fileid="36" />
                <SequencePoint vc="4" uspid="807" ordinal="2" offset="17" sl="32" sc="13" el="32" ec="14" bec="0" bev="0" fileid="36" />
                <SequencePoint vc="4" uspid="808" ordinal="3" offset="18" sl="34" sc="17" el="34" ec="36" bec="0" bev="0" fileid="36" />
                <SequencePoint vc="4" uspid="809" ordinal="4" offset="26" sl="35" sc="17" el="35" ec="29" bec="0" bev="0" fileid="36" />
                <SequencePoint vc="691" uspid="810" ordinal="5" offset="30" sl="37" sc="13" el="37" ec="26" bec="0" bev="0" fileid="36" />
                <SequencePoint vc="695" uspid="811" ordinal="6" offset="34" sl="38" sc="9" el="38" ec="10" bec="0" bev="0" fileid="36" />
              </SequencePoints>
              <BranchPoints>
                <BranchPoint vc="4" uspid="812" ordinal="0" offset="15" sl="31" path="0" offsetend="17" fileid="36" />
                <BranchPoint vc="691" uspid="813" ordinal="1" offset="15" sl="31" path="1" offsetend="30" fileid="36" />
              </BranchPoints>
              <MethodPoint xsi:type="SequencePoint" vc="695" uspid="805" ordinal="0" offset="0" sl="29" sc="9" el="29" ec="10" bec="0" bev="0" fileid="36" />
            </Method>
            <Method visited="true" cyclomaticComplexity="3" nPathComplexity="4" sequenceCoverage="100" branchCoverage="100" crapScore="3" isConstructor="false" isStatic="true" isGetter="false" isSetter="false">
              <Summary numSequencePoints="8" visitedSequencePoints="8" numBranchPoints="5" visitedBranchPoints="5" sequenceCoverage="100" branchCoverage="100" maxCyclomaticComplexity="3" minCyclomaticComplexity="3" maxCrapScore="3" minCrapScore="3" visitedClasses="0" numClasses="0" visitedMethods="1" numMethods="1" />
              <MetadataToken>100663494</MetadataToken>
              <Name>System.Void OpenCollections.Helpers.Consumer::TryEmptyBuffer(System.Collections.Generic.IList`1&lt;T&gt;,System.Collections.Concurrent.IProducerConsumerCollection`1&lt;T&gt;,System.Boolean)</Name>
              <FileRef uid="36" />
              <SequencePoints>
                <SequencePoint vc="30580" uspid="814" ordinal="0" offset="0" sl="47" sc="9" el="47" ec="10" bec="0" bev="0" fileid="36" />
                <SequencePoint vc="695" uspid="815" ordinal="1" offset="3" sl="50" sc="13" el="50" ec="14" bec="0" bev="0" fileid="36" />
                <SequencePoint vc="695" uspid="816" ordinal="2" offset="4" sl="51" sc="17" el="51" ec="89" bec="2" bev="2" fileid="36" />
                <SequencePoint vc="3" uspid="817" ordinal="3" offset="20" sl="52" sc="17" el="52" ec="18" bec="0" bev="0" fileid="36" />
                <SequencePoint vc="3" uspid="818" ordinal="4" offset="21" sl="53" sc="21" el="53" ec="28" bec="0" bev="0" fileid="36" />
                <SequencePoint vc="692" uspid="819" ordinal="5" offset="23" sl="55" sc="13" el="55" ec="14" bec="0" bev="0" fileid="36" />
                <SequencePoint vc="31272" uspid="820" ordinal="6" offset="24" sl="49" sc="13" el="49" ec="37" bec="2" bev="2" fileid="36" />
                <SequencePoint vc="30580" uspid="821" ordinal="7" offset="37" sl="56" sc="9" el="56" ec="10" bec="0" bev="0" fileid="36" />
              </SequencePoints>
              <BranchPoints>
                <BranchPoint vc="3" uspid="822" ordinal="0" offset="18" sl="51" path="0" offsetend="20" fileid="36" />
                <BranchPoint vc="692" uspid="823" ordinal="1" offset="18" sl="51" path="1" offsetend="23" fileid="36" />
                <BranchPoint vc="30577" uspid="824" ordinal="2" offset="35" sl="49" path="0" offsetend="37" fileid="36" />
                <BranchPoint vc="695" uspid="825" ordinal="3" offset="35" sl="49" path="1" offsetend="3" fileid="36" />
              </BranchPoints>
              <MethodPoint xsi:type="SequencePoint" vc="30580" uspid="814" ordinal="0" offset="0" sl="47" sc="9" el="47" ec="10" bec="0" bev="0" fileid="36" />
            </Method>
            <Method visited="true" cyclomaticComplexity="4" nPathComplexity="8" sequenceCoverage="100" branchCoverage="100" crapScore="4" isConstructor="false" isStatic="true" isGetter="false" isSetter="false">
              <Summary numSequencePoints="11" visitedSequencePoints="11" numBranchPoints="7" visitedBranchPoints="7" sequenceCoverage="100" branchCoverage="100" maxCyclomaticComplexity="4" minCyclomaticComplexity="4" maxCrapScore="4" minCrapScore="4" visitedClasses="0" numClasses="0" visitedMethods="1" numMethods="1" />
              <MetadataToken>100663495</MetadataToken>
              <Name>System.Void OpenCollections.Helpers.Consumer::ConsumeItems(System.Collections.Concurrent.IProducerConsumerCollection`1&lt;T&gt;,System.Collections.Concurrent.IProducerConsumerCollection`1&lt;TResult&gt;,System.Collections.Generic.IList`1&lt;TResult&gt;,System.Func`2&lt;T,TResult&gt;&amp;,System.Action&amp;)</Name>
              <FileRef uid="36" />
              <SequencePoints>
                <SequencePoint vc="9562" uspid="826" ordinal="0" offset="0" sl="68" sc="9" el="68" ec="10" bec="0" bev="0" fileid="36" />
                <SequencePoint vc="16507" uspid="827" ordinal="1" offset="3" sl="71" sc="13" el="71" ec="14" bec="0" bev="0" fileid="36" />
                <SequencePoint vc="16507" uspid="828" ordinal="2" offset="4" sl="73" sc="17" el="73" ec="65" bec="0" bev="0" fileid="36" />
                <SequencePoint vc="16507" uspid="829" ordinal="3" offset="13" sl="76" sc="17" el="76" ec="94" bec="2" bev="2" fileid="36" />
                <SequencePoint vc="16500" uspid="830" ordinal="4" offset="26" sl="77" sc="17" el="77" ec="18" bec="0" bev="0" fileid="36" />
                <SequencePoint vc="16500" uspid="831" ordinal="5" offset="27" sl="78" sc="21" el="78" ec="49" bec="2" bev="2" fileid="36" />
                <SequencePoint vc="16500" uspid="832" ordinal="6" offset="42" sl="79" sc="17" el="79" ec="18" bec="0" bev="0" fileid="36" />
                <SequencePoint vc="16505" uspid="833" ordinal="7" offset="43" sl="80" sc="13" el="80" ec="14" bec="0" bev="0" fileid="36" />
                <SequencePoint vc="26067" uspid="834" ordinal="8" offset="44" sl="70" sc="13" el="70" ec="45" bec="2" bev="2" fileid="36" />
                <SequencePoint vc="9560" uspid="835" ordinal="9" offset="57" sl="83" sc="13" el="83" ec="82" bec="0" bev="0" fileid="36" />
                <SequencePoint vc="9560" uspid="836" ordinal="10" offset="66" sl="84" sc="9" el="84" ec="10" bec="0" bev="0" fileid="36" />
              </SequencePoints>
              <BranchPoints>
                <BranchPoint vc="16500" uspid="837" ordinal="0" offset="24" sl="76" path="0" offsetend="26" fileid="36" />
                <BranchPoint vc="5" uspid="838" ordinal="1" offset="24" sl="76" path="1" offsetend="43" fileid="36" />
                <BranchPoint vc="15000" uspid="839" ordinal="2" offset="31" sl="78" path="0" offsetend="33" fileid="36" />
                <BranchPoint vc="1500" uspid="840" ordinal="3" offset="31" sl="78" path="1" offsetend="36" fileid="36" />
                <BranchPoint vc="9560" uspid="841" ordinal="4" offset="55" sl="70" path="0" offsetend="57" fileid="36" />
                <BranchPoint vc="16507" uspid="842" ordinal="5" offset="55" sl="70" path="1" offsetend="3" fileid="36" />
              </BranchPoints>
              <MethodPoint xsi:type="SequencePoint" vc="9562" uspid="826" ordinal="0" offset="0" sl="68" sc="9" el="68" ec="10" bec="0" bev="0" fileid="36" />
            </Method>
            <Method visited="true" cyclomaticComplexity="3" nPathComplexity="4" sequenceCoverage="100" branchCoverage="100" crapScore="3" isConstructor="false" isStatic="true" isGetter="false" isSetter="false">
              <Summary numSequencePoints="11" visitedSequencePoints="11" numBranchPoints="5" visitedBranchPoints="5" sequenceCoverage="100" branchCoverage="100" maxCyclomaticComplexity="3" minCyclomaticComplexity="3" maxCrapScore="3" minCrapScore="3" visitedClasses="0" numClasses="0" visitedMethods="1" numMethods="1" />
              <MetadataToken>100663496</MetadataToken>
              <Name>System.Boolean OpenCollections.Helpers.Consumer::TryConsumeItem(System.Collections.Concurrent.IProducerConsumerCollection`1&lt;T&gt;,System.Collections.Concurrent.IProducerConsumerCollection`1&lt;TResult&gt;,System.Collections.Generic.IList`1&lt;TResult&gt;,System.Func`2&lt;T,TResult&gt;&amp;)</Name>
              <FileRef uid="36" />
              <SequencePoints>
                <SequencePoint vc="16507" uspid="843" ordinal="0" offset="0" sl="97" sc="9" el="97" ec="10" bec="0" bev="0" fileid="36" />
                <SequencePoint vc="16507" uspid="844" ordinal="1" offset="1" sl="99" sc="13" el="99" ec="50" bec="2" bev="2" fileid="36" />
                <SequencePoint vc="16506" uspid="845" ordinal="2" offset="13" sl="100" sc="13" el="100" ec="14" bec="0" bev="0" fileid="36" />
                <SequencePoint vc="16506" uspid="846" ordinal="3" offset="14" sl="102" sc="17" el="102" ec="50" bec="0" bev="0" fileid="36" />
                <SequencePoint vc="16504" uspid="847" ordinal="4" offset="23" sl="105" sc="17" el="105" ec="59" bec="2" bev="2" fileid="36" />
                <SequencePoint vc="4" uspid="848" ordinal="5" offset="37" sl="106" sc="17" el="106" ec="18" bec="0" bev="0" fileid="36" />
                <SequencePoint vc="4" uspid="849" ordinal="6" offset="38" sl="107" sc="21" el="107" ec="50" bec="0" bev="0" fileid="36" />
                <SequencePoint vc="4" uspid="850" ordinal="7" offset="46" sl="108" sc="21" el="108" ec="34" bec="0" bev="0" fileid="36" />
                <SequencePoint vc="16500" uspid="851" ordinal="8" offset="51" sl="110" sc="17" el="110" ec="29" bec="0" bev="0" fileid="36" />
                <SequencePoint vc="1" uspid="852" ordinal="9" offset="56" sl="112" sc="13" el="112" ec="26" bec="0" bev="0" fileid="36" />
                <SequencePoint vc="16505" uspid="853" ordinal="10" offset="61" sl="113" sc="9" el="113" ec="10" bec="0" bev="0" fileid="36" />
              </SequencePoints>
              <BranchPoints>
                <BranchPoint vc="16506" uspid="854" ordinal="0" offset="11" sl="99" path="0" offsetend="13" fileid="36" />
                <BranchPoint vc="1" uspid="855" ordinal="1" offset="11" sl="99" path="1" offsetend="56" fileid="36" />
                <BranchPoint vc="4" uspid="856" ordinal="2" offset="35" sl="105" path="0" offsetend="37" fileid="36" />
                <BranchPoint vc="16500" uspid="857" ordinal="3" offset="35" sl="105" path="1" offsetend="51" fileid="36" />
              </BranchPoints>
              <MethodPoint xsi:type="SequencePoint" vc="16507" uspid="843" ordinal="0" offset="0" sl="97" sc="9" el="97" ec="10" bec="0" bev="0" fileid="36" />
            </Method>
          </Methods>
        </Class>
      </Classes>
    </Module>
    <Module skippedDueTo="Filter" hash="B8-F5-F3-D5-06-36-35-76-5B-E0-BE-AB-80-32-9A-0C-1D-A8-76-19">
      <ModulePath>C:\$Programming\C# Projects\OpenCollections\OpenCollections.Test\bin\Debug\xunit.assert.dll</ModulePath>
      <ModuleTime>2018-10-29T08:16:52Z</ModuleTime>
      <ModuleName>xunit.assert</ModuleName>
      <Classes />
    </Module>
    <Module skippedDueTo="Filter" hash="82-88-81-ED-E2-5C-2F-15-13-6B-EA-3F-F7-28-86-26-2A-4C-DB-9A">
      <ModulePath>C:\Windows\Microsoft.Net\assembly\GAC_MSIL\System.Linq\v4.0_4.0.0.0__b03f5f7f11d50a3a\System.Linq.dll</ModulePath>
      <ModuleTime>2019-12-07T09:10:36.086204Z</ModuleTime>
      <ModuleName>System.Linq</ModuleName>
      <Classes />
    </Module>
  </Modules>
</CoverageSession>