<?xml version="1.0" encoding="utf-8"?>
<CoverageSession xmlns:xsd="http://www.w3.org/2001/XMLSchema" xmlns:xsi="http://www.w3.org/2001/XMLSchema-instance" Version="4.7.922.0">
  <Summary numSequencePoints="1686" visitedSequencePoints="1087" numBranchPoints="620" visitedBranchPoints="347" sequenceCoverage="64.47" branchCoverage="55.97" maxCyclomaticComplexity="18" minCyclomaticComplexity="1" maxCrapScore="110" minCrapScore="1" visitedClasses="50" numClasses="67" visitedMethods="195" numMethods="300" />
  <Modules>
    <Module skippedDueTo="Filter" hash="9A-E6-DA-BB-7D-11-9E-EA-1E-52-33-F2-BE-98-32-8A-A8-E1-55-C1">
      <ModulePath>C:\Windows\Microsoft.Net\assembly\GAC_64\mscorlib\v4.0_4.0.0.0__b77a5c561934e089\mscorlib.dll</ModulePath>
      <ModuleTime>2020-05-11T05:37:33.4779253Z</ModuleTime>
      <ModuleName>mscorlib</ModuleName>
      <Classes />
    </Module>
    <Module skippedDueTo="Filter" hash="C8-F3-38-D6-B9-2E-84-01-FA-BE-3C-09-B1-75-54-32-D4-03-5A-5D">
      <ModulePath>C:\_Programming\Repos\OpenCollections\packages\xunit.runner.console.2.4.1\tools\net471\xunit.console.exe</ModulePath>
      <ModuleTime>2018-10-29T08:17:04Z</ModuleTime>
      <ModuleName>xunit.console</ModuleName>
      <Classes />
    </Module>
    <Module skippedDueTo="Filter" hash="DB-B1-0F-EF-1F-20-D0-12-88-88-F1-4E-94-B2-71-70-0B-9B-57-12">
      <ModulePath>C:\_Programming\Repos\OpenCollections\packages\xunit.runner.console.2.4.1\tools\net471\xunit.abstractions.dll</ModulePath>
      <ModuleTime>2018-10-29T08:17:04Z</ModuleTime>
      <ModuleName>xunit.abstractions</ModuleName>
      <Classes />
    </Module>
    <Module skippedDueTo="Filter" hash="03-8C-28-FF-B1-AD-98-09-DB-C2-77-9C-30-0B-76-C3-52-AE-19-2E">
      <ModulePath>C:\Windows\Microsoft.Net\assembly\GAC_MSIL\System.Core\v4.0_4.0.0.0__b77a5c561934e089\System.Core.dll</ModulePath>
      <ModuleTime>2020-05-11T05:37:33.4310463Z</ModuleTime>
      <ModuleName>System.Core</ModuleName>
      <Classes />
    </Module>
    <Module skippedDueTo="Filter" hash="70-22-21-D3-33-43-68-3A-F4-65-F5-09-91-41-78-3E-89-E1-21-66">
      <ModulePath>C:\_Programming\Repos\OpenCollections\packages\xunit.runner.console.2.4.1\tools\net471\xunit.runner.utility.net452.dll</ModulePath>
      <ModuleTime>2018-10-29T08:17:04Z</ModuleTime>
      <ModuleName>xunit.runner.utility.net452</ModuleName>
      <Classes />
    </Module>
    <Module skippedDueTo="Filter" hash="BC-8F-72-01-C7-65-2C-A9-C2-07-20-60-02-A7-E6-1D-8F-BC-49-D8">
      <ModulePath>C:\Windows\Microsoft.Net\assembly\GAC_MSIL\System\v4.0_4.0.0.0__b77a5c561934e089\System.dll</ModulePath>
      <ModuleTime>2019-12-07T09:10:36.0705812Z</ModuleTime>
      <ModuleName>System</ModuleName>
      <Classes />
    </Module>
    <Module skippedDueTo="Filter" hash="76-4F-F2-57-05-34-3B-14-F0-74-D8-74-52-87-6D-06-AD-25-14-77">
      <ModulePath>C:\Windows\Microsoft.Net\assembly\GAC_MSIL\System.Xml.Linq\v4.0_4.0.0.0__b77a5c561934e089\System.Xml.Linq.dll</ModulePath>
      <ModuleTime>2019-12-07T09:10:35.962301Z</ModuleTime>
      <ModuleName>System.Xml.Linq</ModuleName>
      <Classes />
    </Module>
    <Module skippedDueTo="Filter" hash="DA-72-DA-8C-56-D2-30-3A-A5-9C-B3-A9-A9-6F-D8-2F-60-43-B5-A9">
      <ModulePath>C:\Windows\Microsoft.Net\assembly\GAC_MSIL\System.Xml\v4.0_4.0.0.0__b77a5c561934e089\System.Xml.dll</ModulePath>
      <ModuleTime>2019-12-07T09:10:37.7737543Z</ModuleTime>
      <ModuleName>System.Xml</ModuleName>
      <Classes />
    </Module>
    <Module skippedDueTo="Filter" hash="43-03-4A-58-14-F0-5C-D1-77-C9-18-CE-10-C9-D4-50-F3-CD-79-39">
      <ModulePath>C:\Windows\Microsoft.Net\assembly\GAC_MSIL\System.Configuration\v4.0_4.0.0.0__b03f5f7f11d50a3a\System.Configuration.dll</ModulePath>
      <ModuleTime>2019-12-07T09:10:35.9925361Z</ModuleTime>
      <ModuleName>System.Configuration</ModuleName>
      <Classes />
    </Module>
    <Module skippedDueTo="Filter" hash="DE-2A-13-57-A5-14-73-B5-4E-6E-CB-DB-4B-E7-F0-E2-A9-56-43-F3">
      <ModulePath>C:\_Programming\Repos\OpenCollections\packages\xunit.runner.console.2.4.1\tools\net471\xunit.runner.reporters.net452.dll</ModulePath>
      <ModuleTime>2018-10-29T08:17:04Z</ModuleTime>
      <ModuleName>xunit.runner.reporters.net452</ModuleName>
      <Classes />
    </Module>
    <Module skippedDueTo="Filter" hash="D8-5A-64-50-BA-E0-BC-F9-C8-0F-49-8A-49-BF-60-C5-56-67-43-86">
      <ModulePath>C:\Windows\Microsoft.Net\assembly\GAC_MSIL\System.Net.Http\v4.0_4.0.0.0__b03f5f7f11d50a3a\System.Net.Http.dll</ModulePath>
      <ModuleTime>2019-12-07T09:10:37.7585321Z</ModuleTime>
      <ModuleName>System.Net.Http</ModuleName>
      <Classes />
    </Module>
    <Module skippedDueTo="Filter" hash="FD-12-A9-70-D5-24-6F-78-9D-5D-D4-52-2E-10-4F-15-8E-89-84-95">
      <ModulePath>C:\Windows\Microsoft.Net\assembly\GAC_64\System.Web\v4.0_4.0.0.0__b03f5f7f11d50a3a\System.Web.dll</ModulePath>
      <ModuleTime>2019-12-07T09:10:37.7893482Z</ModuleTime>
      <ModuleName>System.Web</ModuleName>
      <Classes />
    </Module>
    <Module skippedDueTo="Filter" hash="70-22-21-D3-33-43-68-3A-F4-65-F5-09-91-41-78-3E-89-E1-21-66">
      <ModulePath>C:\Users\user\AppData\Local\Temp\0876e2ba-d58d-4c9c-adda-9182f2f841fb\0876e2ba-d58d-4c9c-adda-9182f2f841fb\assembly\dl3\944e97d8\00804bc6_5f6fd401\xunit.runner.utility.net452.dll</ModulePath>
      <ModuleTime>2021-02-23T15:23:01.8066708Z</ModuleTime>
      <ModuleName>xunit.runner.utility.net452</ModuleName>
      <Classes />
    </Module>
    <Module skippedDueTo="Filter" hash="03-8C-28-FF-B1-AD-98-09-DB-C2-77-9C-30-0B-76-C3-52-AE-19-2E">
      <ModulePath>C:\Windows\Microsoft.Net\assembly\GAC_MSIL\System.Core\v4.0_4.0.0.0__b77a5c561934e089\System.Core.dll</ModulePath>
      <ModuleTime>2020-05-11T05:37:33.4310463Z</ModuleTime>
      <ModuleName>System.Core</ModuleName>
      <Classes />
    </Module>
    <Module skippedDueTo="Filter" hash="BC-8F-72-01-C7-65-2C-A9-C2-07-20-60-02-A7-E6-1D-8F-BC-49-D8">
      <ModulePath>C:\Windows\Microsoft.Net\assembly\GAC_MSIL\System\v4.0_4.0.0.0__b77a5c561934e089\System.dll</ModulePath>
      <ModuleTime>2019-12-07T09:10:36.0705812Z</ModuleTime>
      <ModuleName>System</ModuleName>
      <Classes />
    </Module>
    <Module skippedDueTo="Filter" hash="">
      <ModulePath>RefEmit_InMemoryManifestModule</ModulePath>
      <ModuleTime>0001-01-01T00:00:00</ModuleTime>
      <ModuleName>Anonymously Hosted DynamicMethods Assembly</ModuleName>
      <Classes />
    </Module>
    <Module hash="F4-1B-1B-7B-60-5C-5E-A3-B7-CC-22-FC-BC-A6-ED-0A-32-2E-C9-F8">
      <Summary numSequencePoints="1138" visitedSequencePoints="683" numBranchPoints="291" visitedBranchPoints="143" sequenceCoverage="60.02" branchCoverage="49.14" maxCyclomaticComplexity="10" minCyclomaticComplexity="0" maxCrapScore="110" minCrapScore="0" visitedClasses="21" numClasses="32" visitedMethods="87" numMethods="159" />
      <ModulePath>C:\_Programming\Repos\OpenCollections\OpenCollections.Test\bin\Debug\OpenCollections.Test.dll</ModulePath>
      <ModuleTime>2021-02-23T15:12:34.0978465Z</ModuleTime>
      <ModuleName>OpenCollections.Test</ModuleName>
      <Files>
        <File uid="1" fullPath="C:\$Programming\Repos\OpenCollections\OpenCollections.Test\ConcurrentConsumerTests.cs" />
        <File uid="6" fullPath="C:\$Programming\Repos\OpenCollections\OpenCollections.Test\ConcurrentProducerTsts.cs" />
        <File uid="11" fullPath="C:\$Programming\Repos\OpenCollections\OpenCollections.Test\Helpers.cs" />
        <File uid="13" fullPath="C:\$Programming\Repos\OpenCollections\OpenCollections.Test\ConcurrentWriterTests.cs" />
        <File uid="18" fullPath="C:\$Programming\Repos\OpenCollections\OpenCollections.Test\EnumerableMultiReaderTests.cs" />
        <File uid="19" fullPath="C:\$Programming\Repos\OpenCollections\OpenCollections.Test\EnumerableStreamReaderTests.cs" />
        <File uid="20" fullPath="C:\$Programming\Repos\OpenCollections\OpenCollections.Test\ExtensionsTests.cs" />
        <File uid="24" fullPath="C:\$Programming\Repos\OpenCollections\OpenCollections.Test\MultiConcurrentConsumerTests.cs" />
        <File uid="30" fullPath="C:\$Programming\Repos\OpenCollections\OpenCollections.Test\PipelineTests.cs" />
      </Files>
      <Classes>
        <Class>
          <Summary numSequencePoints="0" visitedSequencePoints="0" numBranchPoints="0" visitedBranchPoints="0" sequenceCoverage="0" branchCoverage="0" maxCyclomaticComplexity="0" minCyclomaticComplexity="0" maxCrapScore="0" minCrapScore="0" visitedClasses="0" numClasses="0" visitedMethods="0" numMethods="0" />
          <FullName>&lt;Module&gt;</FullName>
          <Methods />
        </Class>
        <Class>
          <Summary numSequencePoints="66" visitedSequencePoints="11" numBranchPoints="18" visitedBranchPoints="4" sequenceCoverage="16.67" branchCoverage="22.22" maxCyclomaticComplexity="2" minCyclomaticComplexity="1" maxCrapScore="6" minCrapScore="1" visitedClasses="1" numClasses="1" visitedMethods="3" numMethods="10" />
          <FullName>OpenCollections.Tests.ConcurrentConsumerTests</FullName>
          <Methods>
            <Method visited="false" cyclomaticComplexity="2" nPathComplexity="2" sequenceCoverage="0" branchCoverage="0" crapScore="6" isConstructor="false" isStatic="false" isGetter="false" isSetter="false">
              <Summary numSequencePoints="8" visitedSequencePoints="0" numBranchPoints="3" visitedBranchPoints="0" sequenceCoverage="0" branchCoverage="0" maxCyclomaticComplexity="2" minCyclomaticComplexity="2" maxCrapScore="6" minCrapScore="6" visitedClasses="0" numClasses="0" visitedMethods="0" numMethods="1" />
              <MetadataToken>100663297</MetadataToken>
              <Name>System.Void OpenCollections.Tests.ConcurrentConsumerTests::FIFO()</Name>
              <FileRef uid="1" />
              <SequencePoints>
                <SequencePoint vc="0" uspid="1" ordinal="0" offset="0" sl="20" sc="9" el="20" ec="10" bec="0" bev="0" fileid="1" />
                <SequencePoint vc="0" uspid="2" ordinal="1" offset="1" sl="21" sc="13" el="21" ec="41" bec="0" bev="0" fileid="1" />
                <SequencePoint vc="0" uspid="3" ordinal="2" offset="13" sl="23" sc="13" el="23" ec="46" bec="0" bev="0" fileid="1" />
                <SequencePoint vc="0" uspid="4" ordinal="3" offset="20" sl="25" sc="13" el="30" ec="15" bec="2" bev="0" fileid="1" />
                <SequencePoint vc="0" uspid="5" ordinal="4" offset="84" sl="32" sc="13" el="32" ec="32" bec="0" bev="0" fileid="1" />
                <SequencePoint vc="0" uspid="6" ordinal="5" offset="91" sl="34" sc="13" el="34" ec="116" bec="0" bev="0" fileid="1" />
                <SequencePoint vc="0" uspid="7" ordinal="6" offset="122" sl="36" sc="13" el="36" ec="41" bec="0" bev="0" fileid="1" />
                <SequencePoint vc="0" uspid="8" ordinal="7" offset="131" sl="37" sc="9" el="37" ec="10" bec="0" bev="0" fileid="1" />
              </SequencePoints>
              <BranchPoints>
                <BranchPoint vc="0" uspid="9" ordinal="0" offset="52" sl="25" path="0" offsetend="54" fileid="1" />
                <BranchPoint vc="0" uspid="10" ordinal="1" offset="52" sl="25" path="1" offsetend="77" fileid="1" />
              </BranchPoints>
              <MethodPoint xsi:type="SequencePoint" vc="0" uspid="1" ordinal="0" offset="0" sl="20" sc="9" el="20" ec="10" bec="0" bev="0" fileid="1" />
            </Method>
            <Method visited="false" cyclomaticComplexity="2" nPathComplexity="2" sequenceCoverage="0" branchCoverage="0" crapScore="6" isConstructor="false" isStatic="false" isGetter="false" isSetter="false">
              <Summary numSequencePoints="8" visitedSequencePoints="0" numBranchPoints="3" visitedBranchPoints="0" sequenceCoverage="0" branchCoverage="0" maxCyclomaticComplexity="2" minCyclomaticComplexity="2" maxCrapScore="6" minCrapScore="6" visitedClasses="0" numClasses="0" visitedMethods="0" numMethods="1" />
              <MetadataToken>100663298</MetadataToken>
              <Name>System.Void OpenCollections.Tests.ConcurrentConsumerTests::FIFOAsync()</Name>
              <FileRef uid="1" />
              <SequencePoints>
                <SequencePoint vc="0" uspid="11" ordinal="0" offset="0" sl="41" sc="9" el="41" ec="10" bec="0" bev="0" fileid="1" />
                <SequencePoint vc="0" uspid="12" ordinal="1" offset="1" sl="42" sc="13" el="42" ec="41" bec="0" bev="0" fileid="1" />
                <SequencePoint vc="0" uspid="13" ordinal="2" offset="13" sl="44" sc="13" el="44" ec="46" bec="0" bev="0" fileid="1" />
                <SequencePoint vc="0" uspid="14" ordinal="3" offset="20" sl="46" sc="13" el="51" ec="15" bec="2" bev="0" fileid="1" />
                <SequencePoint vc="0" uspid="15" ordinal="4" offset="84" sl="53" sc="13" el="53" ec="44" bec="0" bev="0" fileid="1" />
                <SequencePoint vc="0" uspid="16" ordinal="5" offset="96" sl="55" sc="13" el="55" ec="116" bec="0" bev="0" fileid="1" />
                <SequencePoint vc="0" uspid="17" ordinal="6" offset="127" sl="57" sc="13" el="57" ec="41" bec="0" bev="0" fileid="1" />
                <SequencePoint vc="0" uspid="18" ordinal="7" offset="136" sl="58" sc="9" el="58" ec="10" bec="0" bev="0" fileid="1" />
              </SequencePoints>
              <BranchPoints>
                <BranchPoint vc="0" uspid="19" ordinal="0" offset="52" sl="46" path="0" offsetend="54" fileid="1" />
                <BranchPoint vc="0" uspid="20" ordinal="1" offset="52" sl="46" path="1" offsetend="77" fileid="1" />
              </BranchPoints>
              <MethodPoint xsi:type="SequencePoint" vc="0" uspid="11" ordinal="0" offset="0" sl="41" sc="9" el="41" ec="10" bec="0" bev="0" fileid="1" />
            </Method>
            <Method visited="false" cyclomaticComplexity="1" nPathComplexity="0" sequenceCoverage="0" branchCoverage="0" crapScore="2" isConstructor="false" isStatic="false" isGetter="false" isSetter="false">
              <Summary numSequencePoints="6" visitedSequencePoints="0" numBranchPoints="1" visitedBranchPoints="0" sequenceCoverage="0" branchCoverage="0" maxCyclomaticComplexity="1" minCyclomaticComplexity="1" maxCrapScore="2" minCrapScore="2" visitedClasses="0" numClasses="0" visitedMethods="0" numMethods="1" />
              <MetadataToken>100663299</MetadataToken>
              <Name>System.Void OpenCollections.Tests.ConcurrentConsumerTests::ThrowsWhenNoOperationProvided()</Name>
              <FileRef uid="1" />
              <SequencePoints>
                <SequencePoint vc="0" uspid="21" ordinal="0" offset="6" sl="62" sc="9" el="62" ec="10" bec="0" bev="0" fileid="1" />
                <SequencePoint vc="0" uspid="22" ordinal="1" offset="7" sl="63" sc="13" el="63" ec="41" bec="0" bev="0" fileid="1" />
                <SequencePoint vc="0" uspid="23" ordinal="2" offset="19" sl="65" sc="13" el="65" ec="46" bec="0" bev="0" fileid="1" />
                <SequencePoint vc="0" uspid="24" ordinal="3" offset="26" sl="67" sc="13" el="71" ec="15" bec="0" bev="0" fileid="1" />
                <SequencePoint vc="0" uspid="25" ordinal="4" offset="57" sl="73" sc="13" el="73" ec="78" bec="0" bev="0" fileid="1" />
                <SequencePoint vc="0" uspid="26" ordinal="5" offset="75" sl="74" sc="9" el="74" ec="10" bec="0" bev="0" fileid="1" />
              </SequencePoints>
              <BranchPoints />
              <MethodPoint vc="0" uspid="27" ordinal="0" offset="0" />
            </Method>
            <Method visited="false" cyclomaticComplexity="1" nPathComplexity="0" sequenceCoverage="0" branchCoverage="0" crapScore="2" isConstructor="false" isStatic="false" isGetter="false" isSetter="false">
              <Summary numSequencePoints="5" visitedSequencePoints="0" numBranchPoints="1" visitedBranchPoints="0" sequenceCoverage="0" branchCoverage="0" maxCyclomaticComplexity="1" minCyclomaticComplexity="1" maxCrapScore="2" minCrapScore="2" visitedClasses="0" numClasses="0" visitedMethods="0" numMethods="1" />
              <MetadataToken>100663300</MetadataToken>
              <Name>System.Void OpenCollections.Tests.ConcurrentConsumerTests::ThrowsWhenCollectionEmpty()</Name>
              <FileRef uid="1" />
              <SequencePoints>
                <SequencePoint vc="0" uspid="28" ordinal="0" offset="6" sl="78" sc="9" el="78" ec="10" bec="0" bev="0" fileid="1" />
                <SequencePoint vc="0" uspid="29" ordinal="1" offset="7" sl="79" sc="13" el="79" ec="66" bec="0" bev="0" fileid="1" />
                <SequencePoint vc="0" uspid="30" ordinal="2" offset="18" sl="80" sc="13" el="80" ec="39" bec="0" bev="0" fileid="1" />
                <SequencePoint vc="0" uspid="31" ordinal="3" offset="31" sl="82" sc="13" el="82" ec="76" bec="0" bev="0" fileid="1" />
                <SequencePoint vc="0" uspid="32" ordinal="4" offset="49" sl="83" sc="9" el="83" ec="10" bec="0" bev="0" fileid="1" />
              </SequencePoints>
              <BranchPoints />
              <MethodPoint vc="0" uspid="33" ordinal="0" offset="0" />
            </Method>
            <Method visited="false" cyclomaticComplexity="2" nPathComplexity="2" sequenceCoverage="0" branchCoverage="0" crapScore="6" isConstructor="false" isStatic="false" isGetter="false" isSetter="false">
              <Summary numSequencePoints="9" visitedSequencePoints="0" numBranchPoints="3" visitedBranchPoints="0" sequenceCoverage="0" branchCoverage="0" maxCyclomaticComplexity="2" minCyclomaticComplexity="2" maxCrapScore="6" minCrapScore="6" visitedClasses="0" numClasses="0" visitedMethods="0" numMethods="1" />
              <MetadataToken>100663301</MetadataToken>
              <Name>System.Void OpenCollections.Tests.ConcurrentConsumerTests::BufferWorks()</Name>
              <FileRef uid="1" />
              <SequencePoints>
                <SequencePoint vc="0" uspid="34" ordinal="0" offset="0" sl="87" sc="9" el="87" ec="10" bec="0" bev="0" fileid="1" />
                <SequencePoint vc="0" uspid="35" ordinal="1" offset="1" sl="88" sc="13" el="88" ec="82" bec="0" bev="0" fileid="1" />
                <SequencePoint vc="0" uspid="36" ordinal="2" offset="7" sl="90" sc="13" el="90" ec="40" bec="0" bev="0" fileid="1" />
                <SequencePoint vc="0" uspid="37" ordinal="3" offset="14" sl="92" sc="13" el="92" ec="39" bec="0" bev="0" fileid="1" />
                <SequencePoint vc="0" uspid="38" ordinal="4" offset="26" sl="94" sc="13" el="94" ec="64" bec="0" bev="0" fileid="1" />
                <SequencePoint vc="0" uspid="39" ordinal="5" offset="34" sl="96" sc="13" el="96" ec="43" bec="2" bev="0" fileid="1" />
                <SequencePoint vc="0" uspid="40" ordinal="6" offset="72" sl="98" sc="13" el="98" ec="32" bec="0" bev="0" fileid="1" />
                <SequencePoint vc="0" uspid="41" ordinal="7" offset="79" sl="100" sc="13" el="100" ec="62" bec="0" bev="0" fileid="1" />
                <SequencePoint vc="0" uspid="42" ordinal="8" offset="99" sl="101" sc="9" el="101" ec="10" bec="0" bev="0" fileid="1" />
              </SequencePoints>
              <BranchPoints>
                <BranchPoint vc="0" uspid="43" ordinal="0" offset="41" sl="96" path="0" offsetend="43" fileid="1" />
                <BranchPoint vc="0" uspid="44" ordinal="1" offset="41" sl="96" path="1" offsetend="66" fileid="1" />
              </BranchPoints>
              <MethodPoint xsi:type="SequencePoint" vc="0" uspid="34" ordinal="0" offset="0" sl="87" sc="9" el="87" ec="10" bec="0" bev="0" fileid="1" />
            </Method>
            <Method visited="true" cyclomaticComplexity="1" nPathComplexity="0" sequenceCoverage="22.22" branchCoverage="100" crapScore="1.47" isConstructor="false" isStatic="false" isGetter="false" isSetter="false">
              <Summary numSequencePoints="9" visitedSequencePoints="2" numBranchPoints="1" visitedBranchPoints="1" sequenceCoverage="22.22" branchCoverage="100" maxCyclomaticComplexity="1" minCyclomaticComplexity="1" maxCrapScore="1.47" minCrapScore="1.47" visitedClasses="0" numClasses="0" visitedMethods="1" numMethods="1" />
              <MetadataToken>100663302</MetadataToken>
              <Name>System.Void OpenCollections.Tests.ConcurrentConsumerTests::CancelThrowsWhenAttemptingToCancelWhenCancelTokenIsManagedByOtherObject()</Name>
              <FileRef uid="1" />
              <SequencePoints>
                <SequencePoint vc="1" uspid="45" ordinal="0" offset="6" sl="105" sc="9" el="105" ec="10" bec="0" bev="0" fileid="1" />
                <SequencePoint vc="1" uspid="46" ordinal="1" offset="7" sl="106" sc="13" el="106" ec="47" bec="0" bev="0" fileid="1" />
                <SequencePoint vc="0" uspid="47" ordinal="2" offset="19" sl="108" sc="13" el="108" ec="46" bec="0" bev="0" fileid="1" />
                <SequencePoint vc="0" uspid="48" ordinal="3" offset="26" sl="110" sc="13" el="114" ec="15" bec="0" bev="0" fileid="1" />
                <SequencePoint vc="0" uspid="49" ordinal="4" offset="57" sl="116" sc="13" el="116" ec="81" bec="0" bev="0" fileid="1" />
                <SequencePoint vc="0" uspid="50" ordinal="5" offset="63" sl="118" sc="13" el="118" ec="74" bec="0" bev="0" fileid="1" />
                <SequencePoint vc="0" uspid="51" ordinal="6" offset="82" sl="120" sc="13" el="120" ec="53" bec="0" bev="0" fileid="1" />
                <SequencePoint vc="0" uspid="52" ordinal="7" offset="91" sl="122" sc="13" el="122" ec="75" bec="0" bev="0" fileid="1" />
                <SequencePoint vc="0" uspid="53" ordinal="8" offset="109" sl="123" sc="9" el="123" ec="10" bec="0" bev="0" fileid="1" />
              </SequencePoints>
              <BranchPoints />
              <MethodPoint vc="1" uspid="54" ordinal="0" offset="0" />
            </Method>
            <Method visited="false" cyclomaticComplexity="1" nPathComplexity="0" sequenceCoverage="0" branchCoverage="0" crapScore="2" isConstructor="false" isStatic="false" isGetter="false" isSetter="false">
              <Summary numSequencePoints="6" visitedSequencePoints="0" numBranchPoints="1" visitedBranchPoints="0" sequenceCoverage="0" branchCoverage="0" maxCyclomaticComplexity="1" minCyclomaticComplexity="1" maxCrapScore="2" minCrapScore="2" visitedClasses="0" numClasses="0" visitedMethods="0" numMethods="1" />
              <MetadataToken>100663303</MetadataToken>
              <Name>System.Void OpenCollections.Tests.ConcurrentConsumerTests::CancelDoesNotThrowWhenNoManagedToken()</Name>
              <FileRef uid="1" />
              <SequencePoints>
                <SequencePoint vc="0" uspid="55" ordinal="0" offset="0" sl="127" sc="9" el="127" ec="10" bec="0" bev="0" fileid="1" />
                <SequencePoint vc="0" uspid="56" ordinal="1" offset="1" sl="128" sc="13" el="128" ec="47" bec="0" bev="0" fileid="1" />
                <SequencePoint vc="0" uspid="57" ordinal="2" offset="13" sl="130" sc="13" el="134" ec="15" bec="0" bev="0" fileid="1" />
                <SequencePoint vc="0" uspid="58" ordinal="3" offset="45" sl="136" sc="13" el="136" ec="41" bec="0" bev="0" fileid="1" />
                <SequencePoint vc="0" uspid="59" ordinal="4" offset="58" sl="146" sc="13" el="146" ec="46" bec="0" bev="0" fileid="1" />
                <SequencePoint vc="0" uspid="60" ordinal="5" offset="76" sl="147" sc="9" el="147" ec="10" bec="0" bev="0" fileid="1" />
              </SequencePoints>
              <BranchPoints />
              <MethodPoint xsi:type="SequencePoint" vc="0" uspid="55" ordinal="0" offset="0" sl="127" sc="9" el="127" ec="10" bec="0" bev="0" fileid="1" />
            </Method>
            <Method visited="true" cyclomaticComplexity="2" nPathComplexity="2" sequenceCoverage="80" branchCoverage="66.67" crapScore="2.03" isConstructor="false" isStatic="false" isGetter="false" isSetter="false">
              <Summary numSequencePoints="10" visitedSequencePoints="8" numBranchPoints="3" visitedBranchPoints="2" sequenceCoverage="80" branchCoverage="66.67" maxCyclomaticComplexity="2" minCyclomaticComplexity="2" maxCrapScore="2.03" minCrapScore="2.03" visitedClasses="0" numClasses="0" visitedMethods="1" numMethods="1" />
              <MetadataToken>100663304</MetadataToken>
              <Name>System.Collections.Concurrent.ConcurrentQueue`1&lt;System.Int32&gt; OpenCollections.Tests.ConcurrentConsumerTests::CreateTestBag(System.Int32)</Name>
              <FileRef uid="1" />
              <SequencePoints>
                <SequencePoint vc="1" uspid="61" ordinal="0" offset="0" sl="151" sc="9" el="151" ec="10" bec="0" bev="0" fileid="1" />
                <SequencePoint vc="1" uspid="62" ordinal="1" offset="1" sl="152" sc="13" el="152" ec="53" bec="0" bev="0" fileid="1" />
                <SequencePoint vc="1" uspid="63" ordinal="2" offset="7" sl="153" sc="18" el="153" ec="27" bec="0" bev="0" fileid="1" />
                <SequencePoint vc="6394" uspid="64" ordinal="3" offset="11" sl="154" sc="13" el="154" ec="14" bec="0" bev="0" fileid="1" />
                <SequencePoint vc="6394" uspid="65" ordinal="4" offset="12" sl="155" sc="17" el="155" ec="73" bec="0" bev="0" fileid="1" />
                <SequencePoint vc="6394" uspid="66" ordinal="5" offset="33" sl="156" sc="13" el="156" ec="14" bec="0" bev="0" fileid="1" />
                <SequencePoint vc="6394" uspid="67" ordinal="6" offset="34" sl="153" sc="45" el="153" ec="48" bec="0" bev="0" fileid="1" />
                <SequencePoint vc="6394" uspid="68" ordinal="7" offset="38" sl="153" sc="29" el="153" ec="43" bec="2" bev="1" fileid="1" />
                <SequencePoint vc="0" uspid="69" ordinal="8" offset="46" sl="157" sc="13" el="157" ec="27" bec="0" bev="0" fileid="1" />
                <SequencePoint vc="0" uspid="70" ordinal="9" offset="50" sl="158" sc="9" el="158" ec="10" bec="0" bev="0" fileid="1" />
              </SequencePoints>
              <BranchPoints>
                <BranchPoint vc="0" uspid="71" ordinal="0" offset="44" sl="153" path="0" offsetend="46" fileid="1" />
                <BranchPoint vc="6394" uspid="72" ordinal="1" offset="44" sl="153" path="1" offsetend="11" fileid="1" />
              </BranchPoints>
              <MethodPoint xsi:type="SequencePoint" vc="1" uspid="61" ordinal="0" offset="0" sl="151" sc="9" el="151" ec="10" bec="0" bev="0" fileid="1" />
            </Method>
            <Method visited="true" cyclomaticComplexity="1" nPathComplexity="0" sequenceCoverage="100" branchCoverage="100" crapScore="1" isConstructor="true" isStatic="false" isGetter="false" isSetter="false">
              <Summary numSequencePoints="1" visitedSequencePoints="1" numBranchPoints="1" visitedBranchPoints="1" sequenceCoverage="100" branchCoverage="100" maxCyclomaticComplexity="1" minCyclomaticComplexity="1" maxCrapScore="1" minCrapScore="1" visitedClasses="0" numClasses="0" visitedMethods="1" numMethods="1" />
              <MetadataToken>100663305</MetadataToken>
              <Name>System.Void OpenCollections.Tests.ConcurrentConsumerTests::.ctor()</Name>
              <FileRef uid="1" />
              <SequencePoints>
                <SequencePoint vc="1" uspid="73" ordinal="0" offset="0" sl="17" sc="9" el="17" ec="41" bec="0" bev="0" fileid="1" />
              </SequencePoints>
              <BranchPoints />
              <MethodPoint xsi:type="SequencePoint" vc="1" uspid="73" ordinal="0" offset="0" sl="17" sc="9" el="17" ec="41" bec="0" bev="0" fileid="1" />
            </Method>
            <Method visited="false" cyclomaticComplexity="1" nPathComplexity="0" sequenceCoverage="0" branchCoverage="0" crapScore="2" isConstructor="false" isStatic="true" isGetter="false" isSetter="false">
              <Summary numSequencePoints="4" visitedSequencePoints="0" numBranchPoints="1" visitedBranchPoints="0" sequenceCoverage="0" branchCoverage="0" maxCyclomaticComplexity="1" minCyclomaticComplexity="1" maxCrapScore="2" minCrapScore="2" visitedClasses="0" numClasses="0" visitedMethods="0" numMethods="1" />
              <MetadataToken>100663306</MetadataToken>
              <Name>System.Nullable`1&lt;System.Int32&gt; OpenCollections.Tests.ConcurrentConsumerTests::&lt;CancelDoesNotThrowWhenNoManagedToken&gt;g__VerifyMethodWorks|7_0(OpenCollections.Tests.ConcurrentConsumerTests/&lt;&gt;c__DisplayClass7_0&amp;)</Name>
              <FileRef uid="1" />
              <SequencePoints>
                <SequencePoint vc="0" uspid="74" ordinal="0" offset="0" sl="139" sc="13" el="139" ec="14" bec="0" bev="0" fileid="1" />
                <SequencePoint vc="0" uspid="75" ordinal="1" offset="1" sl="140" sc="17" el="140" ec="35" bec="0" bev="0" fileid="1" />
                <SequencePoint vc="0" uspid="76" ordinal="2" offset="13" sl="143" sc="17" el="143" ec="29" bec="0" bev="0" fileid="1" />
                <SequencePoint vc="0" uspid="77" ordinal="3" offset="25" sl="144" sc="13" el="144" ec="14" bec="0" bev="0" fileid="1" />
              </SequencePoints>
              <BranchPoints />
              <MethodPoint xsi:type="SequencePoint" vc="0" uspid="74" ordinal="0" offset="0" sl="139" sc="13" el="139" ec="14" bec="0" bev="0" fileid="1" />
            </Method>
          </Methods>
        </Class>
        <Class>
          <Summary numSequencePoints="3" visitedSequencePoints="0" numBranchPoints="3" visitedBranchPoints="0" sequenceCoverage="0" branchCoverage="0" maxCyclomaticComplexity="1" minCyclomaticComplexity="1" maxCrapScore="2" minCrapScore="2" visitedClasses="0" numClasses="1" visitedMethods="0" numMethods="3" />
          <FullName>OpenCollections.Tests.ConcurrentConsumerTests/&lt;&gt;c</FullName>
          <Methods>
            <Method visited="false" cyclomaticComplexity="1" nPathComplexity="0" sequenceCoverage="0" branchCoverage="0" crapScore="2" isConstructor="true" isStatic="true" isGetter="false" isSetter="false">
              <Summary numSequencePoints="0" visitedSequencePoints="0" numBranchPoints="0" visitedBranchPoints="0" sequenceCoverage="0" branchCoverage="0" maxCyclomaticComplexity="1" minCyclomaticComplexity="1" maxCrapScore="2" minCrapScore="2" visitedClasses="0" numClasses="0" visitedMethods="0" numMethods="0" />
              <MetadataToken>100663405</MetadataToken>
              <Name>System.Void OpenCollections.Tests.ConcurrentConsumerTests/&lt;&gt;c::.cctor()</Name>
              <SequencePoints />
              <BranchPoints />
              <MethodPoint vc="0" uspid="78" ordinal="0" offset="0" />
            </Method>
            <Method visited="false" cyclomaticComplexity="1" nPathComplexity="0" sequenceCoverage="0" branchCoverage="0" crapScore="2" isConstructor="true" isStatic="false" isGetter="false" isSetter="false">
              <Summary numSequencePoints="0" visitedSequencePoints="0" numBranchPoints="0" visitedBranchPoints="0" sequenceCoverage="0" branchCoverage="0" maxCyclomaticComplexity="1" minCyclomaticComplexity="1" maxCrapScore="2" minCrapScore="2" visitedClasses="0" numClasses="0" visitedMethods="0" numMethods="0" />
              <MetadataToken>100663406</MetadataToken>
              <Name>System.Void OpenCollections.Tests.ConcurrentConsumerTests/&lt;&gt;c::.ctor()</Name>
              <SequencePoints />
              <BranchPoints />
              <MethodPoint vc="0" uspid="79" ordinal="0" offset="0" />
            </Method>
            <Method visited="false" cyclomaticComplexity="1" nPathComplexity="0" sequenceCoverage="0" branchCoverage="0" crapScore="2" isConstructor="false" isStatic="false" isGetter="false" isSetter="false">
              <Summary numSequencePoints="1" visitedSequencePoints="0" numBranchPoints="1" visitedBranchPoints="0" sequenceCoverage="0" branchCoverage="0" maxCyclomaticComplexity="1" minCyclomaticComplexity="1" maxCrapScore="2" minCrapScore="2" visitedClasses="0" numClasses="0" visitedMethods="0" numMethods="1" />
              <MetadataToken>100663407</MetadataToken>
              <Name>System.Int32 OpenCollections.Tests.ConcurrentConsumerTests/&lt;&gt;c::&lt;FIFO&gt;b__1_0(System.Int32)</Name>
              <FileRef uid="1" />
              <SequencePoints>
                <SequencePoint vc="0" uspid="80" ordinal="0" offset="0" sl="29" sc="36" el="29" ec="37" bec="0" bev="0" fileid="1" />
              </SequencePoints>
              <BranchPoints />
              <MethodPoint xsi:type="SequencePoint" vc="0" uspid="80" ordinal="0" offset="0" sl="29" sc="36" el="29" ec="37" bec="0" bev="0" fileid="1" />
            </Method>
            <Method visited="false" cyclomaticComplexity="1" nPathComplexity="0" sequenceCoverage="0" branchCoverage="0" crapScore="2" isConstructor="false" isStatic="false" isGetter="false" isSetter="false">
              <Summary numSequencePoints="1" visitedSequencePoints="0" numBranchPoints="1" visitedBranchPoints="0" sequenceCoverage="0" branchCoverage="0" maxCyclomaticComplexity="1" minCyclomaticComplexity="1" maxCrapScore="2" minCrapScore="2" visitedClasses="0" numClasses="0" visitedMethods="0" numMethods="1" />
              <MetadataToken>100663408</MetadataToken>
              <Name>System.Int32 OpenCollections.Tests.ConcurrentConsumerTests/&lt;&gt;c::&lt;FIFOAsync&gt;b__2_0(System.Int32)</Name>
              <FileRef uid="1" />
              <SequencePoints>
                <SequencePoint vc="0" uspid="81" ordinal="0" offset="0" sl="50" sc="36" el="50" ec="37" bec="0" bev="0" fileid="1" />
              </SequencePoints>
              <BranchPoints />
              <MethodPoint xsi:type="SequencePoint" vc="0" uspid="81" ordinal="0" offset="0" sl="50" sc="36" el="50" ec="37" bec="0" bev="0" fileid="1" />
            </Method>
            <Method visited="false" cyclomaticComplexity="1" nPathComplexity="0" sequenceCoverage="0" branchCoverage="0" crapScore="2" isConstructor="false" isStatic="false" isGetter="false" isSetter="false">
              <Summary numSequencePoints="1" visitedSequencePoints="0" numBranchPoints="1" visitedBranchPoints="0" sequenceCoverage="0" branchCoverage="0" maxCyclomaticComplexity="1" minCyclomaticComplexity="1" maxCrapScore="2" minCrapScore="2" visitedClasses="0" numClasses="0" visitedMethods="0" numMethods="1" />
              <MetadataToken>100663409</MetadataToken>
              <Name>System.Int32 OpenCollections.Tests.ConcurrentConsumerTests/&lt;&gt;c::&lt;BufferWorks&gt;b__5_0(System.Int32)</Name>
              <FileRef uid="1" />
              <SequencePoints>
                <SequencePoint vc="0" uspid="82" ordinal="0" offset="0" sl="96" sc="41" el="96" ec="42" bec="0" bev="0" fileid="1" />
              </SequencePoints>
              <BranchPoints />
              <MethodPoint xsi:type="SequencePoint" vc="0" uspid="82" ordinal="0" offset="0" sl="96" sc="41" el="96" ec="42" bec="0" bev="0" fileid="1" />
            </Method>
          </Methods>
        </Class>
        <Class>
          <Summary numSequencePoints="1" visitedSequencePoints="0" numBranchPoints="1" visitedBranchPoints="0" sequenceCoverage="0" branchCoverage="0" maxCyclomaticComplexity="1" minCyclomaticComplexity="1" maxCrapScore="2" minCrapScore="2" visitedClasses="0" numClasses="1" visitedMethods="0" numMethods="1" />
          <FullName>OpenCollections.Tests.ConcurrentConsumerTests/&lt;&gt;c__DisplayClass3_0</FullName>
          <Methods>
            <Method visited="false" cyclomaticComplexity="1" nPathComplexity="0" sequenceCoverage="0" branchCoverage="0" crapScore="2" isConstructor="true" isStatic="false" isGetter="false" isSetter="false">
              <Summary numSequencePoints="0" visitedSequencePoints="0" numBranchPoints="0" visitedBranchPoints="0" sequenceCoverage="0" branchCoverage="0" maxCyclomaticComplexity="1" minCyclomaticComplexity="1" maxCrapScore="2" minCrapScore="2" visitedClasses="0" numClasses="0" visitedMethods="0" numMethods="0" />
              <MetadataToken>100663410</MetadataToken>
              <Name>System.Void OpenCollections.Tests.ConcurrentConsumerTests/&lt;&gt;c__DisplayClass3_0::.ctor()</Name>
              <SequencePoints />
              <BranchPoints />
              <MethodPoint vc="0" uspid="83" ordinal="0" offset="0" />
            </Method>
            <Method visited="false" cyclomaticComplexity="1" nPathComplexity="0" sequenceCoverage="0" branchCoverage="0" crapScore="2" isConstructor="false" isStatic="false" isGetter="false" isSetter="false">
              <Summary numSequencePoints="1" visitedSequencePoints="0" numBranchPoints="1" visitedBranchPoints="0" sequenceCoverage="0" branchCoverage="0" maxCyclomaticComplexity="1" minCyclomaticComplexity="1" maxCrapScore="2" minCrapScore="2" visitedClasses="0" numClasses="0" visitedMethods="0" numMethods="1" />
              <MetadataToken>100663411</MetadataToken>
              <Name>System.Void OpenCollections.Tests.ConcurrentConsumerTests/&lt;&gt;c__DisplayClass3_0::&lt;ThrowsWhenNoOperationProvided&gt;b__0()</Name>
              <FileRef uid="1" />
              <SequencePoints>
                <SequencePoint vc="0" uspid="84" ordinal="0" offset="0" sl="73" sc="58" el="73" ec="76" bec="0" bev="0" fileid="1" />
              </SequencePoints>
              <BranchPoints />
              <MethodPoint xsi:type="SequencePoint" vc="0" uspid="84" ordinal="0" offset="0" sl="73" sc="58" el="73" ec="76" bec="0" bev="0" fileid="1" />
            </Method>
          </Methods>
        </Class>
        <Class>
          <Summary numSequencePoints="1" visitedSequencePoints="0" numBranchPoints="1" visitedBranchPoints="0" sequenceCoverage="0" branchCoverage="0" maxCyclomaticComplexity="1" minCyclomaticComplexity="1" maxCrapScore="2" minCrapScore="2" visitedClasses="0" numClasses="1" visitedMethods="0" numMethods="1" />
          <FullName>OpenCollections.Tests.ConcurrentConsumerTests/&lt;&gt;c__DisplayClass4_0</FullName>
          <Methods>
            <Method visited="false" cyclomaticComplexity="1" nPathComplexity="0" sequenceCoverage="0" branchCoverage="0" crapScore="2" isConstructor="true" isStatic="false" isGetter="false" isSetter="false">
              <Summary numSequencePoints="0" visitedSequencePoints="0" numBranchPoints="0" visitedBranchPoints="0" sequenceCoverage="0" branchCoverage="0" maxCyclomaticComplexity="1" minCyclomaticComplexity="1" maxCrapScore="2" minCrapScore="2" visitedClasses="0" numClasses="0" visitedMethods="0" numMethods="0" />
              <MetadataToken>100663412</MetadataToken>
              <Name>System.Void OpenCollections.Tests.ConcurrentConsumerTests/&lt;&gt;c__DisplayClass4_0::.ctor()</Name>
              <SequencePoints />
              <BranchPoints />
              <MethodPoint vc="0" uspid="85" ordinal="0" offset="0" />
            </Method>
            <Method visited="false" cyclomaticComplexity="1" nPathComplexity="0" sequenceCoverage="0" branchCoverage="0" crapScore="2" isConstructor="false" isStatic="false" isGetter="false" isSetter="false">
              <Summary numSequencePoints="1" visitedSequencePoints="0" numBranchPoints="1" visitedBranchPoints="0" sequenceCoverage="0" branchCoverage="0" maxCyclomaticComplexity="1" minCyclomaticComplexity="1" maxCrapScore="2" minCrapScore="2" visitedClasses="0" numClasses="0" visitedMethods="0" numMethods="1" />
              <MetadataToken>100663413</MetadataToken>
              <Name>System.Void OpenCollections.Tests.ConcurrentConsumerTests/&lt;&gt;c__DisplayClass4_0::&lt;ThrowsWhenCollectionEmpty&gt;b__0()</Name>
              <FileRef uid="1" />
              <SequencePoints>
                <SequencePoint vc="0" uspid="86" ordinal="0" offset="0" sl="82" sc="56" el="82" ec="74" bec="0" bev="0" fileid="1" />
              </SequencePoints>
              <BranchPoints />
              <MethodPoint xsi:type="SequencePoint" vc="0" uspid="86" ordinal="0" offset="0" sl="82" sc="56" el="82" ec="74" bec="0" bev="0" fileid="1" />
            </Method>
          </Methods>
        </Class>
        <Class>
          <Summary numSequencePoints="1" visitedSequencePoints="0" numBranchPoints="1" visitedBranchPoints="0" sequenceCoverage="0" branchCoverage="0" maxCyclomaticComplexity="1" minCyclomaticComplexity="1" maxCrapScore="2" minCrapScore="2" visitedClasses="0" numClasses="1" visitedMethods="0" numMethods="1" />
          <FullName>OpenCollections.Tests.ConcurrentConsumerTests/&lt;&gt;c__DisplayClass6_0</FullName>
          <Methods>
            <Method visited="false" cyclomaticComplexity="1" nPathComplexity="0" sequenceCoverage="0" branchCoverage="0" crapScore="2" isConstructor="true" isStatic="false" isGetter="false" isSetter="false">
              <Summary numSequencePoints="0" visitedSequencePoints="0" numBranchPoints="0" visitedBranchPoints="0" sequenceCoverage="0" branchCoverage="0" maxCyclomaticComplexity="1" minCyclomaticComplexity="1" maxCrapScore="2" minCrapScore="2" visitedClasses="0" numClasses="0" visitedMethods="0" numMethods="0" />
              <MetadataToken>100663414</MetadataToken>
              <Name>System.Void OpenCollections.Tests.ConcurrentConsumerTests/&lt;&gt;c__DisplayClass6_0::.ctor()</Name>
              <SequencePoints />
              <BranchPoints />
              <MethodPoint vc="0" uspid="87" ordinal="0" offset="0" />
            </Method>
            <Method visited="false" cyclomaticComplexity="1" nPathComplexity="0" sequenceCoverage="0" branchCoverage="0" crapScore="2" isConstructor="false" isStatic="false" isGetter="false" isSetter="false">
              <Summary numSequencePoints="1" visitedSequencePoints="0" numBranchPoints="1" visitedBranchPoints="0" sequenceCoverage="0" branchCoverage="0" maxCyclomaticComplexity="1" minCyclomaticComplexity="1" maxCrapScore="2" minCrapScore="2" visitedClasses="0" numClasses="0" visitedMethods="0" numMethods="1" />
              <MetadataToken>100663415</MetadataToken>
              <Name>System.Void OpenCollections.Tests.ConcurrentConsumerTests/&lt;&gt;c__DisplayClass6_0::&lt;CancelThrowsWhenAttemptingToCancelWhenCancelTokenIsManagedByOtherObject&gt;b__0()</Name>
              <FileRef uid="1" />
              <SequencePoints>
                <SequencePoint vc="0" uspid="88" ordinal="0" offset="0" sl="122" sc="56" el="122" ec="73" bec="0" bev="0" fileid="1" />
              </SequencePoints>
              <BranchPoints />
              <MethodPoint xsi:type="SequencePoint" vc="0" uspid="88" ordinal="0" offset="0" sl="122" sc="56" el="122" ec="73" bec="0" bev="0" fileid="1" />
            </Method>
          </Methods>
        </Class>
        <Class>
          <Summary numSequencePoints="60" visitedSequencePoints="37" numBranchPoints="11" visitedBranchPoints="8" sequenceCoverage="61.67" branchCoverage="72.73" maxCyclomaticComplexity="2" minCyclomaticComplexity="1" maxCrapScore="2" minCrapScore="1" visitedClasses="1" numClasses="1" visitedMethods="6" numMethods="9" />
          <FullName>OpenCollections.Tests.ConcurrentProducerTsts</FullName>
          <Methods>
            <Method visited="false" cyclomaticComplexity="1" nPathComplexity="0" sequenceCoverage="0" branchCoverage="0" crapScore="2" isConstructor="false" isStatic="false" isGetter="false" isSetter="false">
              <Summary numSequencePoints="8" visitedSequencePoints="0" numBranchPoints="1" visitedBranchPoints="0" sequenceCoverage="0" branchCoverage="0" maxCyclomaticComplexity="1" minCyclomaticComplexity="1" maxCrapScore="2" minCrapScore="2" visitedClasses="0" numClasses="0" visitedMethods="0" numMethods="1" />
              <MetadataToken>100663307</MetadataToken>
              <Name>System.Void OpenCollections.Tests.ConcurrentProducerTsts::FIFO()</Name>
              <FileRef uid="6" />
              <SequencePoints>
                <SequencePoint vc="0" uspid="89" ordinal="0" offset="0" sl="18" sc="9" el="18" ec="10" bec="0" bev="0" fileid="6" />
                <SequencePoint vc="0" uspid="90" ordinal="1" offset="1" sl="19" sc="13" el="19" ec="50" bec="0" bev="0" fileid="6" />
                <SequencePoint vc="0" uspid="91" ordinal="2" offset="13" sl="21" sc="13" el="21" ec="85" bec="0" bev="0" fileid="6" />
                <SequencePoint vc="0" uspid="92" ordinal="3" offset="26" sl="23" sc="13" el="23" ec="32" bec="0" bev="0" fileid="6" />
                <SequencePoint vc="0" uspid="93" ordinal="4" offset="33" sl="25" sc="13" el="25" ec="106" bec="0" bev="0" fileid="6" />
                <SequencePoint vc="0" uspid="94" ordinal="5" offset="58" sl="27" sc="13" el="27" ec="24" bec="0" bev="0" fileid="6" />
                <SequencePoint vc="0" uspid="95" ordinal="6" offset="59" sl="29" sc="13" el="29" ec="41" bec="0" bev="0" fileid="6" />
                <SequencePoint vc="0" uspid="96" ordinal="7" offset="67" sl="30" sc="9" el="30" ec="10" bec="0" bev="0" fileid="6" />
              </SequencePoints>
              <BranchPoints />
              <MethodPoint xsi:type="SequencePoint" vc="0" uspid="89" ordinal="0" offset="0" sl="18" sc="9" el="18" ec="10" bec="0" bev="0" fileid="6" />
            </Method>
            <Method visited="true" cyclomaticComplexity="1" nPathComplexity="0" sequenceCoverage="100" branchCoverage="100" crapScore="1" isConstructor="false" isStatic="false" isGetter="false" isSetter="false">
              <Summary numSequencePoints="8" visitedSequencePoints="8" numBranchPoints="1" visitedBranchPoints="1" sequenceCoverage="100" branchCoverage="100" maxCyclomaticComplexity="1" minCyclomaticComplexity="1" maxCrapScore="1" minCrapScore="1" visitedClasses="0" numClasses="0" visitedMethods="1" numMethods="1" />
              <MetadataToken>100663308</MetadataToken>
              <Name>System.Void OpenCollections.Tests.ConcurrentProducerTsts::FIFOAsync()</Name>
              <FileRef uid="6" />
              <SequencePoints>
                <SequencePoint vc="1" uspid="97" ordinal="0" offset="0" sl="33" sc="9" el="33" ec="10" bec="0" bev="0" fileid="6" />
                <SequencePoint vc="1" uspid="98" ordinal="1" offset="1" sl="34" sc="13" el="34" ec="50" bec="0" bev="0" fileid="6" />
                <SequencePoint vc="1" uspid="99" ordinal="2" offset="13" sl="36" sc="13" el="36" ec="85" bec="0" bev="0" fileid="6" />
                <SequencePoint vc="1" uspid="100" ordinal="3" offset="26" sl="38" sc="13" el="38" ec="44" bec="0" bev="0" fileid="6" />
                <SequencePoint vc="1" uspid="101" ordinal="4" offset="38" sl="40" sc="13" el="40" ec="106" bec="0" bev="0" fileid="6" />
                <SequencePoint vc="1" uspid="102" ordinal="5" offset="63" sl="42" sc="13" el="42" ec="24" bec="0" bev="0" fileid="6" />
                <SequencePoint vc="1" uspid="103" ordinal="6" offset="64" sl="44" sc="13" el="44" ec="41" bec="0" bev="0" fileid="6" />
                <SequencePoint vc="1" uspid="104" ordinal="7" offset="72" sl="45" sc="9" el="45" ec="10" bec="0" bev="0" fileid="6" />
              </SequencePoints>
              <BranchPoints />
              <MethodPoint xsi:type="SequencePoint" vc="1" uspid="97" ordinal="0" offset="0" sl="33" sc="9" el="33" ec="10" bec="0" bev="0" fileid="6" />
            </Method>
            <Method visited="false" cyclomaticComplexity="1" nPathComplexity="0" sequenceCoverage="0" branchCoverage="0" crapScore="2" isConstructor="false" isStatic="false" isGetter="false" isSetter="false">
              <Summary numSequencePoints="7" visitedSequencePoints="0" numBranchPoints="1" visitedBranchPoints="0" sequenceCoverage="0" branchCoverage="0" maxCyclomaticComplexity="1" minCyclomaticComplexity="1" maxCrapScore="2" minCrapScore="2" visitedClasses="0" numClasses="0" visitedMethods="0" numMethods="1" />
              <MetadataToken>100663309</MetadataToken>
              <Name>System.Void OpenCollections.Tests.ConcurrentProducerTsts::CancelThrowsWhenCancellationTokenIsManagedToken()</Name>
              <FileRef uid="6" />
              <SequencePoints>
                <SequencePoint vc="0" uspid="105" ordinal="0" offset="6" sl="49" sc="9" el="49" ec="10" bec="0" bev="0" fileid="6" />
                <SequencePoint vc="0" uspid="106" ordinal="1" offset="7" sl="50" sc="13" el="50" ec="50" bec="0" bev="0" fileid="6" />
                <SequencePoint vc="0" uspid="107" ordinal="2" offset="19" sl="52" sc="13" el="52" ec="85" bec="0" bev="0" fileid="6" />
                <SequencePoint vc="0" uspid="108" ordinal="3" offset="37" sl="54" sc="13" el="54" ec="81" bec="0" bev="0" fileid="6" />
                <SequencePoint vc="0" uspid="109" ordinal="4" offset="43" sl="56" sc="13" el="56" ec="58" bec="0" bev="0" fileid="6" />
                <SequencePoint vc="0" uspid="110" ordinal="5" offset="61" sl="58" sc="13" el="58" ec="75" bec="0" bev="0" fileid="6" />
                <SequencePoint vc="0" uspid="111" ordinal="6" offset="79" sl="59" sc="9" el="59" ec="10" bec="0" bev="0" fileid="6" />
              </SequencePoints>
              <BranchPoints />
              <MethodPoint vc="0" uspid="112" ordinal="0" offset="0" />
            </Method>
            <Method visited="false" cyclomaticComplexity="1" nPathComplexity="0" sequenceCoverage="0" branchCoverage="0" crapScore="2" isConstructor="false" isStatic="false" isGetter="false" isSetter="false">
              <Summary numSequencePoints="5" visitedSequencePoints="0" numBranchPoints="1" visitedBranchPoints="0" sequenceCoverage="0" branchCoverage="0" maxCyclomaticComplexity="1" minCyclomaticComplexity="1" maxCrapScore="2" minCrapScore="2" visitedClasses="0" numClasses="0" visitedMethods="0" numMethods="1" />
              <MetadataToken>100663310</MetadataToken>
              <Name>System.Void OpenCollections.Tests.ConcurrentProducerTsts::GracefullyHandlesNullIteratorYield()</Name>
              <FileRef uid="6" />
              <SequencePoints>
                <SequencePoint vc="0" uspid="113" ordinal="0" offset="0" sl="63" sc="9" el="63" ec="10" bec="0" bev="0" fileid="6" />
                <SequencePoint vc="0" uspid="114" ordinal="1" offset="2" sl="72" sc="13" el="72" ec="59" bec="0" bev="0" fileid="6" />
                <SequencePoint vc="0" uspid="115" ordinal="2" offset="13" sl="74" sc="13" el="74" ec="32" bec="0" bev="0" fileid="6" />
                <SequencePoint vc="0" uspid="116" ordinal="3" offset="20" sl="76" sc="13" el="76" ec="63" bec="0" bev="0" fileid="6" />
                <SequencePoint vc="0" uspid="117" ordinal="4" offset="40" sl="77" sc="9" el="77" ec="10" bec="0" bev="0" fileid="6" />
              </SequencePoints>
              <BranchPoints />
              <MethodPoint xsi:type="SequencePoint" vc="0" uspid="113" ordinal="0" offset="0" sl="63" sc="9" el="63" ec="10" bec="0" bev="0" fileid="6" />
            </Method>
            <Method visited="true" cyclomaticComplexity="2" nPathComplexity="0" sequenceCoverage="100" branchCoverage="100" crapScore="2" isConstructor="false" isStatic="false" isGetter="false" isSetter="false">
              <Summary numSequencePoints="8" visitedSequencePoints="8" numBranchPoints="1" visitedBranchPoints="1" sequenceCoverage="100" branchCoverage="100" maxCyclomaticComplexity="2" minCyclomaticComplexity="2" maxCrapScore="2" minCrapScore="2" visitedClasses="0" numClasses="0" visitedMethods="1" numMethods="1" />
              <MetadataToken>100663311</MetadataToken>
              <Name>System.Void OpenCollections.Tests.ConcurrentProducerTsts::DisposeTraverses()</Name>
              <FileRef uid="6" />
              <SequencePoints>
                <SequencePoint vc="1" uspid="118" ordinal="0" offset="0" sl="81" sc="9" el="81" ec="10" bec="0" bev="0" fileid="6" />
                <SequencePoint vc="1" uspid="119" ordinal="1" offset="1" sl="82" sc="13" el="82" ec="41" bec="0" bev="0" fileid="6" />
                <SequencePoint vc="1" uspid="120" ordinal="2" offset="19" sl="83" sc="20" el="83" ec="71" bec="0" bev="0" fileid="6" />
                <SequencePoint vc="1" uspid="121" ordinal="3" offset="26" sl="84" sc="13" el="84" ec="14" bec="0" bev="0" fileid="6" />
                <SequencePoint vc="1" uspid="122" ordinal="4" offset="27" sl="85" sc="17" el="85" ec="36" bec="0" bev="0" fileid="6" />
                <SequencePoint vc="1" uspid="123" ordinal="5" offset="34" sl="86" sc="17" el="86" ec="67" bec="0" bev="0" fileid="6" />
                <SequencePoint vc="1" uspid="124" ordinal="6" offset="54" sl="87" sc="13" el="87" ec="14" bec="0" bev="0" fileid="6" />
                <SequencePoint vc="1" uspid="125" ordinal="7" offset="68" sl="88" sc="9" el="88" ec="10" bec="0" bev="0" fileid="6" />
              </SequencePoints>
              <BranchPoints />
              <MethodPoint xsi:type="SequencePoint" vc="1" uspid="118" ordinal="0" offset="0" sl="81" sc="9" el="81" ec="10" bec="0" bev="0" fileid="6" />
            </Method>
            <Method visited="true" cyclomaticComplexity="1" nPathComplexity="0" sequenceCoverage="100" branchCoverage="100" crapScore="1" isConstructor="false" isStatic="false" isGetter="false" isSetter="false">
              <Summary numSequencePoints="6" visitedSequencePoints="6" numBranchPoints="1" visitedBranchPoints="1" sequenceCoverage="100" branchCoverage="100" maxCyclomaticComplexity="1" minCyclomaticComplexity="1" maxCrapScore="1" minCrapScore="1" visitedClasses="0" numClasses="0" visitedMethods="1" numMethods="1" />
              <MetadataToken>100663312</MetadataToken>
              <Name>System.Void OpenCollections.Tests.ConcurrentProducerTsts::DoesntThrowWhenCancelAndNoManagedToken()</Name>
              <FileRef uid="6" />
              <SequencePoints>
                <SequencePoint vc="1" uspid="126" ordinal="0" offset="6" sl="92" sc="9" el="92" ec="10" bec="0" bev="0" fileid="6" />
                <SequencePoint vc="1" uspid="127" ordinal="1" offset="7" sl="93" sc="13" el="93" ec="50" bec="0" bev="0" fileid="6" />
                <SequencePoint vc="1" uspid="128" ordinal="2" offset="19" sl="94" sc="13" el="94" ec="58" bec="0" bev="0" fileid="6" />
                <SequencePoint vc="1" uspid="129" ordinal="3" offset="31" sl="95" sc="13" el="95" ec="40" bec="0" bev="0" fileid="6" />
                <SequencePoint vc="1" uspid="130" ordinal="4" offset="53" sl="101" sc="13" el="101" ec="55" bec="0" bev="0" fileid="6" />
                <SequencePoint vc="1" uspid="131" ordinal="5" offset="71" sl="102" sc="9" el="102" ec="10" bec="0" bev="0" fileid="6" />
              </SequencePoints>
              <BranchPoints />
              <MethodPoint vc="1" uspid="132" ordinal="0" offset="0" />
            </Method>
            <Method visited="true" cyclomaticComplexity="1" nPathComplexity="0" sequenceCoverage="57.14" branchCoverage="100" crapScore="1.08" isConstructor="false" isStatic="false" isGetter="false" isSetter="false">
              <Summary numSequencePoints="7" visitedSequencePoints="4" numBranchPoints="1" visitedBranchPoints="1" sequenceCoverage="57.14" branchCoverage="100" maxCyclomaticComplexity="1" minCyclomaticComplexity="1" maxCrapScore="1.08" minCrapScore="1.08" visitedClasses="0" numClasses="0" visitedMethods="1" numMethods="1" />
              <MetadataToken>100663313</MetadataToken>
              <Name>System.Void OpenCollections.Tests.ConcurrentProducerTsts::BufferWorks()</Name>
              <FileRef uid="6" />
              <SequencePoints>
                <SequencePoint vc="1" uspid="133" ordinal="0" offset="0" sl="106" sc="9" el="106" ec="10" bec="0" bev="0" fileid="6" />
                <SequencePoint vc="1" uspid="134" ordinal="1" offset="1" sl="107" sc="13" el="107" ec="93" bec="0" bev="0" fileid="6" />
                <SequencePoint vc="1" uspid="135" ordinal="2" offset="7" sl="109" sc="13" el="109" ec="45" bec="0" bev="0" fileid="6" />
                <SequencePoint vc="1" uspid="136" ordinal="3" offset="14" sl="111" sc="13" el="111" ec="51" bec="0" bev="0" fileid="6" />
                <SequencePoint vc="0" uspid="137" ordinal="4" offset="26" sl="113" sc="13" el="113" ec="70" bec="0" bev="0" fileid="6" />
                <SequencePoint vc="0" uspid="138" ordinal="5" offset="34" sl="115" sc="13" el="115" ec="32" bec="0" bev="0" fileid="6" />
                <SequencePoint vc="0" uspid="139" ordinal="6" offset="41" sl="116" sc="9" el="116" ec="10" bec="0" bev="0" fileid="6" />
              </SequencePoints>
              <BranchPoints />
              <MethodPoint xsi:type="SequencePoint" vc="1" uspid="133" ordinal="0" offset="0" sl="106" sc="9" el="106" ec="10" bec="0" bev="0" fileid="6" />
            </Method>
            <Method visited="true" cyclomaticComplexity="2" nPathComplexity="2" sequenceCoverage="100" branchCoverage="100" crapScore="2" isConstructor="false" isStatic="false" isGetter="false" isSetter="false">
              <Summary numSequencePoints="10" visitedSequencePoints="10" numBranchPoints="3" visitedBranchPoints="3" sequenceCoverage="100" branchCoverage="100" maxCyclomaticComplexity="2" minCyclomaticComplexity="2" maxCrapScore="2" minCrapScore="2" visitedClasses="0" numClasses="0" visitedMethods="1" numMethods="1" />
              <MetadataToken>100663314</MetadataToken>
              <Name>System.String[] OpenCollections.Tests.ConcurrentProducerTsts::CreateTestData(System.Int32)</Name>
              <FileRef uid="6" />
              <SequencePoints>
                <SequencePoint vc="3" uspid="140" ordinal="0" offset="0" sl="119" sc="9" el="119" ec="10" bec="0" bev="0" fileid="6" />
                <SequencePoint vc="3" uspid="141" ordinal="1" offset="1" sl="120" sc="13" el="120" ec="55" bec="0" bev="0" fileid="6" />
                <SequencePoint vc="3" uspid="142" ordinal="2" offset="8" sl="121" sc="18" el="121" ec="27" bec="0" bev="0" fileid="6" />
                <SequencePoint vc="1122" uspid="143" ordinal="3" offset="12" sl="122" sc="13" el="122" ec="14" bec="0" bev="0" fileid="6" />
                <SequencePoint vc="1122" uspid="144" ordinal="4" offset="13" sl="123" sc="17" el="123" ec="56" bec="0" bev="0" fileid="6" />
                <SequencePoint vc="1122" uspid="145" ordinal="5" offset="42" sl="124" sc="13" el="124" ec="14" bec="0" bev="0" fileid="6" />
                <SequencePoint vc="1122" uspid="146" ordinal="6" offset="43" sl="121" sc="41" el="121" ec="44" bec="0" bev="0" fileid="6" />
                <SequencePoint vc="1125" uspid="147" ordinal="7" offset="47" sl="121" sc="29" el="121" ec="39" bec="2" bev="2" fileid="6" />
                <SequencePoint vc="2" uspid="148" ordinal="8" offset="55" sl="125" sc="13" el="125" ec="32" bec="0" bev="0" fileid="6" />
                <SequencePoint vc="2" uspid="149" ordinal="9" offset="59" sl="126" sc="9" el="126" ec="10" bec="0" bev="0" fileid="6" />
              </SequencePoints>
              <BranchPoints>
                <BranchPoint vc="2" uspid="150" ordinal="0" offset="53" sl="121" path="0" offsetend="55" fileid="6" />
                <BranchPoint vc="1123" uspid="151" ordinal="1" offset="53" sl="121" path="1" offsetend="12" fileid="6" />
              </BranchPoints>
              <MethodPoint xsi:type="SequencePoint" vc="3" uspid="140" ordinal="0" offset="0" sl="119" sc="9" el="119" ec="10" bec="0" bev="0" fileid="6" />
            </Method>
            <Method visited="false" cyclomaticComplexity="1" nPathComplexity="0" sequenceCoverage="0" branchCoverage="0" crapScore="2" isConstructor="false" isStatic="false" isGetter="false" isSetter="false">
              <Summary numSequencePoints="0" visitedSequencePoints="0" numBranchPoints="0" visitedBranchPoints="0" sequenceCoverage="0" branchCoverage="0" maxCyclomaticComplexity="1" minCyclomaticComplexity="1" maxCrapScore="2" minCrapScore="2" visitedClasses="0" numClasses="0" visitedMethods="0" numMethods="0" />
              <MetadataToken>100663315</MetadataToken>
              <Name>System.Collections.Generic.IEnumerable`1&lt;System.String&gt; OpenCollections.Tests.ConcurrentProducerTsts::TestEnumerable(System.Collections.Generic.IEnumerable`1&lt;System.String&gt;)</Name>
              <SequencePoints />
              <BranchPoints />
              <MethodPoint vc="0" uspid="152" ordinal="0" offset="0" />
            </Method>
            <Method visited="true" cyclomaticComplexity="1" nPathComplexity="0" sequenceCoverage="100" branchCoverage="100" crapScore="1" isConstructor="true" isStatic="false" isGetter="false" isSetter="false">
              <Summary numSequencePoints="1" visitedSequencePoints="1" numBranchPoints="1" visitedBranchPoints="1" sequenceCoverage="100" branchCoverage="100" maxCyclomaticComplexity="1" minCyclomaticComplexity="1" maxCrapScore="1" minCrapScore="1" visitedClasses="0" numClasses="0" visitedMethods="1" numMethods="1" />
              <MetadataToken>100663316</MetadataToken>
              <Name>System.Void OpenCollections.Tests.ConcurrentProducerTsts::.ctor()</Name>
              <FileRef uid="6" />
              <SequencePoints>
                <SequencePoint vc="4" uspid="153" ordinal="0" offset="0" sl="15" sc="9" el="15" ec="41" bec="0" bev="0" fileid="6" />
              </SequencePoints>
              <BranchPoints />
              <MethodPoint xsi:type="SequencePoint" vc="4" uspid="153" ordinal="0" offset="0" sl="15" sc="9" el="15" ec="41" bec="0" bev="0" fileid="6" />
            </Method>
            <Method visited="false" cyclomaticComplexity="1" nPathComplexity="0" sequenceCoverage="0" branchCoverage="0" crapScore="2" isConstructor="false" isStatic="true" isGetter="false" isSetter="false">
              <Summary numSequencePoints="0" visitedSequencePoints="0" numBranchPoints="0" visitedBranchPoints="0" sequenceCoverage="0" branchCoverage="0" maxCyclomaticComplexity="1" minCyclomaticComplexity="1" maxCrapScore="2" minCrapScore="2" visitedClasses="0" numClasses="0" visitedMethods="0" numMethods="0" />
              <MetadataToken>100663317</MetadataToken>
              <Name>System.Collections.Generic.IEnumerable`1&lt;System.Nullable`1&lt;System.Int32&gt;&gt; OpenCollections.Tests.ConcurrentProducerTsts::&lt;GracefullyHandlesNullIteratorYield&gt;g__Test|4_0()</Name>
              <SequencePoints />
              <BranchPoints />
              <MethodPoint vc="0" uspid="154" ordinal="0" offset="0" />
            </Method>
          </Methods>
        </Class>
        <Class>
          <Summary numSequencePoints="1" visitedSequencePoints="0" numBranchPoints="1" visitedBranchPoints="0" sequenceCoverage="0" branchCoverage="0" maxCyclomaticComplexity="1" minCyclomaticComplexity="1" maxCrapScore="2" minCrapScore="2" visitedClasses="0" numClasses="1" visitedMethods="0" numMethods="1" />
          <FullName>OpenCollections.Tests.ConcurrentProducerTsts/&lt;&gt;c__DisplayClass3_0</FullName>
          <Methods>
            <Method visited="false" cyclomaticComplexity="1" nPathComplexity="0" sequenceCoverage="0" branchCoverage="0" crapScore="2" isConstructor="true" isStatic="false" isGetter="false" isSetter="false">
              <Summary numSequencePoints="0" visitedSequencePoints="0" numBranchPoints="0" visitedBranchPoints="0" sequenceCoverage="0" branchCoverage="0" maxCyclomaticComplexity="1" minCyclomaticComplexity="1" maxCrapScore="2" minCrapScore="2" visitedClasses="0" numClasses="0" visitedMethods="0" numMethods="0" />
              <MetadataToken>100663416</MetadataToken>
              <Name>System.Void OpenCollections.Tests.ConcurrentProducerTsts/&lt;&gt;c__DisplayClass3_0::.ctor()</Name>
              <SequencePoints />
              <BranchPoints />
              <MethodPoint vc="0" uspid="155" ordinal="0" offset="0" />
            </Method>
            <Method visited="false" cyclomaticComplexity="1" nPathComplexity="0" sequenceCoverage="0" branchCoverage="0" crapScore="2" isConstructor="false" isStatic="false" isGetter="false" isSetter="false">
              <Summary numSequencePoints="1" visitedSequencePoints="0" numBranchPoints="1" visitedBranchPoints="0" sequenceCoverage="0" branchCoverage="0" maxCyclomaticComplexity="1" minCyclomaticComplexity="1" maxCrapScore="2" minCrapScore="2" visitedClasses="0" numClasses="0" visitedMethods="0" numMethods="1" />
              <MetadataToken>100663417</MetadataToken>
              <Name>System.Void OpenCollections.Tests.ConcurrentProducerTsts/&lt;&gt;c__DisplayClass3_0::&lt;CancelThrowsWhenCancellationTokenIsManagedToken&gt;b__0()</Name>
              <FileRef uid="6" />
              <SequencePoints>
                <SequencePoint vc="0" uspid="156" ordinal="0" offset="0" sl="58" sc="56" el="58" ec="73" bec="0" bev="0" fileid="6" />
              </SequencePoints>
              <BranchPoints />
              <MethodPoint xsi:type="SequencePoint" vc="0" uspid="156" ordinal="0" offset="0" sl="58" sc="56" el="58" ec="73" bec="0" bev="0" fileid="6" />
            </Method>
          </Methods>
        </Class>
        <Class>
          <Summary numSequencePoints="3" visitedSequencePoints="3" numBranchPoints="1" visitedBranchPoints="1" sequenceCoverage="100" branchCoverage="100" maxCyclomaticComplexity="1" minCyclomaticComplexity="1" maxCrapScore="2" minCrapScore="1" visitedClasses="1" numClasses="1" visitedMethods="1" numMethods="1" />
          <FullName>OpenCollections.Tests.ConcurrentProducerTsts/&lt;&gt;c__DisplayClass6_0</FullName>
          <Methods>
            <Method visited="false" cyclomaticComplexity="1" nPathComplexity="0" sequenceCoverage="0" branchCoverage="0" crapScore="2" isConstructor="true" isStatic="false" isGetter="false" isSetter="false">
              <Summary numSequencePoints="0" visitedSequencePoints="0" numBranchPoints="0" visitedBranchPoints="0" sequenceCoverage="0" branchCoverage="0" maxCyclomaticComplexity="1" minCyclomaticComplexity="1" maxCrapScore="2" minCrapScore="2" visitedClasses="0" numClasses="0" visitedMethods="0" numMethods="0" />
              <MetadataToken>100663418</MetadataToken>
              <Name>System.Void OpenCollections.Tests.ConcurrentProducerTsts/&lt;&gt;c__DisplayClass6_0::.ctor()</Name>
              <SequencePoints />
              <BranchPoints />
              <MethodPoint vc="0" uspid="157" ordinal="0" offset="0" />
            </Method>
            <Method visited="true" cyclomaticComplexity="1" nPathComplexity="0" sequenceCoverage="100" branchCoverage="100" crapScore="1" isConstructor="false" isStatic="false" isGetter="false" isSetter="false">
              <Summary numSequencePoints="3" visitedSequencePoints="3" numBranchPoints="1" visitedBranchPoints="1" sequenceCoverage="100" branchCoverage="100" maxCyclomaticComplexity="1" minCyclomaticComplexity="1" maxCrapScore="1" minCrapScore="1" visitedClasses="0" numClasses="0" visitedMethods="1" numMethods="1" />
              <MetadataToken>100663419</MetadataToken>
              <Name>System.Void OpenCollections.Tests.ConcurrentProducerTsts/&lt;&gt;c__DisplayClass6_0::&lt;DoesntThrowWhenCancelAndNoManagedToken&gt;g__ThrowsIfSuccess|0()</Name>
              <FileRef uid="6" />
              <SequencePoints>
                <SequencePoint vc="1" uspid="158" ordinal="0" offset="0" sl="97" sc="13" el="97" ec="14" bec="0" bev="0" fileid="6" />
                <SequencePoint vc="1" uspid="159" ordinal="1" offset="1" sl="98" sc="17" el="98" ec="32" bec="0" bev="0" fileid="6" />
                <SequencePoint vc="1" uspid="160" ordinal="2" offset="13" sl="99" sc="17" el="99" ec="39" bec="0" bev="0" fileid="6" />
              </SequencePoints>
              <BranchPoints />
              <MethodPoint xsi:type="SequencePoint" vc="1" uspid="158" ordinal="0" offset="0" sl="97" sc="13" el="97" ec="14" bec="0" bev="0" fileid="6" />
            </Method>
          </Methods>
        </Class>
        <Class>
          <Summary numSequencePoints="9" visitedSequencePoints="9" numBranchPoints="1" visitedBranchPoints="1" sequenceCoverage="100" branchCoverage="100" maxCyclomaticComplexity="4" minCyclomaticComplexity="1" maxCrapScore="12" minCrapScore="2" visitedClasses="1" numClasses="1" visitedMethods="1" numMethods="1" />
          <FullName>OpenCollections.Tests.ConcurrentProducerTsts/&lt;TestEnumerable&gt;d__9</FullName>
          <Methods>
            <Method visited="false" cyclomaticComplexity="1" nPathComplexity="0" sequenceCoverage="0" branchCoverage="0" crapScore="2" isConstructor="false" isStatic="false" isGetter="true" isSetter="false">
              <Summary numSequencePoints="0" visitedSequencePoints="0" numBranchPoints="0" visitedBranchPoints="0" sequenceCoverage="0" branchCoverage="0" maxCyclomaticComplexity="1" minCyclomaticComplexity="1" maxCrapScore="2" minCrapScore="2" visitedClasses="0" numClasses="0" visitedMethods="0" numMethods="0" />
              <MetadataToken>100663424</MetadataToken>
              <Name>System.String OpenCollections.Tests.ConcurrentProducerTsts/&lt;TestEnumerable&gt;d__9::System.Collections.Generic.IEnumerator&lt;System.String&gt;.get_Current()</Name>
              <SequencePoints />
              <BranchPoints />
              <MethodPoint vc="0" uspid="161" ordinal="0" offset="0" />
            </Method>
            <Method visited="false" cyclomaticComplexity="1" nPathComplexity="0" sequenceCoverage="0" branchCoverage="0" crapScore="2" isConstructor="false" isStatic="false" isGetter="true" isSetter="false">
              <Summary numSequencePoints="0" visitedSequencePoints="0" numBranchPoints="0" visitedBranchPoints="0" sequenceCoverage="0" branchCoverage="0" maxCyclomaticComplexity="1" minCyclomaticComplexity="1" maxCrapScore="2" minCrapScore="2" visitedClasses="0" numClasses="0" visitedMethods="0" numMethods="0" />
              <MetadataToken>100663426</MetadataToken>
              <Name>System.Object OpenCollections.Tests.ConcurrentProducerTsts/&lt;TestEnumerable&gt;d__9::System.Collections.IEnumerator.get_Current()</Name>
              <SequencePoints />
              <BranchPoints />
              <MethodPoint vc="0" uspid="162" ordinal="0" offset="0" />
            </Method>
            <Method visited="false" cyclomaticComplexity="1" nPathComplexity="0" sequenceCoverage="0" branchCoverage="0" crapScore="2" isConstructor="true" isStatic="false" isGetter="false" isSetter="false">
              <Summary numSequencePoints="0" visitedSequencePoints="0" numBranchPoints="0" visitedBranchPoints="0" sequenceCoverage="0" branchCoverage="0" maxCyclomaticComplexity="1" minCyclomaticComplexity="1" maxCrapScore="2" minCrapScore="2" visitedClasses="0" numClasses="0" visitedMethods="0" numMethods="0" />
              <MetadataToken>100663420</MetadataToken>
              <Name>System.Void OpenCollections.Tests.ConcurrentProducerTsts/&lt;TestEnumerable&gt;d__9::.ctor(System.Int32)</Name>
              <SequencePoints />
              <BranchPoints />
              <MethodPoint vc="0" uspid="163" ordinal="0" offset="0" />
            </Method>
            <Method visited="false" cyclomaticComplexity="3" nPathComplexity="0" sequenceCoverage="0" branchCoverage="0" crapScore="12" isConstructor="false" isStatic="false" isGetter="false" isSetter="false">
              <Summary numSequencePoints="0" visitedSequencePoints="0" numBranchPoints="0" visitedBranchPoints="0" sequenceCoverage="0" branchCoverage="0" maxCyclomaticComplexity="3" minCyclomaticComplexity="3" maxCrapScore="12" minCrapScore="12" visitedClasses="0" numClasses="0" visitedMethods="0" numMethods="0" />
              <MetadataToken>100663421</MetadataToken>
              <Name>System.Void OpenCollections.Tests.ConcurrentProducerTsts/&lt;TestEnumerable&gt;d__9::System.IDisposable.Dispose()</Name>
              <SequencePoints />
              <BranchPoints />
              <MethodPoint vc="0" uspid="164" ordinal="0" offset="0" />
            </Method>
            <Method visited="true" cyclomaticComplexity="4" nPathComplexity="0" sequenceCoverage="100" branchCoverage="100" crapScore="4" isConstructor="false" isStatic="false" isGetter="false" isSetter="false">
              <Summary numSequencePoints="9" visitedSequencePoints="9" numBranchPoints="1" visitedBranchPoints="1" sequenceCoverage="100" branchCoverage="100" maxCyclomaticComplexity="4" minCyclomaticComplexity="4" maxCrapScore="4" minCrapScore="4" visitedClasses="0" numClasses="0" visitedMethods="1" numMethods="1" />
              <MetadataToken>100663422</MetadataToken>
              <Name>System.Boolean OpenCollections.Tests.ConcurrentProducerTsts/&lt;TestEnumerable&gt;d__9::MoveNext()</Name>
              <FileRef uid="6" />
              <SequencePoints>
                <SequencePoint vc="1" uspid="165" ordinal="0" offset="36" sl="129" sc="9" el="129" ec="10" bec="0" bev="0" fileid="6" />
                <SequencePoint vc="1" uspid="166" ordinal="1" offset="37" sl="130" sc="13" el="130" ec="20" bec="0" bev="0" fileid="6" />
                <SequencePoint vc="1" uspid="167" ordinal="2" offset="38" sl="130" sc="34" el="130" ec="44" bec="0" bev="0" fileid="6" />
                <SequencePoint vc="500" uspid="168" ordinal="3" offset="65" sl="130" sc="22" el="130" ec="30" bec="0" bev="0" fileid="6" />
                <SequencePoint vc="500" uspid="169" ordinal="4" offset="82" sl="131" sc="13" el="131" ec="14" bec="0" bev="0" fileid="6" />
                <SequencePoint vc="500" uspid="170" ordinal="5" offset="83" sl="132" sc="17" el="132" ec="35" bec="0" bev="0" fileid="6" />
                <SequencePoint vc="500" uspid="171" ordinal="6" offset="114" sl="133" sc="13" el="133" ec="14" bec="0" bev="0" fileid="6" />
                <SequencePoint vc="501" uspid="172" ordinal="7" offset="122" sl="130" sc="31" el="130" ec="33" bec="0" bev="0" fileid="6" />
                <SequencePoint vc="1" uspid="173" ordinal="8" offset="149" sl="134" sc="9" el="134" ec="10" bec="0" bev="0" fileid="6" />
              </SequencePoints>
              <BranchPoints />
              <MethodPoint vc="501" uspid="178" ordinal="0" offset="0" />
            </Method>
            <Method visited="false" cyclomaticComplexity="2" nPathComplexity="0" sequenceCoverage="0" branchCoverage="0" crapScore="6" isConstructor="false" isStatic="false" isGetter="false" isSetter="false">
              <Summary numSequencePoints="0" visitedSequencePoints="0" numBranchPoints="0" visitedBranchPoints="0" sequenceCoverage="0" branchCoverage="0" maxCyclomaticComplexity="2" minCyclomaticComplexity="2" maxCrapScore="6" minCrapScore="6" visitedClasses="0" numClasses="0" visitedMethods="0" numMethods="0" />
              <MetadataToken>100663423</MetadataToken>
              <Name>System.Void OpenCollections.Tests.ConcurrentProducerTsts/&lt;TestEnumerable&gt;d__9::&lt;&gt;m__Finally1()</Name>
              <SequencePoints />
              <BranchPoints />
              <MethodPoint vc="0" uspid="179" ordinal="0" offset="0" />
            </Method>
            <Method visited="false" cyclomaticComplexity="1" nPathComplexity="0" sequenceCoverage="0" branchCoverage="0" crapScore="2" isConstructor="false" isStatic="false" isGetter="false" isSetter="false">
              <Summary numSequencePoints="0" visitedSequencePoints="0" numBranchPoints="0" visitedBranchPoints="0" sequenceCoverage="0" branchCoverage="0" maxCyclomaticComplexity="1" minCyclomaticComplexity="1" maxCrapScore="2" minCrapScore="2" visitedClasses="0" numClasses="0" visitedMethods="0" numMethods="0" />
              <MetadataToken>100663425</MetadataToken>
              <Name>System.Void OpenCollections.Tests.ConcurrentProducerTsts/&lt;TestEnumerable&gt;d__9::System.Collections.IEnumerator.Reset()</Name>
              <SequencePoints />
              <BranchPoints />
              <MethodPoint vc="0" uspid="180" ordinal="0" offset="0" />
            </Method>
            <Method visited="false" cyclomaticComplexity="3" nPathComplexity="0" sequenceCoverage="0" branchCoverage="0" crapScore="12" isConstructor="false" isStatic="false" isGetter="false" isSetter="false">
              <Summary numSequencePoints="0" visitedSequencePoints="0" numBranchPoints="0" visitedBranchPoints="0" sequenceCoverage="0" branchCoverage="0" maxCyclomaticComplexity="3" minCyclomaticComplexity="3" maxCrapScore="12" minCrapScore="12" visitedClasses="0" numClasses="0" visitedMethods="0" numMethods="0" />
              <MetadataToken>100663427</MetadataToken>
              <Name>System.Collections.Generic.IEnumerator`1&lt;System.String&gt; OpenCollections.Tests.ConcurrentProducerTsts/&lt;TestEnumerable&gt;d__9::System.Collections.Generic.IEnumerable&lt;System.String&gt;.GetEnumerator()</Name>
              <SequencePoints />
              <BranchPoints />
              <MethodPoint vc="0" uspid="181" ordinal="0" offset="0" />
            </Method>
            <Method visited="false" cyclomaticComplexity="1" nPathComplexity="0" sequenceCoverage="0" branchCoverage="0" crapScore="2" isConstructor="false" isStatic="false" isGetter="false" isSetter="false">
              <Summary numSequencePoints="0" visitedSequencePoints="0" numBranchPoints="0" visitedBranchPoints="0" sequenceCoverage="0" branchCoverage="0" maxCyclomaticComplexity="1" minCyclomaticComplexity="1" maxCrapScore="2" minCrapScore="2" visitedClasses="0" numClasses="0" visitedMethods="0" numMethods="0" />
              <MetadataToken>100663428</MetadataToken>
              <Name>System.Collections.IEnumerator OpenCollections.Tests.ConcurrentProducerTsts/&lt;TestEnumerable&gt;d__9::System.Collections.IEnumerable.GetEnumerator()</Name>
              <SequencePoints />
              <BranchPoints />
              <MethodPoint vc="0" uspid="182" ordinal="0" offset="0" />
            </Method>
          </Methods>
        </Class>
        <Class>
          <Summary numSequencePoints="5" visitedSequencePoints="0" numBranchPoints="1" visitedBranchPoints="0" sequenceCoverage="0" branchCoverage="0" maxCyclomaticComplexity="7" minCyclomaticComplexity="1" maxCrapScore="56" minCrapScore="2" visitedClasses="0" numClasses="1" visitedMethods="0" numMethods="1" />
          <FullName>OpenCollections.Tests.ConcurrentProducerTsts/&lt;&lt;GracefullyHandlesNullIteratorYield&gt;g__Test|4_0&gt;d</FullName>
          <Methods>
            <Method visited="false" cyclomaticComplexity="1" nPathComplexity="0" sequenceCoverage="0" branchCoverage="0" crapScore="2" isConstructor="false" isStatic="false" isGetter="true" isSetter="false">
              <Summary numSequencePoints="0" visitedSequencePoints="0" numBranchPoints="0" visitedBranchPoints="0" sequenceCoverage="0" branchCoverage="0" maxCyclomaticComplexity="1" minCyclomaticComplexity="1" maxCrapScore="2" minCrapScore="2" visitedClasses="0" numClasses="0" visitedMethods="0" numMethods="0" />
              <MetadataToken>100663432</MetadataToken>
              <Name>System.Nullable`1&lt;System.Int32&gt; OpenCollections.Tests.ConcurrentProducerTsts/&lt;&lt;GracefullyHandlesNullIteratorYield&gt;g__Test|4_0&gt;d::System.Collections.Generic.IEnumerator&lt;System.Int32?&gt;.get_Current()</Name>
              <SequencePoints />
              <BranchPoints />
              <MethodPoint vc="0" uspid="183" ordinal="0" offset="0" />
            </Method>
            <Method visited="false" cyclomaticComplexity="1" nPathComplexity="0" sequenceCoverage="0" branchCoverage="0" crapScore="2" isConstructor="false" isStatic="false" isGetter="true" isSetter="false">
              <Summary numSequencePoints="0" visitedSequencePoints="0" numBranchPoints="0" visitedBranchPoints="0" sequenceCoverage="0" branchCoverage="0" maxCyclomaticComplexity="1" minCyclomaticComplexity="1" maxCrapScore="2" minCrapScore="2" visitedClasses="0" numClasses="0" visitedMethods="0" numMethods="0" />
              <MetadataToken>100663434</MetadataToken>
              <Name>System.Object OpenCollections.Tests.ConcurrentProducerTsts/&lt;&lt;GracefullyHandlesNullIteratorYield&gt;g__Test|4_0&gt;d::System.Collections.IEnumerator.get_Current()</Name>
              <SequencePoints />
              <BranchPoints />
              <MethodPoint vc="0" uspid="184" ordinal="0" offset="0" />
            </Method>
            <Method visited="false" cyclomaticComplexity="1" nPathComplexity="0" sequenceCoverage="0" branchCoverage="0" crapScore="2" isConstructor="true" isStatic="false" isGetter="false" isSetter="false">
[...]
              <MetadataToken>100663587</MetadataToken>
              <Name>System.Void OpenCollections.ConcurrentProducer`1/&lt;ProduceAsync&gt;d__38::MoveNext()</Name>
              <FileRef uid="94" />
              <SequencePoints>
                <SequencePoint vc="1" uspid="2198" ordinal="0" offset="62" sl="63" sc="9" el="63" ec="10" bec="0" bev="0" fileid="94" />
                <SequencePoint vc="1" uspid="2199" ordinal="1" offset="63" sl="64" sc="13" el="64" ec="44" bec="0" bev="0" fileid="94" />
                <SequencePoint vc="1" uspid="2200" ordinal="2" offset="96" sl="66" sc="13" el="66" ec="84" bec="2" bev="1" fileid="94" />
              </SequencePoints>
              <BranchPoints>
                <BranchPoint vc="1" uspid="2202" ordinal="0" offset="151" sl="66" path="0" offsetend="153" fileid="94" />
                <BranchPoint vc="0" uspid="2203" ordinal="1" offset="151" sl="66" path="1" offsetend="217" fileid="94" />
              </BranchPoints>
              <MethodPoint vc="2" uspid="2204" ordinal="0" offset="0" />
            </Method>
            <Method visited="false" cyclomaticComplexity="1" nPathComplexity="0" sequenceCoverage="0" branchCoverage="0" crapScore="2" isConstructor="false" isStatic="false" isGetter="false" isSetter="false">
              <Summary numSequencePoints="0" visitedSequencePoints="0" numBranchPoints="0" visitedBranchPoints="0" sequenceCoverage="0" branchCoverage="0" maxCyclomaticComplexity="1" minCyclomaticComplexity="1" maxCrapScore="2" minCrapScore="2" visitedClasses="0" numClasses="0" visitedMethods="0" numMethods="0" />
              <MetadataToken>100663588</MetadataToken>
              <Name>System.Void OpenCollections.ConcurrentProducer`1/&lt;ProduceAsync&gt;d__38::SetStateMachine(System.Runtime.CompilerServices.IAsyncStateMachine)</Name>
              <SequencePoints />
              <BranchPoints />
              <MethodPoint vc="0" uspid="2205" ordinal="0" offset="0" />
            </Method>
          </Methods>
        </Class>
        <Class>
          <Summary numSequencePoints="2" visitedSequencePoints="2" numBranchPoints="3" visitedBranchPoints="2" sequenceCoverage="100" branchCoverage="66.67" maxCyclomaticComplexity="3" minCyclomaticComplexity="1" maxCrapScore="3" minCrapScore="2" visitedClasses="1" numClasses="1" visitedMethods="1" numMethods="1" />
          <FullName>OpenCollections.ConcurrentProducer`1/&lt;InvokeAsync&gt;d__45</FullName>
          <Methods>
            <Method visited="false" cyclomaticComplexity="1" nPathComplexity="0" sequenceCoverage="0" branchCoverage="0" crapScore="2" isConstructor="true" isStatic="false" isGetter="false" isSetter="false">
              <Summary numSequencePoints="0" visitedSequencePoints="0" numBranchPoints="0" visitedBranchPoints="0" sequenceCoverage="0" branchCoverage="0" maxCyclomaticComplexity="1" minCyclomaticComplexity="1" maxCrapScore="2" minCrapScore="2" visitedClasses="0" numClasses="0" visitedMethods="0" numMethods="0" />
              <MetadataToken>100663589</MetadataToken>
              <Name>System.Void OpenCollections.ConcurrentProducer`1/&lt;InvokeAsync&gt;d__45::.ctor()</Name>
              <SequencePoints />
              <BranchPoints />
              <MethodPoint vc="0" uspid="2206" ordinal="0" offset="0" />
            </Method>
            <Method visited="true" cyclomaticComplexity="3" nPathComplexity="2" sequenceCoverage="100" branchCoverage="66.67" crapScore="3" isConstructor="false" isStatic="false" isGetter="false" isSetter="false">
              <Summary numSequencePoints="2" visitedSequencePoints="2" numBranchPoints="3" visitedBranchPoints="2" sequenceCoverage="100" branchCoverage="66.67" maxCyclomaticComplexity="3" minCyclomaticComplexity="3" maxCrapScore="3" minCrapScore="3" visitedClasses="0" numClasses="0" visitedMethods="1" numMethods="1" />
              <MetadataToken>100663590</MetadataToken>
              <Name>System.Void OpenCollections.ConcurrentProducer`1/&lt;InvokeAsync&gt;d__45::MoveNext()</Name>
              <FileRef uid="94" />
              <SequencePoints>
                <SequencePoint vc="1" uspid="2207" ordinal="0" offset="14" sl="159" sc="9" el="159" ec="10" bec="0" bev="0" fileid="94" />
                <SequencePoint vc="1" uspid="2208" ordinal="1" offset="15" sl="160" sc="13" el="160" ec="61" bec="2" bev="1" fileid="94" />
              </SequencePoints>
              <BranchPoints>
                <BranchPoint vc="1" uspid="2210" ordinal="0" offset="54" sl="160" path="0" offsetend="56" fileid="94" />
                <BranchPoint vc="0" uspid="2211" ordinal="1" offset="54" sl="160" path="1" offsetend="120" fileid="94" />
              </BranchPoints>
              <MethodPoint vc="2" uspid="2212" ordinal="0" offset="0" />
            </Method>
            <Method visited="false" cyclomaticComplexity="1" nPathComplexity="0" sequenceCoverage="0" branchCoverage="0" crapScore="2" isConstructor="false" isStatic="false" isGetter="false" isSetter="false">
              <Summary numSequencePoints="0" visitedSequencePoints="0" numBranchPoints="0" visitedBranchPoints="0" sequenceCoverage="0" branchCoverage="0" maxCyclomaticComplexity="1" minCyclomaticComplexity="1" maxCrapScore="2" minCrapScore="2" visitedClasses="0" numClasses="0" visitedMethods="0" numMethods="0" />
              <MetadataToken>100663591</MetadataToken>
              <Name>System.Void OpenCollections.ConcurrentProducer`1/&lt;InvokeAsync&gt;d__45::SetStateMachine(System.Runtime.CompilerServices.IAsyncStateMachine)</Name>
              <SequencePoints />
              <BranchPoints />
              <MethodPoint vc="0" uspid="2213" ordinal="0" offset="0" />
            </Method>
          </Methods>
        </Class>
        <Class>
          <Summary numSequencePoints="39" visitedSequencePoints="23" numBranchPoints="24" visitedBranchPoints="13" sequenceCoverage="58.97" branchCoverage="54.17" maxCyclomaticComplexity="5" minCyclomaticComplexity="2" maxCrapScore="11.10" minCrapScore="3.43" visitedClasses="1" numClasses="1" visitedMethods="3" numMethods="4" />
          <FullName>OpenCollections.Helpers.Consumer</FullName>
          <Methods>
            <Method visited="false" cyclomaticComplexity="2" nPathComplexity="2" sequenceCoverage="0" branchCoverage="0" crapScore="6" isConstructor="false" isStatic="true" isGetter="false" isSetter="false">
              <Summary numSequencePoints="7" visitedSequencePoints="0" numBranchPoints="3" visitedBranchPoints="0" sequenceCoverage="0" branchCoverage="0" maxCyclomaticComplexity="2" minCyclomaticComplexity="2" maxCrapScore="6" minCrapScore="6" visitedClasses="0" numClasses="0" visitedMethods="0" numMethods="1" />
              <MetadataToken>100663503</MetadataToken>
              <Name>System.Boolean OpenCollections.Helpers.Consumer::TryAddBufferItem(System.Collections.Generic.IList`1&lt;T&gt;,System.Collections.Concurrent.IProducerConsumerCollection`1&lt;T&gt;)</Name>
              <FileRef uid="99" />
              <SequencePoints>
                <SequencePoint vc="0" uspid="2214" ordinal="0" offset="0" sl="28" sc="9" el="28" ec="10" bec="0" bev="0" fileid="99" />
                <SequencePoint vc="0" uspid="2215" ordinal="1" offset="1" sl="30" sc="13" el="30" ec="52" bec="2" bev="0" fileid="99" />
                <SequencePoint vc="0" uspid="2216" ordinal="2" offset="18" sl="31" sc="13" el="31" ec="14" bec="0" bev="0" fileid="99" />
                <SequencePoint vc="0" uspid="2217" ordinal="3" offset="19" sl="33" sc="17" el="33" ec="36" bec="0" bev="0" fileid="99" />
                <SequencePoint vc="0" uspid="2218" ordinal="4" offset="27" sl="34" sc="17" el="34" ec="29" bec="0" bev="0" fileid="99" />
                <SequencePoint vc="0" uspid="2219" ordinal="5" offset="31" sl="36" sc="13" el="36" ec="26" bec="0" bev="0" fileid="99" />
                <SequencePoint vc="0" uspid="2220" ordinal="6" offset="35" sl="37" sc="9" el="37" ec="10" bec="0" bev="0" fileid="99" />
              </SequencePoints>
              <BranchPoints>
                <BranchPoint vc="0" uspid="2221" ordinal="0" offset="16" sl="30" path="0" offsetend="18" fileid="99" />
                <BranchPoint vc="0" uspid="2222" ordinal="1" offset="16" sl="30" path="1" offsetend="31" fileid="99" />
              </BranchPoints>
              <MethodPoint xsi:type="SequencePoint" vc="0" uspid="2214" ordinal="0" offset="0" sl="28" sc="9" el="28" ec="10" bec="0" bev="0" fileid="99" />
            </Method>
            <Method visited="true" cyclomaticComplexity="5" nPathComplexity="8" sequenceCoverage="37.5" branchCoverage="42.86" crapScore="11.10" isConstructor="false" isStatic="true" isGetter="false" isSetter="false">
              <Summary numSequencePoints="8" visitedSequencePoints="3" numBranchPoints="7" visitedBranchPoints="3" sequenceCoverage="37.5" branchCoverage="42.86" maxCyclomaticComplexity="5" minCyclomaticComplexity="5" maxCrapScore="11.10" minCrapScore="11.10" visitedClasses="0" numClasses="0" visitedMethods="1" numMethods="1" />
              <MetadataToken>100663504</MetadataToken>
              <Name>System.Void OpenCollections.Helpers.Consumer::TryEmptyBuffer(System.Collections.Generic.IList`1&lt;T&gt;,System.Collections.Concurrent.IProducerConsumerCollection`1&lt;T&gt;,System.Boolean)</Name>
              <FileRef uid="99" />
              <SequencePoints>
                <SequencePoint vc="2177" uspid="2223" ordinal="0" offset="0" sl="46" sc="9" el="46" ec="10" bec="0" bev="0" fileid="99" />
                <SequencePoint vc="0" uspid="2224" ordinal="1" offset="3" sl="49" sc="13" el="49" ec="14" bec="0" bev="0" fileid="99" />
                <SequencePoint vc="0" uspid="2225" ordinal="2" offset="4" sl="50" sc="17" el="50" ec="89" bec="2" bev="0" fileid="99" />
                <SequencePoint vc="0" uspid="2226" ordinal="3" offset="20" sl="51" sc="17" el="51" ec="18" bec="0" bev="0" fileid="99" />
                <SequencePoint vc="0" uspid="2227" ordinal="4" offset="21" sl="52" sc="21" el="52" ec="28" bec="0" bev="0" fileid="99" />
                <SequencePoint vc="0" uspid="2228" ordinal="5" offset="23" sl="54" sc="13" el="54" ec="14" bec="0" bev="0" fileid="99" />
                <SequencePoint vc="2177" uspid="2229" ordinal="6" offset="24" sl="48" sc="13" el="48" ec="38" bec="4" bev="2" fileid="99" />
                <SequencePoint vc="2176" uspid="2230" ordinal="7" offset="43" sl="55" sc="9" el="55" ec="10" bec="0" bev="0" fileid="99" />
              </SequencePoints>
              <BranchPoints>
                <BranchPoint vc="0" uspid="2231" ordinal="0" offset="18" sl="50" path="0" offsetend="20" fileid="99" />
                <BranchPoint vc="0" uspid="2232" ordinal="1" offset="18" sl="50" path="1" offsetend="23" fileid="99" />
                <BranchPoint vc="0" uspid="2233" ordinal="2" offset="25" sl="48" path="0" offsetend="27" fileid="99" />
                <BranchPoint vc="2177" uspid="2234" ordinal="3" offset="25" sl="48" path="1" offsetend="30" fileid="99" />
                <BranchPoint vc="2177" uspid="2235" ordinal="4" offset="41" sl="48" path="0" offsetend="43" fileid="99" />
                <BranchPoint vc="0" uspid="2236" ordinal="5" offset="41" sl="48" path="1" offsetend="3" fileid="99" />
              </BranchPoints>
              <MethodPoint xsi:type="SequencePoint" vc="2177" uspid="2223" ordinal="0" offset="0" sl="46" sc="9" el="46" ec="10" bec="0" bev="0" fileid="99" />
            </Method>
            <Method visited="true" cyclomaticComplexity="5" nPathComplexity="16" sequenceCoverage="100" branchCoverage="77.78" crapScore="5" isConstructor="false" isStatic="true" isGetter="false" isSetter="false">
              <Summary numSequencePoints="13" visitedSequencePoints="13" numBranchPoints="9" visitedBranchPoints="7" sequenceCoverage="100" branchCoverage="77.78" maxCyclomaticComplexity="5" minCyclomaticComplexity="5" maxCrapScore="5" minCrapScore="5" visitedClasses="0" numClasses="0" visitedMethods="1" numMethods="1" />
              <MetadataToken>100663505</MetadataToken>
              <Name>System.Void OpenCollections.Helpers.Consumer::ConsumeItems(System.Collections.Concurrent.IProducerConsumerCollection`1&lt;T&gt;,System.Collections.Concurrent.IProducerConsumerCollection`1&lt;TResult&gt;,System.Collections.Generic.IList`1&lt;TResult&gt;,System.Func`2&lt;T,TResult&gt;&amp;,System.Action&amp;,System.Threading.CancellationToken,System.Func`2&lt;System.Threading.CancellationToken,System.Threading.Tasks.Task&gt;&amp;)</Name>
              <FileRef uid="99" />
              <SequencePoints>
                <SequencePoint vc="220" uspid="2237" ordinal="0" offset="0" sl="67" sc="9" el="67" ec="10" bec="0" bev="0" fileid="99" />
                <SequencePoint vc="552" uspid="2238" ordinal="1" offset="3" sl="70" sc="13" el="70" ec="14" bec="0" bev="0" fileid="99" />
                <SequencePoint vc="552" uspid="2239" ordinal="2" offset="4" sl="71" sc="17" el="71" ec="54" bec="0" bev="0" fileid="99" />
                <SequencePoint vc="552" uspid="2240" ordinal="3" offset="12" sl="74" sc="17" el="74" ec="65" bec="0" bev="0" fileid="99" />
                <SequencePoint vc="552" uspid="2241" ordinal="4" offset="21" sl="77" sc="17" el="77" ec="94" bec="2" bev="1" fileid="99" />
                <SequencePoint vc="552" uspid="2242" ordinal="5" offset="34" sl="78" sc="17" el="78" ec="18" bec="0" bev="0" fileid="99" />
                <SequencePoint vc="552" uspid="2243" ordinal="6" offset="35" sl="79" sc="21" el="79" ec="49" bec="2" bev="2" fileid="99" />
                <SequencePoint vc="551" uspid="2244" ordinal="7" offset="50" sl="80" sc="21" el="80" ec="59" bec="2" bev="1" fileid="99" />
                <SequencePoint vc="551" uspid="2245" ordinal="8" offset="67" sl="81" sc="17" el="81" ec="18" bec="0" bev="0" fileid="99" />
                <SequencePoint vc="551" uspid="2246" ordinal="9" offset="68" sl="82" sc="13" el="82" ec="14" bec="0" bev="0" fileid="99" />
                <SequencePoint vc="771" uspid="2247" ordinal="10" offset="69" sl="69" sc="13" el="69" ec="43" bec="2" bev="2" fileid="99" />
                <SequencePoint vc="219" uspid="2248" ordinal="11" offset="82" sl="85" sc="13" el="85" ec="82" bec="0" bev="0" fileid="99" />
                <SequencePoint vc="219" uspid="2249" ordinal="12" offset="91" sl="86" sc="9" el="86" ec="10" bec="0" bev="0" fileid="99" />
              </SequencePoints>
              <BranchPoints>
                <BranchPoint vc="552" uspid="2250" ordinal="0" offset="32" sl="77" path="0" offsetend="34" fileid="99" />
                <BranchPoint vc="0" uspid="2251" ordinal="1" offset="32" sl="77" path="1" offsetend="68" fileid="99" />
                <BranchPoint vc="217" uspid="2252" ordinal="2" offset="39" sl="79" path="0" offsetend="41" fileid="99" />
                <BranchPoint vc="335" uspid="2253" ordinal="3" offset="39" sl="79" path="1" offsetend="44" fileid="99" />
                <BranchPoint vc="551" uspid="2254" ordinal="4" offset="54" sl="80" path="0" offsetend="56" fileid="99" />
                <BranchPoint vc="0" uspid="2255" ordinal="5" offset="54" sl="80" path="1" offsetend="59" fileid="99" />
                <BranchPoint vc="219" uspid="2256" ordinal="6" offset="80" sl="69" path="0" offsetend="82" fileid="99" />
                <BranchPoint vc="552" uspid="2257" ordinal="7" offset="80" sl="69" path="1" offsetend="3" fileid="99" />
              </BranchPoints>
              <MethodPoint xsi:type="SequencePoint" vc="220" uspid="2237" ordinal="0" offset="0" sl="67" sc="9" el="67" ec="10" bec="0" bev="0" fileid="99" />
            </Method>
            <Method visited="true" cyclomaticComplexity="3" nPathComplexity="4" sequenceCoverage="63.64" branchCoverage="60" crapScore="3.43" isConstructor="false" isStatic="true" isGetter="false" isSetter="false">
              <Summary numSequencePoints="11" visitedSequencePoints="7" numBranchPoints="5" visitedBranchPoints="3" sequenceCoverage="63.64" branchCoverage="60" maxCyclomaticComplexity="3" minCyclomaticComplexity="3" maxCrapScore="3.43" minCrapScore="3.43" visitedClasses="0" numClasses="0" visitedMethods="1" numMethods="1" />
              <MetadataToken>100663506</MetadataToken>
              <Name>System.Boolean OpenCollections.Helpers.Consumer::TryConsumeItem(System.Collections.Concurrent.IProducerConsumerCollection`1&lt;T&gt;,System.Collections.Concurrent.IProducerConsumerCollection`1&lt;TResult&gt;,System.Collections.Generic.IList`1&lt;TResult&gt;,System.Func`2&lt;T,TResult&gt;&amp;)</Name>
              <FileRef uid="99" />
              <SequencePoints>
                <SequencePoint vc="552" uspid="2258" ordinal="0" offset="0" sl="99" sc="9" el="99" ec="10" bec="0" bev="0" fileid="99" />
                <SequencePoint vc="552" uspid="2259" ordinal="1" offset="1" sl="101" sc="13" el="101" ec="50" bec="2" bev="1" fileid="99" />
                <SequencePoint vc="552" uspid="2260" ordinal="2" offset="13" sl="102" sc="13" el="102" ec="14" bec="0" bev="0" fileid="99" />
                <SequencePoint vc="552" uspid="2261" ordinal="3" offset="14" sl="104" sc="17" el="104" ec="50" bec="0" bev="0" fileid="99" />
                <SequencePoint vc="552" uspid="2262" ordinal="4" offset="23" sl="107" sc="17" el="107" ec="59" bec="2" bev="1" fileid="99" />
                <SequencePoint vc="0" uspid="2263" ordinal="5" offset="37" sl="108" sc="17" el="108" ec="18" bec="0" bev="0" fileid="99" />
                <SequencePoint vc="0" uspid="2264" ordinal="6" offset="38" sl="109" sc="21" el="109" ec="50" bec="0" bev="0" fileid="99" />
                <SequencePoint vc="0" uspid="2265" ordinal="7" offset="46" sl="110" sc="21" el="110" ec="34" bec="0" bev="0" fileid="99" />
                <SequencePoint vc="552" uspid="2266" ordinal="8" offset="51" sl="112" sc="17" el="112" ec="29" bec="0" bev="0" fileid="99" />
                <SequencePoint vc="0" uspid="2267" ordinal="9" offset="56" sl="114" sc="13" el="114" ec="26" bec="0" bev="0" fileid="99" />
                <SequencePoint vc="552" uspid="2268" ordinal="10" offset="61" sl="115" sc="9" el="115" ec="10" bec="0" bev="0" fileid="99" />
              </SequencePoints>
              <BranchPoints>
                <BranchPoint vc="552" uspid="2269" ordinal="0" offset="11" sl="101" path="0" offsetend="13" fileid="99" />
                <BranchPoint vc="0" uspid="2270" ordinal="1" offset="11" sl="101" path="1" offsetend="56" fileid="99" />
                <BranchPoint vc="0" uspid="2271" ordinal="2" offset="35" sl="107" path="0" offsetend="37" fileid="99" />
                <BranchPoint vc="552" uspid="2272" ordinal="3" offset="35" sl="107" path="1" offsetend="51" fileid="99" />
              </BranchPoints>
              <MethodPoint xsi:type="SequencePoint" vc="552" uspid="2258" ordinal="0" offset="0" sl="99" sc="9" el="99" ec="10" bec="0" bev="0" fileid="99" />
            </Method>
          </Methods>
        </Class>
      </Classes>
    </Module>
    <Module skippedDueTo="Filter" hash="B8-F5-F3-D5-06-36-35-76-5B-E0-BE-AB-80-32-9A-0C-1D-A8-76-19">
      <ModulePath>C:\_Programming\Repos\OpenCollections\OpenCollections.Test\bin\Debug\xunit.assert.dll</ModulePath>
      <ModuleTime>2018-10-29T08:16:52Z</ModuleTime>
      <ModuleName>xunit.assert</ModuleName>
      <Classes />
    </Module>
    <Module skippedDueTo="Filter" hash="82-88-81-ED-E2-5C-2F-15-13-6B-EA-3F-F7-28-86-26-2A-4C-DB-9A">
      <ModulePath>C:\Windows\Microsoft.Net\assembly\GAC_MSIL\System.Linq\v4.0_4.0.0.0__b03f5f7f11d50a3a\System.Linq.dll</ModulePath>
      <ModuleTime>2019-12-07T09:10:36.086204Z</ModuleTime>
      <ModuleName>System.Linq</ModuleName>
      <Classes />
    </Module>
  </Modules>
</CoverageSession>